[2025-01-16T19:48:52.169+0000] {taskinstance.py:1159} INFO - Dependencies all met for dep_context=non-requeueable deps ti=<TaskInstance: etl_process_with_excel_report.extract_data manual__2025-01-16T19:34:14.698350+00:00 [queued]>
[2025-01-16T19:48:52.248+0000] {taskinstance.py:1159} INFO - Dependencies all met for dep_context=requeueable deps ti=<TaskInstance: etl_process_with_excel_report.extract_data manual__2025-01-16T19:34:14.698350+00:00 [queued]>
[2025-01-16T19:48:52.300+0000] {taskinstance.py:1361} INFO - Starting attempt 5 of 5
[2025-01-16T19:48:52.402+0000] {taskinstance.py:1382} INFO - Executing <Task(PythonOperator): extract_data> on 2025-01-16 19:34:14.698350+00:00
[2025-01-16T19:48:52.499+0000] {standard_task_runner.py:57} INFO - Started process 209 to run task
[2025-01-16T19:48:52.510+0000] {standard_task_runner.py:84} INFO - Running: ['***', 'tasks', 'run', 'etl_process_with_excel_report', 'extract_data', 'manual__2025-01-16T19:34:14.698350+00:00', '--job-id', '15', '--raw', '--subdir', 'DAGS_FOLDER/db_to_xls.py', '--cfg-path', '/tmp/tmppomviboh']
[2025-01-16T19:48:52.516+0000] {standard_task_runner.py:85} INFO - Job 15: Subtask extract_data
[2025-01-16T19:48:52.630+0000] {task_command.py:415} INFO - Running <TaskInstance: etl_process_with_excel_report.extract_data manual__2025-01-16T19:34:14.698350+00:00 [running]> on host a2a216e8ef88
[2025-01-16T19:48:52.952+0000] {taskinstance.py:1660} INFO - Exporting env vars: AIRFLOW_CTX_DAG_OWNER='***' AIRFLOW_CTX_DAG_ID='etl_process_with_excel_report' AIRFLOW_CTX_TASK_ID='extract_data' AIRFLOW_CTX_EXECUTION_DATE='2025-01-16T19:34:14.698350+00:00' AIRFLOW_CTX_TRY_NUMBER='5' AIRFLOW_CTX_DAG_RUN_ID='manual__2025-01-16T19:34:14.698350+00:00'
[2025-01-16T19:48:53.033+0000] {base.py:73} INFO - Using connection ID 'local_***' for task execution.
[2025-01-16T19:48:53.124+0000] {db_to_xls.py:30} ERROR - Error extracting data: connection to server at "host.docker.internal" (192.168.65.2), port 5432 failed: FATAL:  database "sprout" does not exist

[2025-01-16T19:48:53.127+0000] {taskinstance.py:1943} ERROR - Task failed with exception
Traceback (most recent call last):
  File "/home/airflow/.local/lib/python3.9/site-packages/airflow/operators/python.py", line 192, in execute
    return_value = self.execute_callable()
  File "/home/airflow/.local/lib/python3.9/site-packages/airflow/operators/python.py", line 209, in execute_callable
    return self.python_callable(*self.op_args, **self.op_kwargs)
  File "/opt/airflow/dags/db_to_xls.py", line 23, in extract_data
    df = postgres_hook.get_pandas_df(query)
  File "/home/airflow/.local/lib/python3.9/site-packages/airflow/providers/common/sql/hooks/sql.py", line 218, in get_pandas_df
    with closing(self.get_conn()) as conn:
  File "/home/airflow/.local/lib/python3.9/site-packages/airflow/providers/postgres/hooks/postgres.py", line 154, in get_conn
    self.conn = psycopg2.connect(**conn_args)
  File "/home/airflow/.local/lib/python3.9/site-packages/psycopg2/__init__.py", line 122, in connect
    conn = _connect(dsn, connection_factory=connection_factory, **kwasync)
psycopg2.OperationalError: connection to server at "host.docker.internal" (192.168.65.2), port 5432 failed: FATAL:  database "sprout" does not exist

[2025-01-16T19:48:53.191+0000] {taskinstance.py:1400} INFO - Marking task as FAILED. dag_id=etl_process_with_excel_report, task_id=extract_data, execution_date=20250116T193414, start_date=20250116T194852, end_date=20250116T194853
[2025-01-16T19:48:53.215+0000] {standard_task_runner.py:104} ERROR - Failed to execute job 15 for task extract_data (connection to server at "host.docker.internal" (192.168.65.2), port 5432 failed: FATAL:  database "sprout" does not exist
; 209)
[2025-01-16T19:48:53.294+0000] {local_task_job_runner.py:228} INFO - Task exited with return code 1
[2025-01-16T19:48:53.353+0000] {taskinstance.py:2784} INFO - 0 downstream tasks scheduled from follow-on schedule check
