[2025-01-29T11:42:28.703+0000] {taskinstance.py:1159} INFO - Dependencies all met for dep_context=non-requeueable deps ti=<TaskInstance: load_raw_data.load_csv_to_postgres manual__2025-01-29T11:42:21.993302+00:00 [queued]>
[2025-01-29T11:42:28.716+0000] {taskinstance.py:1159} INFO - Dependencies all met for dep_context=requeueable deps ti=<TaskInstance: load_raw_data.load_csv_to_postgres manual__2025-01-29T11:42:21.993302+00:00 [queued]>
[2025-01-29T11:42:28.718+0000] {taskinstance.py:1361} INFO - Starting attempt 1 of 1
[2025-01-29T11:42:28.786+0000] {taskinstance.py:1382} INFO - Executing <Task(PythonOperator): load_csv_to_postgres> on 2025-01-29 11:42:21.993302+00:00
[2025-01-29T11:42:28.817+0000] {standard_task_runner.py:57} INFO - Started process 732 to run task
[2025-01-29T11:42:28.826+0000] {standard_task_runner.py:84} INFO - Running: ['***', 'tasks', 'run', 'load_raw_data', 'load_csv_to_postgres', 'manual__2025-01-29T11:42:21.993302+00:00', '--job-id', '11', '--raw', '--subdir', 'DAGS_FOLDER/etl_dag.py', '--cfg-path', '/tmp/tmpms4yihjb']
[2025-01-29T11:42:28.833+0000] {standard_task_runner.py:85} INFO - Job 11: Subtask load_csv_to_postgres
[2025-01-29T11:42:29.083+0000] {task_command.py:415} INFO - Running <TaskInstance: load_raw_data.load_csv_to_postgres manual__2025-01-29T11:42:21.993302+00:00 [running]> on host 2a134e86b715
[2025-01-29T11:42:29.377+0000] {taskinstance.py:1660} INFO - Exporting env vars: AIRFLOW_CTX_DAG_OWNER='***' AIRFLOW_CTX_DAG_ID='load_raw_data' AIRFLOW_CTX_TASK_ID='load_csv_to_postgres' AIRFLOW_CTX_EXECUTION_DATE='2025-01-29T11:42:21.993302+00:00' AIRFLOW_CTX_TRY_NUMBER='1' AIRFLOW_CTX_DAG_RUN_ID='manual__2025-01-29T11:42:21.993302+00:00'
[2025-01-29T11:42:29.584+0000] {base.py:73} INFO - Using connection ID 'local_***' for task execution.
[2025-01-29T11:42:43.040+0000] {logging_mixin.py:151} INFO - Truncated and loaded customers successfully into schema raw_data
[2025-01-29T11:42:56.099+0000] {logging_mixin.py:151} INFO - Truncated and loaded orders successfully into schema raw_data
[2025-01-29T11:43:15.254+0000] {logging_mixin.py:151} INFO - Truncated and loaded order_items successfully into schema raw_data
[2025-01-29T11:43:27.933+0000] {logging_mixin.py:151} INFO - Truncated and loaded order_payments successfully into schema raw_data
[2025-01-29T11:43:32.015+0000] {logging_mixin.py:151} INFO - Truncated and loaded products successfully into schema raw_data
[2025-01-29T11:43:32.461+0000] {logging_mixin.py:151} INFO - Truncated and loaded sellers successfully into schema raw_data
[2025-01-29T11:45:47.535+0000] {logging_mixin.py:151} INFO - Truncated and loaded geolocation successfully into schema raw_data
[2025-01-29T11:45:48.475+0000] {logging_mixin.py:151} INFO - Truncated and loaded product_category_translation successfully into schema raw_data
[2025-01-29T11:45:48.479+0000] {python.py:194} INFO - Done. Returned value was: None
[2025-01-29T11:45:48.832+0000] {taskinstance.py:1400} INFO - Marking task as SUCCESS. dag_id=load_raw_data, task_id=load_csv_to_***, execution_date=20250129T114221, start_date=20250129T114228, end_date=20250129T114548
[2025-01-29T11:45:49.912+0000] {local_task_job_runner.py:228} INFO - Task exited with return code 0
[2025-01-29T11:45:50.247+0000] {taskinstance.py:2784} INFO - 0 downstream tasks scheduled from follow-on schedule check
