[2025-01-17T17:45:15.110+0000] {taskinstance.py:1159} INFO - Dependencies all met for dep_context=non-requeueable deps ti=<TaskInstance: etl_process_with_excel_report.load_data manual__2025-01-17T17:24:34.119787+00:00 [queued]>
[2025-01-17T17:45:15.117+0000] {taskinstance.py:1159} INFO - Dependencies all met for dep_context=requeueable deps ti=<TaskInstance: etl_process_with_excel_report.load_data manual__2025-01-17T17:24:34.119787+00:00 [queued]>
[2025-01-17T17:45:15.118+0000] {taskinstance.py:1361} INFO - Starting attempt 6 of 6
[2025-01-17T17:45:15.128+0000] {taskinstance.py:1382} INFO - Executing <Task(PythonOperator): load_data> on 2025-01-17 17:24:34.119787+00:00
[2025-01-17T17:45:15.136+0000] {standard_task_runner.py:57} INFO - Started process 516 to run task
[2025-01-17T17:45:15.144+0000] {standard_task_runner.py:84} INFO - Running: ['***', 'tasks', 'run', 'etl_process_with_excel_report', 'load_data', 'manual__2025-01-17T17:24:34.119787+00:00', '--job-id', '72', '--raw', '--subdir', 'DAGS_FOLDER/db_to_xls.py', '--cfg-path', '/tmp/tmpcg5xqsaj']
[2025-01-17T17:45:15.150+0000] {standard_task_runner.py:85} INFO - Job 72: Subtask load_data
[2025-01-17T17:45:15.405+0000] {task_command.py:415} INFO - Running <TaskInstance: etl_process_with_excel_report.load_data manual__2025-01-17T17:24:34.119787+00:00 [running]> on host e075edadbc7d
[2025-01-17T17:45:15.855+0000] {taskinstance.py:1660} INFO - Exporting env vars: AIRFLOW_CTX_DAG_OWNER='***' AIRFLOW_CTX_DAG_ID='etl_process_with_excel_report' AIRFLOW_CTX_TASK_ID='load_data' AIRFLOW_CTX_EXECUTION_DATE='2025-01-17T17:24:34.119787+00:00' AIRFLOW_CTX_TRY_NUMBER='6' AIRFLOW_CTX_DAG_RUN_ID='manual__2025-01-17T17:24:34.119787+00:00'
[2025-01-17T17:45:16.208+0000] {db_to_xls.py:172} INFO - Loaded /tmp/user_profiling.csv with 14 rows and 9 columns.
[2025-01-17T17:45:16.217+0000] {db_to_xls.py:172} INFO - Loaded /tmp/transaction_totals_per_type.csv with 10 rows and 4 columns.
[2025-01-17T17:45:16.220+0000] {db_to_xls.py:172} INFO - Loaded /tmp/daily_activity_report.csv with 6 rows and 3 columns.
[2025-01-17T17:45:16.226+0000] {db_to_xls.py:274} ERROR - Error during data loading: Must specify a fill 'value' or 'method'.
[2025-01-17T17:45:16.227+0000] {taskinstance.py:1943} ERROR - Task failed with exception
Traceback (most recent call last):
  File "/home/airflow/.local/lib/python3.9/site-packages/airflow/operators/python.py", line 192, in execute
    return_value = self.execute_callable()
  File "/home/airflow/.local/lib/python3.9/site-packages/airflow/operators/python.py", line 209, in execute_callable
    return self.python_callable(*self.op_args, **self.op_kwargs)
  File "/opt/airflow/dags/db_to_xls.py", line 180, in load_data
    transactions_with_mdr = load_and_clean_csv(
  File "/opt/airflow/dags/db_to_xls.py", line 167, in load_and_clean_csv
    df[col] = df[col].fillna(default)
  File "/home/airflow/.local/lib/python3.9/site-packages/pandas/core/series.py", line 5145, in fillna
    return super().fillna(
  File "/home/airflow/.local/lib/python3.9/site-packages/pandas/core/generic.py", line 6859, in fillna
    value, method = validate_fillna_kwargs(value, method)
  File "/home/airflow/.local/lib/python3.9/site-packages/pandas/util/_validators.py", line 288, in validate_fillna_kwargs
    raise ValueError("Must specify a fill 'value' or 'method'.")
ValueError: Must specify a fill 'value' or 'method'.
[2025-01-17T17:45:16.249+0000] {taskinstance.py:1400} INFO - Marking task as FAILED. dag_id=etl_process_with_excel_report, task_id=load_data, execution_date=20250117T172434, start_date=20250117T174515, end_date=20250117T174516
[2025-01-17T17:45:16.259+0000] {standard_task_runner.py:104} ERROR - Failed to execute job 72 for task load_data (Must specify a fill 'value' or 'method'.; 516)
[2025-01-17T17:45:16.300+0000] {local_task_job_runner.py:228} INFO - Task exited with return code 1
[2025-01-17T17:45:16.429+0000] {taskinstance.py:2784} INFO - 0 downstream tasks scheduled from follow-on schedule check
