[2025-01-17T17:46:34.244+0000] {taskinstance.py:1159} INFO - Dependencies all met for dep_context=non-requeueable deps ti=<TaskInstance: etl_process_with_excel_report.load_data manual__2025-01-17T17:24:34.119787+00:00 [queued]>
[2025-01-17T17:46:34.251+0000] {taskinstance.py:1159} INFO - Dependencies all met for dep_context=requeueable deps ti=<TaskInstance: etl_process_with_excel_report.load_data manual__2025-01-17T17:24:34.119787+00:00 [queued]>
[2025-01-17T17:46:34.252+0000] {taskinstance.py:1361} INFO - Starting attempt 7 of 7
[2025-01-17T17:46:34.261+0000] {taskinstance.py:1382} INFO - Executing <Task(PythonOperator): load_data> on 2025-01-17 17:24:34.119787+00:00
[2025-01-17T17:46:34.278+0000] {standard_task_runner.py:57} INFO - Started process 537 to run task
[2025-01-17T17:46:34.285+0000] {standard_task_runner.py:84} INFO - Running: ['***', 'tasks', 'run', 'etl_process_with_excel_report', 'load_data', 'manual__2025-01-17T17:24:34.119787+00:00', '--job-id', '73', '--raw', '--subdir', 'DAGS_FOLDER/db_to_xls.py', '--cfg-path', '/tmp/tmphf_eapv6']
[2025-01-17T17:46:34.290+0000] {standard_task_runner.py:85} INFO - Job 73: Subtask load_data
[2025-01-17T17:46:34.520+0000] {task_command.py:415} INFO - Running <TaskInstance: etl_process_with_excel_report.load_data manual__2025-01-17T17:24:34.119787+00:00 [running]> on host e075edadbc7d
[2025-01-17T17:46:34.808+0000] {taskinstance.py:1660} INFO - Exporting env vars: AIRFLOW_CTX_DAG_OWNER='***' AIRFLOW_CTX_DAG_ID='etl_process_with_excel_report' AIRFLOW_CTX_TASK_ID='load_data' AIRFLOW_CTX_EXECUTION_DATE='2025-01-17T17:24:34.119787+00:00' AIRFLOW_CTX_TRY_NUMBER='7' AIRFLOW_CTX_DAG_RUN_ID='manual__2025-01-17T17:24:34.119787+00:00'
[2025-01-17T17:46:35.021+0000] {db_to_xls.py:175} INFO - Loaded /tmp/user_profiling.csv with 14 rows and 9 columns.
[2025-01-17T17:46:35.065+0000] {db_to_xls.py:175} INFO - Loaded /tmp/transaction_totals_per_type.csv with 10 rows and 4 columns.
[2025-01-17T17:46:35.071+0000] {db_to_xls.py:175} INFO - Loaded /tmp/daily_activity_report.csv with 6 rows and 3 columns.
[2025-01-17T17:46:35.081+0000] {db_to_xls.py:170} WARNING - No default value provided for column 'phone'. Skipping fillna.
[2025-01-17T17:46:35.086+0000] {db_to_xls.py:175} INFO - Loaded /tmp/transactions_with_mdr_df.csv with 14 rows and 15 columns.
[2025-01-17T17:46:35.088+0000] {db_to_xls.py:198} INFO - Checking for missing values in transactions_with_mdr:
[2025-01-17T17:46:35.091+0000] {db_to_xls.py:199} INFO - transaction_id                0
user_id                       0
transaction_amount            0
timestamp                     0
name                          0
email                         0
phone                         3
membership_id                 0
membership_type               0
purchase_date                 0
expiry_date                   0
mdr_id                        0
mdr_percentage                0
membership_purchase_status    0
effective_amount              0
dtype: int64
[2025-01-17T17:46:35.163+0000] {base.py:73} INFO - Using connection ID 'local_***' for task execution.
[2025-01-17T17:46:35.258+0000] {sql.py:418} INFO - Running statement: 
                CREATE TABLE IF NOT EXISTS sprout.user_profiling (
                    user_id INT,
                    name TEXT,
                    timestamp TIMESTAMP,
                    membership_type TEXT,
                    membership_purchase_status TEXT,
                    mdr_percentage FLOAT,
                    first_transaction TIMESTAMP,
                    invoice_total_count INT,
                    invoice_total_amount FLOAT
                );
            , parameters: None
[2025-01-17T17:46:35.282+0000] {base.py:73} INFO - Using connection ID 'local_***' for task execution.
[2025-01-17T17:46:35.295+0000] {sql.py:418} INFO - Running statement: TRUNCATE TABLE sprout.user_profiling;, parameters: None
[2025-01-17T17:46:35.308+0000] {db_to_xls.py:259} INFO - Table sprout.user_profiling truncated.
[2025-01-17T17:46:35.319+0000] {base.py:73} INFO - Using connection ID 'local_***' for task execution.
[2025-01-17T17:46:35.331+0000] {sql.py:418} INFO - Running statement: 
                CREATE TABLE IF NOT EXISTS sprout.transaction_totals_per_type (
                    timestamp TIMESTAMP,
                    membership_type TEXT,
                    invoice_total_count INT,
                    invoice_total_amount FLOAT
                );
            , parameters: None
[2025-01-17T17:46:35.346+0000] {base.py:73} INFO - Using connection ID 'local_***' for task execution.
[2025-01-17T17:46:35.358+0000] {sql.py:418} INFO - Running statement: TRUNCATE TABLE sprout.transaction_totals_per_type;, parameters: None
[2025-01-17T17:46:35.365+0000] {db_to_xls.py:259} INFO - Table sprout.transaction_totals_per_type truncated.
[2025-01-17T17:46:35.381+0000] {base.py:73} INFO - Using connection ID 'local_***' for task execution.
[2025-01-17T17:46:35.405+0000] {sql.py:418} INFO - Running statement: 
                CREATE TABLE IF NOT EXISTS sprout.daily_activity_report (
                    timestamp TIMESTAMP,
                    invoice_total_count INT,
                    invoice_total_amount FLOAT
                );
            , parameters: None
[2025-01-17T17:46:35.465+0000] {base.py:73} INFO - Using connection ID 'local_***' for task execution.
[2025-01-17T17:46:35.513+0000] {sql.py:418} INFO - Running statement: TRUNCATE TABLE sprout.daily_activity_report;, parameters: None
[2025-01-17T17:46:35.523+0000] {db_to_xls.py:259} INFO - Table sprout.daily_activity_report truncated.
[2025-01-17T17:46:35.543+0000] {base.py:73} INFO - Using connection ID 'local_***' for task execution.
[2025-01-17T17:46:35.601+0000] {sql.py:418} INFO - Running statement: 
                CREATE TABLE IF NOT EXISTS sprout.transactions_with_mdr (
                    transaction_id INT,
                    user_id INT,
                    transaction_amount FLOAT,
                    timestamp TIMESTAMP,
                    name TEXT,
                    email TEXT,
                    phone TEXT,
                    membership_id FLOAT,
                    membership_type TEXT,
                    purchase_date DATE,
                    expiry_date DATE,
                    mdr_id FLOAT,
                    mdr_percentage FLOAT,
                    membership_purchase_status TEXT,
                    effective_amount FLOAT
                );
            , parameters: None
[2025-01-17T17:46:35.619+0000] {base.py:73} INFO - Using connection ID 'local_***' for task execution.
[2025-01-17T17:46:35.675+0000] {sql.py:418} INFO - Running statement: TRUNCATE TABLE sprout.transactions_with_mdr;, parameters: None
[2025-01-17T17:46:35.716+0000] {db_to_xls.py:259} INFO - Table sprout.transactions_with_mdr truncated.
[2025-01-17T17:46:35.739+0000] {base.py:73} INFO - Using connection ID 'local_***' for task execution.
[2025-01-17T17:46:35.817+0000] {sql.py:515} INFO - Done loading. Loaded a total of 14 rows into sprout.user_profiling
[2025-01-17T17:46:35.819+0000] {db_to_xls.py:268} INFO - Inserted 14 rows into sprout.user_profiling.
[2025-01-17T17:46:35.873+0000] {base.py:73} INFO - Using connection ID 'local_***' for task execution.
[2025-01-17T17:46:35.902+0000] {sql.py:515} INFO - Done loading. Loaded a total of 10 rows into sprout.transaction_totals_per_type
[2025-01-17T17:46:35.903+0000] {db_to_xls.py:268} INFO - Inserted 10 rows into sprout.transaction_totals_per_type.
[2025-01-17T17:46:35.958+0000] {base.py:73} INFO - Using connection ID 'local_***' for task execution.
[2025-01-17T17:46:35.978+0000] {sql.py:515} INFO - Done loading. Loaded a total of 6 rows into sprout.daily_activity_report
[2025-01-17T17:46:35.980+0000] {db_to_xls.py:268} INFO - Inserted 6 rows into sprout.daily_activity_report.
[2025-01-17T17:46:36.038+0000] {base.py:73} INFO - Using connection ID 'local_***' for task execution.
[2025-01-17T17:46:36.108+0000] {sql.py:515} INFO - Done loading. Loaded a total of 14 rows into sprout.transactions_with_mdr
[2025-01-17T17:46:36.113+0000] {db_to_xls.py:268} INFO - Inserted 14 rows into sprout.transactions_with_mdr.
[2025-01-17T17:46:36.114+0000] {db_to_xls.py:275} INFO - Data loaded into PostgreSQL successfully.
[2025-01-17T17:46:36.116+0000] {python.py:194} INFO - Done. Returned value was: None
[2025-01-17T17:46:36.134+0000] {taskinstance.py:1400} INFO - Marking task as SUCCESS. dag_id=etl_process_with_excel_report, task_id=load_data, execution_date=20250117T172434, start_date=20250117T174634, end_date=20250117T174636
[2025-01-17T17:46:36.273+0000] {local_task_job_runner.py:228} INFO - Task exited with return code 0
[2025-01-17T17:46:36.389+0000] {taskinstance.py:2784} INFO - 1 downstream tasks scheduled from follow-on schedule check
