[2025-01-17T17:24:54.046+0000] {taskinstance.py:1159} INFO - Dependencies all met for dep_context=non-requeueable deps ti=<TaskInstance: etl_process_with_excel_report.load_data manual__2025-01-17T17:24:34.119787+00:00 [queued]>
[2025-01-17T17:24:54.061+0000] {taskinstance.py:1159} INFO - Dependencies all met for dep_context=requeueable deps ti=<TaskInstance: etl_process_with_excel_report.load_data manual__2025-01-17T17:24:34.119787+00:00 [queued]>
[2025-01-17T17:24:54.066+0000] {taskinstance.py:1361} INFO - Starting attempt 1 of 1
[2025-01-17T17:24:54.112+0000] {taskinstance.py:1382} INFO - Executing <Task(PythonOperator): load_data> on 2025-01-17 17:24:34.119787+00:00
[2025-01-17T17:24:54.224+0000] {standard_task_runner.py:57} INFO - Started process 259 to run task
[2025-01-17T17:24:54.244+0000] {standard_task_runner.py:84} INFO - Running: ['***', 'tasks', 'run', 'etl_process_with_excel_report', 'load_data', 'manual__2025-01-17T17:24:34.119787+00:00', '--job-id', '66', '--raw', '--subdir', 'DAGS_FOLDER/db_to_xls.py', '--cfg-path', '/tmp/tmp6hjt1m7u']
[2025-01-17T17:24:54.249+0000] {standard_task_runner.py:85} INFO - Job 66: Subtask load_data
[2025-01-17T17:24:54.455+0000] {task_command.py:415} INFO - Running <TaskInstance: etl_process_with_excel_report.load_data manual__2025-01-17T17:24:34.119787+00:00 [running]> on host e075edadbc7d
[2025-01-17T17:24:54.804+0000] {taskinstance.py:1660} INFO - Exporting env vars: AIRFLOW_CTX_DAG_OWNER='***' AIRFLOW_CTX_DAG_ID='etl_process_with_excel_report' AIRFLOW_CTX_TASK_ID='load_data' AIRFLOW_CTX_EXECUTION_DATE='2025-01-17T17:24:34.119787+00:00' AIRFLOW_CTX_TRY_NUMBER='1' AIRFLOW_CTX_DAG_RUN_ID='manual__2025-01-17T17:24:34.119787+00:00'
[2025-01-17T17:24:55.017+0000] {base.py:73} INFO - Using connection ID 'local_***' for task execution.
[2025-01-17T17:24:55.090+0000] {sql.py:418} INFO - Running statement: 
                CREATE TABLE IF NOT EXISTS sprout.user_profiling (
                    user_id INT,
                    name TEXT,
                    timestamp TIMESTAMP,
                    membership_type TEXT,
                    membership_purchase_status TEXT,
                    mdr_percentage FLOAT,
                    first_transaction TIMESTAMP,
                    invoice_total_count INT,
                    invoice_total_amount FLOAT
                );
            , parameters: None
[2025-01-17T17:24:55.112+0000] {base.py:73} INFO - Using connection ID 'local_***' for task execution.
[2025-01-17T17:24:55.180+0000] {sql.py:418} INFO - Running statement: TRUNCATE TABLE sprout.user_profiling;, parameters: None
[2025-01-17T17:24:55.193+0000] {db_to_xls.py:199} INFO - Table sprout.user_profiling truncated.
[2025-01-17T17:24:55.247+0000] {base.py:73} INFO - Using connection ID 'local_***' for task execution.
[2025-01-17T17:24:55.298+0000] {sql.py:418} INFO - Running statement: 
                CREATE TABLE IF NOT EXISTS sprout.transaction_totals_per_type (
                    timestamp TIMESTAMP,
                    membership_type TEXT,
                    invoice_total_count INT,
                    invoice_total_amount FLOAT
                );
            , parameters: None
[2025-01-17T17:24:55.318+0000] {base.py:73} INFO - Using connection ID 'local_***' for task execution.
[2025-01-17T17:24:55.334+0000] {sql.py:418} INFO - Running statement: TRUNCATE TABLE sprout.transaction_totals_per_type;, parameters: None
[2025-01-17T17:24:55.376+0000] {db_to_xls.py:199} INFO - Table sprout.transaction_totals_per_type truncated.
[2025-01-17T17:24:55.396+0000] {base.py:73} INFO - Using connection ID 'local_***' for task execution.
[2025-01-17T17:24:55.441+0000] {sql.py:418} INFO - Running statement: 
                CREATE TABLE IF NOT EXISTS sprout.daily_activity_report (
                    timestamp TIMESTAMP,
                    invoice_total_count INT,
                    invoice_total_amount FLOAT
                );
            , parameters: None
[2025-01-17T17:24:55.460+0000] {base.py:73} INFO - Using connection ID 'local_***' for task execution.
[2025-01-17T17:24:55.473+0000] {sql.py:418} INFO - Running statement: TRUNCATE TABLE sprout.daily_activity_report;, parameters: None
[2025-01-17T17:24:55.511+0000] {db_to_xls.py:199} INFO - Table sprout.daily_activity_report truncated.
[2025-01-17T17:24:55.529+0000] {base.py:73} INFO - Using connection ID 'local_***' for task execution.
[2025-01-17T17:24:55.547+0000] {sql.py:418} INFO - Running statement: 
                CREATE TABLE IF NOT EXISTS sprout.transactions_with_mdr (
                    transaction_id INT,
                    user_id INT,
                    transaction_amount FLOAT,
                    timestamp TIMESTAMP,
                    name TEXT,
                    email TEXT,
                    phone TEXT,
                    membership_id FLOAT,
                    membership_type TEXT,
                    purchase_date DATE,
                    expiry_date DATE,
                    mdr_id FLOAT,
                    mdr_percentage FLOAT,
                    membership_purchase_status TEXT,
                    effective_amount FLOAT
                );
            , parameters: None
[2025-01-17T17:24:55.606+0000] {base.py:73} INFO - Using connection ID 'local_***' for task execution.
[2025-01-17T17:24:55.654+0000] {sql.py:418} INFO - Running statement: TRUNCATE TABLE sprout.transactions_with_mdr;, parameters: None
[2025-01-17T17:24:55.667+0000] {db_to_xls.py:199} INFO - Table sprout.transactions_with_mdr truncated.
[2025-01-17T17:24:55.806+0000] {base.py:73} INFO - Using connection ID 'local_***' for task execution.
[2025-01-17T17:24:55.913+0000] {sql.py:515} INFO - Done loading. Loaded a total of 14 rows into sprout.user_profiling
[2025-01-17T17:24:55.970+0000] {base.py:73} INFO - Using connection ID 'local_***' for task execution.
[2025-01-17T17:24:56.029+0000] {sql.py:515} INFO - Done loading. Loaded a total of 10 rows into sprout.transaction_totals_per_type
[2025-01-17T17:24:56.049+0000] {base.py:73} INFO - Using connection ID 'local_***' for task execution.
[2025-01-17T17:24:56.117+0000] {sql.py:515} INFO - Done loading. Loaded a total of 6 rows into sprout.daily_activity_report
[2025-01-17T17:24:56.133+0000] {base.py:73} INFO - Using connection ID 'local_***' for task execution.
[2025-01-17T17:24:56.195+0000] {db_to_xls.py:236} ERROR - Error during data loading: can't adapt type 'NAType'
[2025-01-17T17:24:56.196+0000] {taskinstance.py:1943} ERROR - Task failed with exception
Traceback (most recent call last):
  File "/home/airflow/.local/lib/python3.9/site-packages/airflow/operators/python.py", line 192, in execute
    return_value = self.execute_callable()
  File "/home/airflow/.local/lib/python3.9/site-packages/airflow/operators/python.py", line 209, in execute_callable
    return self.python_callable(*self.op_args, **self.op_kwargs)
  File "/opt/airflow/dags/db_to_xls.py", line 228, in load_data
    postgres_hook.insert_rows(
  File "/home/airflow/.local/lib/python3.9/site-packages/airflow/providers/common/sql/hooks/sql.py", line 509, in insert_rows
    cur.execute(sql, values)
psycopg2.ProgrammingError: can't adapt type 'NAType'
[2025-01-17T17:24:56.215+0000] {taskinstance.py:1400} INFO - Marking task as FAILED. dag_id=etl_process_with_excel_report, task_id=load_data, execution_date=20250117T172434, start_date=20250117T172454, end_date=20250117T172456
[2025-01-17T17:24:56.273+0000] {standard_task_runner.py:104} ERROR - Failed to execute job 66 for task load_data (can't adapt type 'NAType'; 259)
[2025-01-17T17:24:56.384+0000] {local_task_job_runner.py:228} INFO - Task exited with return code 1
[2025-01-17T17:24:56.510+0000] {taskinstance.py:2784} INFO - 0 downstream tasks scheduled from follow-on schedule check
