[2025-01-17T17:36:09.817+0000] {taskinstance.py:1159} INFO - Dependencies all met for dep_context=non-requeueable deps ti=<TaskInstance: etl_process_with_excel_report.load_data manual__2025-01-17T17:24:34.119787+00:00 [queued]>
[2025-01-17T17:36:09.864+0000] {taskinstance.py:1159} INFO - Dependencies all met for dep_context=requeueable deps ti=<TaskInstance: etl_process_with_excel_report.load_data manual__2025-01-17T17:24:34.119787+00:00 [queued]>
[2025-01-17T17:36:09.865+0000] {taskinstance.py:1361} INFO - Starting attempt 4 of 4
[2025-01-17T17:36:09.889+0000] {taskinstance.py:1382} INFO - Executing <Task(PythonOperator): load_data> on 2025-01-17 17:24:34.119787+00:00
[2025-01-17T17:36:09.947+0000] {standard_task_runner.py:57} INFO - Started process 408 to run task
[2025-01-17T17:36:09.959+0000] {standard_task_runner.py:84} INFO - Running: ['***', 'tasks', 'run', 'etl_process_with_excel_report', 'load_data', 'manual__2025-01-17T17:24:34.119787+00:00', '--job-id', '70', '--raw', '--subdir', 'DAGS_FOLDER/db_to_xls.py', '--cfg-path', '/tmp/tmp2ecre1i6']
[2025-01-17T17:36:09.966+0000] {standard_task_runner.py:85} INFO - Job 70: Subtask load_data
[2025-01-17T17:36:10.262+0000] {task_command.py:415} INFO - Running <TaskInstance: etl_process_with_excel_report.load_data manual__2025-01-17T17:24:34.119787+00:00 [running]> on host e075edadbc7d
[2025-01-17T17:36:10.357+0000] {taskinstance.py:1660} INFO - Exporting env vars: AIRFLOW_CTX_DAG_OWNER='***' AIRFLOW_CTX_DAG_ID='etl_process_with_excel_report' AIRFLOW_CTX_TASK_ID='load_data' AIRFLOW_CTX_EXECUTION_DATE='2025-01-17T17:24:34.119787+00:00' AIRFLOW_CTX_TRY_NUMBER='4' AIRFLOW_CTX_DAG_RUN_ID='manual__2025-01-17T17:24:34.119787+00:00'
[2025-01-17T17:36:10.583+0000] {db_to_xls.py:149} INFO - Loaded /tmp/user_profiling.csv with 14 rows and 9 columns.
[2025-01-17T17:36:10.598+0000] {db_to_xls.py:149} INFO - Loaded /tmp/transaction_totals_per_type.csv with 10 rows and 4 columns.
[2025-01-17T17:36:10.605+0000] {db_to_xls.py:149} INFO - Loaded /tmp/daily_activity_report.csv with 6 rows and 3 columns.
[2025-01-17T17:36:10.626+0000] {db_to_xls.py:149} INFO - Loaded /tmp/transactions_with_mdr_df.csv with 14 rows and 15 columns.
[2025-01-17T17:36:10.639+0000] {db_to_xls.py:157} INFO - Checking for missing values in transactions_with_mdr:
[2025-01-17T17:36:10.659+0000] {db_to_xls.py:158} INFO - transaction_id                0
user_id                       0
transaction_amount            0
timestamp                     0
name                          0
email                         0
phone                         3
membership_id                 0
membership_type               0
purchase_date                 0
expiry_date                   0
mdr_id                        0
mdr_percentage                0
membership_purchase_status    0
effective_amount              0
dtype: int64
[2025-01-17T17:36:10.736+0000] {base.py:73} INFO - Using connection ID 'local_***' for task execution.
[2025-01-17T17:36:10.776+0000] {sql.py:418} INFO - Running statement: 
                CREATE TABLE IF NOT EXISTS sprout.user_profiling (
                    user_id INT,
                    name TEXT,
                    timestamp TIMESTAMP,
                    membership_type TEXT,
                    membership_purchase_status TEXT,
                    mdr_percentage FLOAT,
                    first_transaction TIMESTAMP,
                    invoice_total_count INT,
                    invoice_total_amount FLOAT
                );
            , parameters: None
[2025-01-17T17:36:10.855+0000] {base.py:73} INFO - Using connection ID 'local_***' for task execution.
[2025-01-17T17:36:10.914+0000] {sql.py:418} INFO - Running statement: TRUNCATE TABLE sprout.user_profiling;, parameters: None
[2025-01-17T17:36:10.964+0000] {db_to_xls.py:218} INFO - Table sprout.user_profiling truncated.
[2025-01-17T17:36:10.986+0000] {base.py:73} INFO - Using connection ID 'local_***' for task execution.
[2025-01-17T17:36:11.046+0000] {sql.py:418} INFO - Running statement: 
                CREATE TABLE IF NOT EXISTS sprout.transaction_totals_per_type (
                    timestamp TIMESTAMP,
                    membership_type TEXT,
                    invoice_total_count INT,
                    invoice_total_amount FLOAT
                );
            , parameters: None
[2025-01-17T17:36:11.112+0000] {base.py:73} INFO - Using connection ID 'local_***' for task execution.
[2025-01-17T17:36:11.129+0000] {sql.py:418} INFO - Running statement: TRUNCATE TABLE sprout.transaction_totals_per_type;, parameters: None
[2025-01-17T17:36:11.136+0000] {db_to_xls.py:218} INFO - Table sprout.transaction_totals_per_type truncated.
[2025-01-17T17:36:11.197+0000] {base.py:73} INFO - Using connection ID 'local_***' for task execution.
[2025-01-17T17:36:11.213+0000] {sql.py:418} INFO - Running statement: 
                CREATE TABLE IF NOT EXISTS sprout.daily_activity_report (
                    timestamp TIMESTAMP,
                    invoice_total_count INT,
                    invoice_total_amount FLOAT
                );
            , parameters: None
[2025-01-17T17:36:11.325+0000] {base.py:73} INFO - Using connection ID 'local_***' for task execution.
[2025-01-17T17:36:11.346+0000] {sql.py:418} INFO - Running statement: TRUNCATE TABLE sprout.daily_activity_report;, parameters: None
[2025-01-17T17:36:11.351+0000] {db_to_xls.py:218} INFO - Table sprout.daily_activity_report truncated.
[2025-01-17T17:36:11.405+0000] {base.py:73} INFO - Using connection ID 'local_***' for task execution.
[2025-01-17T17:36:11.427+0000] {sql.py:418} INFO - Running statement: 
                CREATE TABLE IF NOT EXISTS sprout.transactions_with_mdr (
                    transaction_id INT,
                    user_id INT,
                    transaction_amount FLOAT,
                    timestamp TIMESTAMP,
                    name TEXT,
                    email TEXT,
                    phone TEXT,
                    membership_id FLOAT,
                    membership_type TEXT,
                    purchase_date DATE,
                    expiry_date DATE,
                    mdr_id FLOAT,
                    mdr_percentage FLOAT,
                    membership_purchase_status TEXT,
                    effective_amount FLOAT
                );
            , parameters: None
[2025-01-17T17:36:11.447+0000] {base.py:73} INFO - Using connection ID 'local_***' for task execution.
[2025-01-17T17:36:11.531+0000] {sql.py:418} INFO - Running statement: TRUNCATE TABLE sprout.transactions_with_mdr;, parameters: None
[2025-01-17T17:36:11.543+0000] {db_to_xls.py:218} INFO - Table sprout.transactions_with_mdr truncated.
[2025-01-17T17:36:11.577+0000] {base.py:73} INFO - Using connection ID 'local_***' for task execution.
[2025-01-17T17:36:11.768+0000] {sql.py:515} INFO - Done loading. Loaded a total of 14 rows into sprout.user_profiling
[2025-01-17T17:36:11.770+0000] {db_to_xls.py:227} INFO - Inserted 14 rows into sprout.user_profiling.
[2025-01-17T17:36:11.895+0000] {base.py:73} INFO - Using connection ID 'local_***' for task execution.
[2025-01-17T17:36:12.015+0000] {sql.py:515} INFO - Done loading. Loaded a total of 10 rows into sprout.transaction_totals_per_type
[2025-01-17T17:36:12.017+0000] {db_to_xls.py:227} INFO - Inserted 10 rows into sprout.transaction_totals_per_type.
[2025-01-17T17:36:12.097+0000] {base.py:73} INFO - Using connection ID 'local_***' for task execution.
[2025-01-17T17:36:12.173+0000] {sql.py:515} INFO - Done loading. Loaded a total of 6 rows into sprout.daily_activity_report
[2025-01-17T17:36:12.181+0000] {db_to_xls.py:227} INFO - Inserted 6 rows into sprout.daily_activity_report.
[2025-01-17T17:36:12.260+0000] {base.py:73} INFO - Using connection ID 'local_***' for task execution.
[2025-01-17T17:36:12.355+0000] {db_to_xls.py:237} ERROR - Error during data loading: can't adapt type 'NAType'
[2025-01-17T17:36:12.359+0000] {taskinstance.py:1943} ERROR - Task failed with exception
Traceback (most recent call last):
  File "/home/airflow/.local/lib/python3.9/site-packages/airflow/operators/python.py", line 192, in execute
    return_value = self.execute_callable()
  File "/home/airflow/.local/lib/python3.9/site-packages/airflow/operators/python.py", line 209, in execute_callable
    return self.python_callable(*self.op_args, **self.op_kwargs)
  File "/opt/airflow/dags/db_to_xls.py", line 232, in load_data
    insert_data(transactions_with_mdr, 'sprout.transactions_with_mdr')
  File "/opt/airflow/dags/db_to_xls.py", line 222, in insert_data
    postgres_hook.insert_rows(
  File "/home/airflow/.local/lib/python3.9/site-packages/airflow/providers/common/sql/hooks/sql.py", line 509, in insert_rows
    cur.execute(sql, values)
psycopg2.ProgrammingError: can't adapt type 'NAType'
[2025-01-17T17:36:12.428+0000] {taskinstance.py:1400} INFO - Marking task as FAILED. dag_id=etl_process_with_excel_report, task_id=load_data, execution_date=20250117T172434, start_date=20250117T173609, end_date=20250117T173612
[2025-01-17T17:36:12.449+0000] {standard_task_runner.py:104} ERROR - Failed to execute job 70 for task load_data (can't adapt type 'NAType'; 408)
[2025-01-17T17:36:12.584+0000] {local_task_job_runner.py:228} INFO - Task exited with return code 1
[2025-01-17T17:36:12.683+0000] {taskinstance.py:2784} INFO - 0 downstream tasks scheduled from follow-on schedule check
