[2025-01-17T17:24:40.750+0000] {taskinstance.py:1159} INFO - Dependencies all met for dep_context=non-requeueable deps ti=<TaskInstance: etl_process_with_excel_report.extract_data manual__2025-01-17T17:24:34.119787+00:00 [queued]>
[2025-01-17T17:24:40.786+0000] {taskinstance.py:1159} INFO - Dependencies all met for dep_context=requeueable deps ti=<TaskInstance: etl_process_with_excel_report.extract_data manual__2025-01-17T17:24:34.119787+00:00 [queued]>
[2025-01-17T17:24:40.790+0000] {taskinstance.py:1361} INFO - Starting attempt 1 of 1
[2025-01-17T17:24:40.924+0000] {taskinstance.py:1382} INFO - Executing <Task(PythonOperator): extract_data> on 2025-01-17 17:24:34.119787+00:00
[2025-01-17T17:24:41.036+0000] {standard_task_runner.py:57} INFO - Started process 253 to run task
[2025-01-17T17:24:41.051+0000] {standard_task_runner.py:84} INFO - Running: ['***', 'tasks', 'run', 'etl_process_with_excel_report', 'extract_data', 'manual__2025-01-17T17:24:34.119787+00:00', '--job-id', '64', '--raw', '--subdir', 'DAGS_FOLDER/db_to_xls.py', '--cfg-path', '/tmp/tmp0yl7qgw4']
[2025-01-17T17:24:41.114+0000] {standard_task_runner.py:85} INFO - Job 64: Subtask extract_data
[2025-01-17T17:24:41.461+0000] {task_command.py:415} INFO - Running <TaskInstance: etl_process_with_excel_report.extract_data manual__2025-01-17T17:24:34.119787+00:00 [running]> on host e075edadbc7d
[2025-01-17T17:24:42.004+0000] {taskinstance.py:1660} INFO - Exporting env vars: AIRFLOW_CTX_DAG_OWNER='***' AIRFLOW_CTX_DAG_ID='etl_process_with_excel_report' AIRFLOW_CTX_TASK_ID='extract_data' AIRFLOW_CTX_EXECUTION_DATE='2025-01-17T17:24:34.119787+00:00' AIRFLOW_CTX_TRY_NUMBER='1' AIRFLOW_CTX_DAG_RUN_ID='manual__2025-01-17T17:24:34.119787+00:00'
[2025-01-17T17:24:42.130+0000] {base.py:73} INFO - Using connection ID 'local_***' for task execution.
[2025-01-17T17:24:42.280+0000] {logging_mixin.py:151} WARNING - /home/***/.local/lib/python3.9/site-packages/***/providers/common/sql/hooks/sql.py:219 UserWarning: pandas only supports SQLAlchemy connectable (engine/connection) or database string URI or sqlite3 DBAPI2 connection. Other DBAPI2 objects are not tested. Please consider using SQLAlchemy.
[2025-01-17T17:24:42.374+0000] {db_to_xls.py:29} INFO - Extracted Users and saved to /tmp/Users.csv.
[2025-01-17T17:24:42.411+0000] {base.py:73} INFO - Using connection ID 'local_***' for task execution.
[2025-01-17T17:24:42.505+0000] {db_to_xls.py:29} INFO - Extracted Transactions and saved to /tmp/Transactions.csv.
[2025-01-17T17:24:42.585+0000] {base.py:73} INFO - Using connection ID 'local_***' for task execution.
[2025-01-17T17:24:42.614+0000] {db_to_xls.py:29} INFO - Extracted Membership_Purchases and saved to /tmp/Membership_Purchases.csv.
[2025-01-17T17:24:42.690+0000] {base.py:73} INFO - Using connection ID 'local_***' for task execution.
[2025-01-17T17:24:42.732+0000] {db_to_xls.py:29} INFO - Extracted MDR_Data and saved to /tmp/MDR_Data.csv.
[2025-01-17T17:24:42.836+0000] {base.py:73} INFO - Using connection ID 'local_***' for task execution.
[2025-01-17T17:24:42.947+0000] {db_to_xls.py:29} INFO - Extracted User_Activity and saved to /tmp/User_Activity.csv.
[2025-01-17T17:24:43.104+0000] {python.py:194} INFO - Done. Returned value was: None
[2025-01-17T17:24:43.244+0000] {taskinstance.py:1400} INFO - Marking task as SUCCESS. dag_id=etl_process_with_excel_report, task_id=extract_data, execution_date=20250117T172434, start_date=20250117T172440, end_date=20250117T172443
[2025-01-17T17:24:43.401+0000] {local_task_job_runner.py:228} INFO - Task exited with return code 0
[2025-01-17T17:24:43.620+0000] {taskinstance.py:2784} INFO - 0 downstream tasks scheduled from follow-on schedule check
