[2025-01-17T18:14:38.736+0000] {taskinstance.py:1159} INFO - Dependencies all met for dep_context=non-requeueable deps ti=<TaskInstance: etl_process_with_excel_report.load_data manual__2025-01-17T18:14:22.678923+00:00 [queued]>
[2025-01-17T18:14:38.784+0000] {taskinstance.py:1159} INFO - Dependencies all met for dep_context=requeueable deps ti=<TaskInstance: etl_process_with_excel_report.load_data manual__2025-01-17T18:14:22.678923+00:00 [queued]>
[2025-01-17T18:14:38.785+0000] {taskinstance.py:1361} INFO - Starting attempt 1 of 1
[2025-01-17T18:14:38.857+0000] {taskinstance.py:1382} INFO - Executing <Task(PythonOperator): load_data> on 2025-01-17 18:14:22.678923+00:00
[2025-01-17T18:14:38.951+0000] {standard_task_runner.py:57} INFO - Started process 417 to run task
[2025-01-17T18:14:38.962+0000] {standard_task_runner.py:84} INFO - Running: ['***', 'tasks', 'run', 'etl_process_with_excel_report', 'load_data', 'manual__2025-01-17T18:14:22.678923+00:00', '--job-id', '83', '--raw', '--subdir', 'DAGS_FOLDER/db_to_xls.py', '--cfg-path', '/tmp/tmpo7v0br71']
[2025-01-17T18:14:38.971+0000] {standard_task_runner.py:85} INFO - Job 83: Subtask load_data
[2025-01-17T18:14:39.193+0000] {task_command.py:415} INFO - Running <TaskInstance: etl_process_with_excel_report.load_data manual__2025-01-17T18:14:22.678923+00:00 [running]> on host b83a74940c8c
[2025-01-17T18:14:39.423+0000] {taskinstance.py:1660} INFO - Exporting env vars: AIRFLOW_CTX_DAG_OWNER='***' AIRFLOW_CTX_DAG_ID='etl_process_with_excel_report' AIRFLOW_CTX_TASK_ID='load_data' AIRFLOW_CTX_EXECUTION_DATE='2025-01-17T18:14:22.678923+00:00' AIRFLOW_CTX_TRY_NUMBER='1' AIRFLOW_CTX_DAG_RUN_ID='manual__2025-01-17T18:14:22.678923+00:00'
[2025-01-17T18:14:39.618+0000] {db_to_xls.py:176} INFO - Loaded /tmp/user_profiling.csv with 14 rows and 9 columns.
[2025-01-17T18:14:39.658+0000] {db_to_xls.py:176} INFO - Loaded /tmp/transaction_totals_per_type.csv with 10 rows and 4 columns.
[2025-01-17T18:14:39.662+0000] {db_to_xls.py:176} INFO - Loaded /tmp/daily_activity_report.csv with 6 rows and 3 columns.
[2025-01-17T18:14:39.673+0000] {db_to_xls.py:171} WARNING - No default value provided for column 'phone'. Skipping fillna.
[2025-01-17T18:14:39.677+0000] {db_to_xls.py:176} INFO - Loaded /tmp/transactions_with_mdr_df.csv with 14 rows and 15 columns.
[2025-01-17T18:14:39.678+0000] {db_to_xls.py:199} INFO - Checking for missing values in transactions_with_mdr:
[2025-01-17T18:14:39.681+0000] {db_to_xls.py:200} INFO - transaction_id                0
user_id                       0
transaction_amount            0
timestamp                     0
name                          0
email                         0
phone                         3
membership_id                 0
membership_type               0
purchase_date                 0
expiry_date                   0
mdr_id                        0
mdr_percentage                0
membership_purchase_status    0
effective_amount              0
dtype: int64
[2025-01-17T18:14:39.753+0000] {base.py:73} INFO - Using connection ID 'local_***' for task execution.
[2025-01-17T18:14:39.945+0000] {sql.py:418} INFO - Running statement: 
                CREATE TABLE IF NOT EXISTS sprout.user_profiling (
                    user_id INT,
                    name TEXT,
                    timestamp TIMESTAMP,
                    membership_type TEXT,
                    membership_purchase_status TEXT,
                    mdr_percentage FLOAT,
                    first_transaction TIMESTAMP,
                    invoice_total_count INT,
                    invoice_total_amount FLOAT
                );
            , parameters: None
[2025-01-17T18:14:40.001+0000] {base.py:73} INFO - Using connection ID 'local_***' for task execution.
[2025-01-17T18:14:40.023+0000] {sql.py:418} INFO - Running statement: TRUNCATE TABLE sprout.user_profiling;, parameters: None
[2025-01-17T18:14:40.040+0000] {db_to_xls.py:260} INFO - Table sprout.user_profiling truncated.
[2025-01-17T18:14:40.104+0000] {base.py:73} INFO - Using connection ID 'local_***' for task execution.
[2025-01-17T18:14:40.120+0000] {sql.py:418} INFO - Running statement: 
                CREATE TABLE IF NOT EXISTS sprout.transaction_totals_per_type (
                    timestamp TIMESTAMP,
                    membership_type TEXT,
                    invoice_total_count INT,
                    invoice_total_amount FLOAT
                );
            , parameters: None
[2025-01-17T18:14:40.187+0000] {base.py:73} INFO - Using connection ID 'local_***' for task execution.
[2025-01-17T18:14:40.262+0000] {sql.py:418} INFO - Running statement: TRUNCATE TABLE sprout.transaction_totals_per_type;, parameters: None
[2025-01-17T18:14:40.273+0000] {db_to_xls.py:260} INFO - Table sprout.transaction_totals_per_type truncated.
[2025-01-17T18:14:40.339+0000] {base.py:73} INFO - Using connection ID 'local_***' for task execution.
[2025-01-17T18:14:40.356+0000] {sql.py:418} INFO - Running statement: 
                CREATE TABLE IF NOT EXISTS sprout.daily_activity_report (
                    timestamp TIMESTAMP,
                    invoice_total_count INT,
                    invoice_total_amount FLOAT
                );
            , parameters: None
[2025-01-17T18:14:40.413+0000] {base.py:73} INFO - Using connection ID 'local_***' for task execution.
[2025-01-17T18:14:40.433+0000] {sql.py:418} INFO - Running statement: TRUNCATE TABLE sprout.daily_activity_report;, parameters: None
[2025-01-17T18:14:40.438+0000] {db_to_xls.py:260} INFO - Table sprout.daily_activity_report truncated.
[2025-01-17T18:14:40.455+0000] {base.py:73} INFO - Using connection ID 'local_***' for task execution.
[2025-01-17T18:14:40.512+0000] {sql.py:418} INFO - Running statement: 
                CREATE TABLE IF NOT EXISTS sprout.transactions_with_mdr (
                    transaction_id INT,
                    user_id INT,
                    transaction_amount FLOAT,
                    timestamp TIMESTAMP,
                    name TEXT,
                    email TEXT,
                    phone TEXT,
                    membership_id FLOAT,
                    membership_type TEXT,
                    purchase_date DATE,
                    expiry_date DATE,
                    mdr_id FLOAT,
                    mdr_percentage FLOAT,
                    membership_purchase_status TEXT,
                    effective_amount FLOAT
                );
            , parameters: None
[2025-01-17T18:14:40.569+0000] {base.py:73} INFO - Using connection ID 'local_***' for task execution.
[2025-01-17T18:14:40.595+0000] {sql.py:418} INFO - Running statement: TRUNCATE TABLE sprout.transactions_with_mdr;, parameters: None
[2025-01-17T18:14:40.602+0000] {db_to_xls.py:260} INFO - Table sprout.transactions_with_mdr truncated.
[2025-01-17T18:14:40.654+0000] {base.py:73} INFO - Using connection ID 'local_***' for task execution.
[2025-01-17T18:14:40.724+0000] {sql.py:515} INFO - Done loading. Loaded a total of 14 rows into sprout.user_profiling
[2025-01-17T18:14:40.725+0000] {db_to_xls.py:269} INFO - Inserted 14 rows into sprout.user_profiling.
[2025-01-17T18:14:40.747+0000] {base.py:73} INFO - Using connection ID 'local_***' for task execution.
[2025-01-17T18:14:40.821+0000] {sql.py:515} INFO - Done loading. Loaded a total of 10 rows into sprout.transaction_totals_per_type
[2025-01-17T18:14:40.822+0000] {db_to_xls.py:269} INFO - Inserted 10 rows into sprout.transaction_totals_per_type.
[2025-01-17T18:14:40.875+0000] {base.py:73} INFO - Using connection ID 'local_***' for task execution.
[2025-01-17T18:14:40.905+0000] {sql.py:515} INFO - Done loading. Loaded a total of 6 rows into sprout.daily_activity_report
[2025-01-17T18:14:40.906+0000] {db_to_xls.py:269} INFO - Inserted 6 rows into sprout.daily_activity_report.
[2025-01-17T18:14:40.965+0000] {base.py:73} INFO - Using connection ID 'local_***' for task execution.
[2025-01-17T18:14:41.045+0000] {sql.py:515} INFO - Done loading. Loaded a total of 14 rows into sprout.transactions_with_mdr
[2025-01-17T18:14:41.047+0000] {db_to_xls.py:269} INFO - Inserted 14 rows into sprout.transactions_with_mdr.
[2025-01-17T18:14:41.048+0000] {db_to_xls.py:276} INFO - Data loaded into PostgreSQL successfully.
[2025-01-17T18:14:41.051+0000] {python.py:194} INFO - Done. Returned value was: None
[2025-01-17T18:14:41.105+0000] {taskinstance.py:1400} INFO - Marking task as SUCCESS. dag_id=etl_process_with_excel_report, task_id=load_data, execution_date=20250117T181422, start_date=20250117T181438, end_date=20250117T181441
[2025-01-17T18:14:41.296+0000] {local_task_job_runner.py:228} INFO - Task exited with return code 0
[2025-01-17T18:14:41.347+0000] {taskinstance.py:2784} INFO - 1 downstream tasks scheduled from follow-on schedule check
