[2025-01-16T19:04:43.077+0000] {processor.py:157} INFO - Started process (PID=159) to work on /opt/airflow/dags/db_to_xls.py
[2025-01-16T19:04:43.135+0000] {processor.py:829} INFO - Processing file /opt/airflow/dags/db_to_xls.py for tasks to queue
[2025-01-16T19:04:43.146+0000] {logging_mixin.py:151} INFO - [2025-01-16T19:04:43.137+0000] {dagbag.py:539} INFO - Filling up the DagBag from /opt/airflow/dags/db_to_xls.py
[2025-01-16T19:04:49.813+0000] {processor.py:839} INFO - DAG(s) dict_keys(['etl_process_with_excel_report']) retrieved from /opt/airflow/dags/db_to_xls.py
[2025-01-16T19:04:50.948+0000] {logging_mixin.py:151} INFO - [2025-01-16T19:04:50.946+0000] {dag.py:2907} INFO - Sync 1 DAGs
[2025-01-16T19:04:51.018+0000] {logging_mixin.py:151} INFO - [2025-01-16T19:04:51.018+0000] {dag.py:3677} INFO - Setting next_dagrun for etl_process_with_excel_report to None, run_after=None
[2025-01-16T19:04:51.115+0000] {processor.py:179} INFO - Processing /opt/airflow/dags/db_to_xls.py took 8.048 seconds
[2025-01-16T19:05:22.249+0000] {processor.py:157} INFO - Started process (PID=165) to work on /opt/airflow/dags/db_to_xls.py
[2025-01-16T19:05:22.256+0000] {processor.py:829} INFO - Processing file /opt/airflow/dags/db_to_xls.py for tasks to queue
[2025-01-16T19:05:22.261+0000] {logging_mixin.py:151} INFO - [2025-01-16T19:05:22.259+0000] {dagbag.py:539} INFO - Filling up the DagBag from /opt/airflow/dags/db_to_xls.py
[2025-01-16T19:05:23.520+0000] {processor.py:839} INFO - DAG(s) dict_keys(['etl_process_with_excel_report']) retrieved from /opt/airflow/dags/db_to_xls.py
[2025-01-16T19:05:25.615+0000] {logging_mixin.py:151} INFO - [2025-01-16T19:05:25.613+0000] {dag.py:2907} INFO - Sync 1 DAGs
[2025-01-16T19:05:25.692+0000] {logging_mixin.py:151} INFO - [2025-01-16T19:05:25.692+0000] {dag.py:3677} INFO - Setting next_dagrun for etl_process_with_excel_report to None, run_after=None
[2025-01-16T19:05:25.785+0000] {processor.py:179} INFO - Processing /opt/airflow/dags/db_to_xls.py took 3.546 seconds
[2025-01-16T19:05:56.641+0000] {processor.py:157} INFO - Started process (PID=171) to work on /opt/airflow/dags/db_to_xls.py
[2025-01-16T19:05:56.647+0000] {processor.py:829} INFO - Processing file /opt/airflow/dags/db_to_xls.py for tasks to queue
[2025-01-16T19:05:56.652+0000] {logging_mixin.py:151} INFO - [2025-01-16T19:05:56.650+0000] {dagbag.py:539} INFO - Filling up the DagBag from /opt/airflow/dags/db_to_xls.py
[2025-01-16T19:05:58.132+0000] {processor.py:839} INFO - DAG(s) dict_keys(['etl_process_with_excel_report']) retrieved from /opt/airflow/dags/db_to_xls.py
[2025-01-16T19:05:58.471+0000] {logging_mixin.py:151} INFO - [2025-01-16T19:05:58.471+0000] {dag.py:2907} INFO - Sync 1 DAGs
[2025-01-16T19:05:58.503+0000] {logging_mixin.py:151} INFO - [2025-01-16T19:05:58.503+0000] {dag.py:3677} INFO - Setting next_dagrun for etl_process_with_excel_report to None, run_after=None
[2025-01-16T19:05:58.618+0000] {processor.py:179} INFO - Processing /opt/airflow/dags/db_to_xls.py took 2.057 seconds
[2025-01-16T19:06:29.817+0000] {processor.py:157} INFO - Started process (PID=177) to work on /opt/airflow/dags/db_to_xls.py
[2025-01-16T19:06:29.862+0000] {processor.py:829} INFO - Processing file /opt/airflow/dags/db_to_xls.py for tasks to queue
[2025-01-16T19:06:29.866+0000] {logging_mixin.py:151} INFO - [2025-01-16T19:06:29.864+0000] {dagbag.py:539} INFO - Filling up the DagBag from /opt/airflow/dags/db_to_xls.py
[2025-01-16T19:06:30.822+0000] {processor.py:839} INFO - DAG(s) dict_keys(['etl_process_with_excel_report']) retrieved from /opt/airflow/dags/db_to_xls.py
[2025-01-16T19:06:30.941+0000] {logging_mixin.py:151} INFO - [2025-01-16T19:06:30.940+0000] {dag.py:2907} INFO - Sync 1 DAGs
[2025-01-16T19:06:31.018+0000] {logging_mixin.py:151} INFO - [2025-01-16T19:06:31.018+0000] {dag.py:3677} INFO - Setting next_dagrun for etl_process_with_excel_report to None, run_after=None
[2025-01-16T19:06:32.057+0000] {processor.py:179} INFO - Processing /opt/airflow/dags/db_to_xls.py took 2.248 seconds
[2025-01-16T19:07:02.743+0000] {processor.py:157} INFO - Started process (PID=183) to work on /opt/airflow/dags/db_to_xls.py
[2025-01-16T19:07:02.747+0000] {processor.py:829} INFO - Processing file /opt/airflow/dags/db_to_xls.py for tasks to queue
[2025-01-16T19:07:02.749+0000] {logging_mixin.py:151} INFO - [2025-01-16T19:07:02.748+0000] {dagbag.py:539} INFO - Filling up the DagBag from /opt/airflow/dags/db_to_xls.py
[2025-01-16T19:07:04.178+0000] {processor.py:839} INFO - DAG(s) dict_keys(['etl_process_with_excel_report']) retrieved from /opt/airflow/dags/db_to_xls.py
[2025-01-16T19:07:04.339+0000] {logging_mixin.py:151} INFO - [2025-01-16T19:07:04.339+0000] {dag.py:2907} INFO - Sync 1 DAGs
[2025-01-16T19:07:05.348+0000] {logging_mixin.py:151} INFO - [2025-01-16T19:07:05.347+0000] {dag.py:3677} INFO - Setting next_dagrun for etl_process_with_excel_report to None, run_after=None
[2025-01-16T19:07:05.441+0000] {processor.py:179} INFO - Processing /opt/airflow/dags/db_to_xls.py took 2.713 seconds
[2025-01-16T19:07:36.409+0000] {processor.py:157} INFO - Started process (PID=189) to work on /opt/airflow/dags/db_to_xls.py
[2025-01-16T19:07:36.415+0000] {processor.py:829} INFO - Processing file /opt/airflow/dags/db_to_xls.py for tasks to queue
[2025-01-16T19:07:36.417+0000] {logging_mixin.py:151} INFO - [2025-01-16T19:07:36.416+0000] {dagbag.py:539} INFO - Filling up the DagBag from /opt/airflow/dags/db_to_xls.py
[2025-01-16T19:07:37.538+0000] {processor.py:839} INFO - DAG(s) dict_keys(['etl_process_with_excel_report']) retrieved from /opt/airflow/dags/db_to_xls.py
[2025-01-16T19:07:37.929+0000] {logging_mixin.py:151} INFO - [2025-01-16T19:07:37.928+0000] {dag.py:2907} INFO - Sync 1 DAGs
[2025-01-16T19:07:38.009+0000] {logging_mixin.py:151} INFO - [2025-01-16T19:07:38.009+0000] {dag.py:3677} INFO - Setting next_dagrun for etl_process_with_excel_report to None, run_after=None
[2025-01-16T19:07:38.096+0000] {processor.py:179} INFO - Processing /opt/airflow/dags/db_to_xls.py took 1.700 seconds
[2025-01-16T19:08:09.205+0000] {processor.py:157} INFO - Started process (PID=195) to work on /opt/airflow/dags/db_to_xls.py
[2025-01-16T19:08:09.210+0000] {processor.py:829} INFO - Processing file /opt/airflow/dags/db_to_xls.py for tasks to queue
[2025-01-16T19:08:09.219+0000] {logging_mixin.py:151} INFO - [2025-01-16T19:08:09.216+0000] {dagbag.py:539} INFO - Filling up the DagBag from /opt/airflow/dags/db_to_xls.py
[2025-01-16T19:08:10.778+0000] {processor.py:839} INFO - DAG(s) dict_keys(['etl_process_with_excel_report']) retrieved from /opt/airflow/dags/db_to_xls.py
[2025-01-16T19:08:10.891+0000] {logging_mixin.py:151} INFO - [2025-01-16T19:08:10.876+0000] {dag.py:2907} INFO - Sync 1 DAGs
[2025-01-16T19:08:10.922+0000] {logging_mixin.py:151} INFO - [2025-01-16T19:08:10.922+0000] {dag.py:3677} INFO - Setting next_dagrun for etl_process_with_excel_report to None, run_after=None
[2025-01-16T19:08:10.948+0000] {processor.py:179} INFO - Processing /opt/airflow/dags/db_to_xls.py took 1.796 seconds
[2025-01-16T19:08:42.266+0000] {processor.py:157} INFO - Started process (PID=201) to work on /opt/airflow/dags/db_to_xls.py
[2025-01-16T19:08:42.273+0000] {processor.py:829} INFO - Processing file /opt/airflow/dags/db_to_xls.py for tasks to queue
[2025-01-16T19:08:42.278+0000] {logging_mixin.py:151} INFO - [2025-01-16T19:08:42.277+0000] {dagbag.py:539} INFO - Filling up the DagBag from /opt/airflow/dags/db_to_xls.py
[2025-01-16T19:08:43.683+0000] {processor.py:839} INFO - DAG(s) dict_keys(['etl_process_with_excel_report']) retrieved from /opt/airflow/dags/db_to_xls.py
[2025-01-16T19:08:43.895+0000] {logging_mixin.py:151} INFO - [2025-01-16T19:08:43.894+0000] {dag.py:2907} INFO - Sync 1 DAGs
[2025-01-16T19:08:43.911+0000] {logging_mixin.py:151} INFO - [2025-01-16T19:08:43.911+0000] {dag.py:3677} INFO - Setting next_dagrun for etl_process_with_excel_report to None, run_after=None
[2025-01-16T19:08:45.060+0000] {processor.py:179} INFO - Processing /opt/airflow/dags/db_to_xls.py took 2.828 seconds
[2025-01-16T19:09:16.414+0000] {processor.py:157} INFO - Started process (PID=207) to work on /opt/airflow/dags/db_to_xls.py
[2025-01-16T19:09:16.424+0000] {processor.py:829} INFO - Processing file /opt/airflow/dags/db_to_xls.py for tasks to queue
[2025-01-16T19:09:16.429+0000] {logging_mixin.py:151} INFO - [2025-01-16T19:09:16.427+0000] {dagbag.py:539} INFO - Filling up the DagBag from /opt/airflow/dags/db_to_xls.py
[2025-01-16T19:09:17.644+0000] {processor.py:839} INFO - DAG(s) dict_keys(['etl_process_with_excel_report']) retrieved from /opt/airflow/dags/db_to_xls.py
[2025-01-16T19:09:17.808+0000] {logging_mixin.py:151} INFO - [2025-01-16T19:09:17.808+0000] {dag.py:2907} INFO - Sync 1 DAGs
[2025-01-16T19:09:18.573+0000] {logging_mixin.py:151} INFO - [2025-01-16T19:09:18.573+0000] {dag.py:3677} INFO - Setting next_dagrun for etl_process_with_excel_report to None, run_after=None
[2025-01-16T19:09:18.649+0000] {processor.py:179} INFO - Processing /opt/airflow/dags/db_to_xls.py took 2.292 seconds
[2025-01-16T19:09:49.306+0000] {processor.py:157} INFO - Started process (PID=213) to work on /opt/airflow/dags/db_to_xls.py
[2025-01-16T19:09:49.335+0000] {processor.py:829} INFO - Processing file /opt/airflow/dags/db_to_xls.py for tasks to queue
[2025-01-16T19:09:49.342+0000] {logging_mixin.py:151} INFO - [2025-01-16T19:09:49.340+0000] {dagbag.py:539} INFO - Filling up the DagBag from /opt/airflow/dags/db_to_xls.py
[2025-01-16T19:09:50.404+0000] {processor.py:839} INFO - DAG(s) dict_keys(['etl_process_with_excel_report']) retrieved from /opt/airflow/dags/db_to_xls.py
[2025-01-16T19:09:50.542+0000] {logging_mixin.py:151} INFO - [2025-01-16T19:09:50.541+0000] {dag.py:2907} INFO - Sync 1 DAGs
[2025-01-16T19:09:50.604+0000] {logging_mixin.py:151} INFO - [2025-01-16T19:09:50.603+0000] {dag.py:3677} INFO - Setting next_dagrun for etl_process_with_excel_report to None, run_after=None
[2025-01-16T19:09:50.720+0000] {processor.py:179} INFO - Processing /opt/airflow/dags/db_to_xls.py took 1.464 seconds
[2025-01-16T19:10:21.749+0000] {processor.py:157} INFO - Started process (PID=219) to work on /opt/airflow/dags/db_to_xls.py
[2025-01-16T19:10:21.755+0000] {processor.py:829} INFO - Processing file /opt/airflow/dags/db_to_xls.py for tasks to queue
[2025-01-16T19:10:21.760+0000] {logging_mixin.py:151} INFO - [2025-01-16T19:10:21.758+0000] {dagbag.py:539} INFO - Filling up the DagBag from /opt/airflow/dags/db_to_xls.py
[2025-01-16T19:10:23.545+0000] {processor.py:839} INFO - DAG(s) dict_keys(['etl_process_with_excel_report']) retrieved from /opt/airflow/dags/db_to_xls.py
[2025-01-16T19:10:23.890+0000] {logging_mixin.py:151} INFO - [2025-01-16T19:10:23.876+0000] {dag.py:2907} INFO - Sync 1 DAGs
[2025-01-16T19:10:24.035+0000] {logging_mixin.py:151} INFO - [2025-01-16T19:10:24.034+0000] {dag.py:3677} INFO - Setting next_dagrun for etl_process_with_excel_report to None, run_after=None
[2025-01-16T19:10:24.297+0000] {processor.py:179} INFO - Processing /opt/airflow/dags/db_to_xls.py took 2.563 seconds
[2025-01-16T19:10:55.657+0000] {processor.py:157} INFO - Started process (PID=225) to work on /opt/airflow/dags/db_to_xls.py
[2025-01-16T19:10:55.664+0000] {processor.py:829} INFO - Processing file /opt/airflow/dags/db_to_xls.py for tasks to queue
[2025-01-16T19:10:55.668+0000] {logging_mixin.py:151} INFO - [2025-01-16T19:10:55.667+0000] {dagbag.py:539} INFO - Filling up the DagBag from /opt/airflow/dags/db_to_xls.py
[2025-01-16T19:10:57.155+0000] {processor.py:839} INFO - DAG(s) dict_keys(['etl_process_with_excel_report']) retrieved from /opt/airflow/dags/db_to_xls.py
[2025-01-16T19:10:57.360+0000] {logging_mixin.py:151} INFO - [2025-01-16T19:10:57.359+0000] {dag.py:2907} INFO - Sync 1 DAGs
[2025-01-16T19:10:57.434+0000] {logging_mixin.py:151} INFO - [2025-01-16T19:10:57.434+0000] {dag.py:3677} INFO - Setting next_dagrun for etl_process_with_excel_report to None, run_after=None
[2025-01-16T19:10:57.876+0000] {processor.py:179} INFO - Processing /opt/airflow/dags/db_to_xls.py took 2.230 seconds
[2025-01-16T19:11:28.370+0000] {processor.py:157} INFO - Started process (PID=231) to work on /opt/airflow/dags/db_to_xls.py
[2025-01-16T19:11:28.375+0000] {processor.py:829} INFO - Processing file /opt/airflow/dags/db_to_xls.py for tasks to queue
[2025-01-16T19:11:28.381+0000] {logging_mixin.py:151} INFO - [2025-01-16T19:11:28.379+0000] {dagbag.py:539} INFO - Filling up the DagBag from /opt/airflow/dags/db_to_xls.py
[2025-01-16T19:11:29.358+0000] {processor.py:839} INFO - DAG(s) dict_keys(['etl_process_with_excel_report']) retrieved from /opt/airflow/dags/db_to_xls.py
[2025-01-16T19:11:29.506+0000] {logging_mixin.py:151} INFO - [2025-01-16T19:11:29.505+0000] {dag.py:2907} INFO - Sync 1 DAGs
[2025-01-16T19:11:30.041+0000] {logging_mixin.py:151} INFO - [2025-01-16T19:11:30.040+0000] {dag.py:3677} INFO - Setting next_dagrun for etl_process_with_excel_report to None, run_after=None
[2025-01-16T19:11:30.111+0000] {processor.py:179} INFO - Processing /opt/airflow/dags/db_to_xls.py took 1.758 seconds
[2025-01-16T19:12:01.368+0000] {processor.py:157} INFO - Started process (PID=237) to work on /opt/airflow/dags/db_to_xls.py
[2025-01-16T19:12:01.450+0000] {processor.py:829} INFO - Processing file /opt/airflow/dags/db_to_xls.py for tasks to queue
[2025-01-16T19:12:01.457+0000] {logging_mixin.py:151} INFO - [2025-01-16T19:12:01.454+0000] {dagbag.py:539} INFO - Filling up the DagBag from /opt/airflow/dags/db_to_xls.py
[2025-01-16T19:12:02.727+0000] {processor.py:839} INFO - DAG(s) dict_keys(['etl_process_with_excel_report']) retrieved from /opt/airflow/dags/db_to_xls.py
[2025-01-16T19:12:04.286+0000] {logging_mixin.py:151} INFO - [2025-01-16T19:12:04.284+0000] {dag.py:2907} INFO - Sync 1 DAGs
[2025-01-16T19:12:04.366+0000] {logging_mixin.py:151} INFO - [2025-01-16T19:12:04.366+0000] {dag.py:3677} INFO - Setting next_dagrun for etl_process_with_excel_report to None, run_after=None
[2025-01-16T19:12:04.456+0000] {processor.py:179} INFO - Processing /opt/airflow/dags/db_to_xls.py took 3.271 seconds
[2025-01-16T19:12:29.916+0000] {processor.py:157} INFO - Started process (PID=243) to work on /opt/airflow/dags/db_to_xls.py
[2025-01-16T19:12:29.924+0000] {processor.py:829} INFO - Processing file /opt/airflow/dags/db_to_xls.py for tasks to queue
[2025-01-16T19:12:29.928+0000] {logging_mixin.py:151} INFO - [2025-01-16T19:12:29.927+0000] {dagbag.py:539} INFO - Filling up the DagBag from /opt/airflow/dags/db_to_xls.py
[2025-01-16T19:12:32.027+0000] {processor.py:839} INFO - DAG(s) dict_keys(['etl_process_with_excel_report']) retrieved from /opt/airflow/dags/db_to_xls.py
[2025-01-16T19:12:33.609+0000] {logging_mixin.py:151} INFO - [2025-01-16T19:12:33.608+0000] {dag.py:2907} INFO - Sync 1 DAGs
[2025-01-16T19:12:33.688+0000] {logging_mixin.py:151} INFO - [2025-01-16T19:12:33.688+0000] {dag.py:3677} INFO - Setting next_dagrun for etl_process_with_excel_report to 2025-01-15T00:00:00+00:00, run_after=2025-01-16T00:00:00+00:00
[2025-01-16T19:12:33.772+0000] {processor.py:179} INFO - Processing /opt/airflow/dags/db_to_xls.py took 3.876 seconds
[2025-01-16T19:15:00.684+0000] {processor.py:157} INFO - Started process (PID=158) to work on /opt/airflow/dags/db_to_xls.py
[2025-01-16T19:15:00.699+0000] {processor.py:829} INFO - Processing file /opt/airflow/dags/db_to_xls.py for tasks to queue
[2025-01-16T19:15:00.704+0000] {logging_mixin.py:151} INFO - [2025-01-16T19:15:00.703+0000] {dagbag.py:539} INFO - Filling up the DagBag from /opt/airflow/dags/db_to_xls.py
[2025-01-16T19:15:06.589+0000] {processor.py:839} INFO - DAG(s) dict_keys(['etl_process_with_excel_report']) retrieved from /opt/airflow/dags/db_to_xls.py
[2025-01-16T19:15:07.694+0000] {logging_mixin.py:151} INFO - [2025-01-16T19:15:07.693+0000] {dag.py:2907} INFO - Sync 1 DAGs
[2025-01-16T19:15:07.716+0000] {logging_mixin.py:151} INFO - [2025-01-16T19:15:07.716+0000] {dag.py:3677} INFO - Setting next_dagrun for etl_process_with_excel_report to 2025-01-15T00:00:00+00:00, run_after=2025-01-16T00:00:00+00:00
[2025-01-16T19:15:07.783+0000] {processor.py:179} INFO - Processing /opt/airflow/dags/db_to_xls.py took 7.107 seconds
[2025-01-16T19:16:50.404+0000] {processor.py:157} INFO - Started process (PID=159) to work on /opt/airflow/dags/db_to_xls.py
[2025-01-16T19:16:50.413+0000] {processor.py:829} INFO - Processing file /opt/airflow/dags/db_to_xls.py for tasks to queue
[2025-01-16T19:16:50.419+0000] {logging_mixin.py:151} INFO - [2025-01-16T19:16:50.417+0000] {dagbag.py:539} INFO - Filling up the DagBag from /opt/airflow/dags/db_to_xls.py
[2025-01-16T19:18:31.560+0000] {processor.py:157} INFO - Started process (PID=159) to work on /opt/airflow/dags/db_to_xls.py
[2025-01-16T19:18:31.565+0000] {processor.py:829} INFO - Processing file /opt/airflow/dags/db_to_xls.py for tasks to queue
[2025-01-16T19:18:31.569+0000] {logging_mixin.py:151} INFO - [2025-01-16T19:18:31.568+0000] {dagbag.py:539} INFO - Filling up the DagBag from /opt/airflow/dags/db_to_xls.py
[2025-01-16T19:18:36.679+0000] {processor.py:839} INFO - DAG(s) dict_keys(['etl_process_with_excel_report']) retrieved from /opt/airflow/dags/db_to_xls.py
[2025-01-16T19:18:38.538+0000] {logging_mixin.py:151} INFO - [2025-01-16T19:18:38.537+0000] {dag.py:2907} INFO - Sync 1 DAGs
[2025-01-16T19:18:38.741+0000] {logging_mixin.py:151} INFO - [2025-01-16T19:18:38.740+0000] {dag.py:3677} INFO - Setting next_dagrun for etl_process_with_excel_report to 2025-01-15T00:00:00+00:00, run_after=2025-01-16T00:00:00+00:00
[2025-01-16T19:18:38.926+0000] {processor.py:179} INFO - Processing /opt/airflow/dags/db_to_xls.py took 7.378 seconds
[2025-01-16T19:18:56.774+0000] {processor.py:157} INFO - Started process (PID=165) to work on /opt/airflow/dags/db_to_xls.py
[2025-01-16T19:18:56.786+0000] {processor.py:829} INFO - Processing file /opt/airflow/dags/db_to_xls.py for tasks to queue
[2025-01-16T19:18:56.841+0000] {logging_mixin.py:151} INFO - [2025-01-16T19:18:56.840+0000] {dagbag.py:539} INFO - Filling up the DagBag from /opt/airflow/dags/db_to_xls.py
[2025-01-16T19:18:59.090+0000] {processor.py:839} INFO - DAG(s) dict_keys(['etl_process_with_excel_report']) retrieved from /opt/airflow/dags/db_to_xls.py
[2025-01-16T19:19:00.258+0000] {logging_mixin.py:151} INFO - [2025-01-16T19:19:00.256+0000] {dag.py:2907} INFO - Sync 1 DAGs
[2025-01-16T19:19:00.369+0000] {logging_mixin.py:151} INFO - [2025-01-16T19:19:00.369+0000] {dag.py:3677} INFO - Setting next_dagrun for etl_process_with_excel_report to 2025-01-15T00:00:00+00:00, run_after=2025-01-16T00:00:00+00:00
[2025-01-16T19:19:00.471+0000] {processor.py:179} INFO - Processing /opt/airflow/dags/db_to_xls.py took 3.712 seconds
[2025-01-16T19:19:25.123+0000] {processor.py:157} INFO - Started process (PID=171) to work on /opt/airflow/dags/db_to_xls.py
[2025-01-16T19:19:25.135+0000] {processor.py:829} INFO - Processing file /opt/airflow/dags/db_to_xls.py for tasks to queue
[2025-01-16T19:19:25.225+0000] {logging_mixin.py:151} INFO - [2025-01-16T19:19:25.207+0000] {dagbag.py:539} INFO - Filling up the DagBag from /opt/airflow/dags/db_to_xls.py
[2025-01-16T19:19:30.325+0000] {processor.py:839} INFO - DAG(s) dict_keys(['etl_process_with_excel_report']) retrieved from /opt/airflow/dags/db_to_xls.py
[2025-01-16T19:19:30.815+0000] {logging_mixin.py:151} INFO - [2025-01-16T19:19:30.813+0000] {dag.py:2907} INFO - Sync 1 DAGs
[2025-01-16T19:19:30.964+0000] {logging_mixin.py:151} INFO - [2025-01-16T19:19:30.963+0000] {dag.py:3677} INFO - Setting next_dagrun for etl_process_with_excel_report to 2025-01-15T00:00:00+00:00, run_after=2025-01-16T00:00:00+00:00
[2025-01-16T19:19:31.054+0000] {processor.py:179} INFO - Processing /opt/airflow/dags/db_to_xls.py took 6.061 seconds
[2025-01-16T19:20:02.291+0000] {processor.py:157} INFO - Started process (PID=177) to work on /opt/airflow/dags/db_to_xls.py
[2025-01-16T19:20:02.297+0000] {processor.py:829} INFO - Processing file /opt/airflow/dags/db_to_xls.py for tasks to queue
[2025-01-16T19:20:02.345+0000] {logging_mixin.py:151} INFO - [2025-01-16T19:20:02.342+0000] {dagbag.py:539} INFO - Filling up the DagBag from /opt/airflow/dags/db_to_xls.py
[2025-01-16T19:20:05.963+0000] {processor.py:839} INFO - DAG(s) dict_keys(['etl_process_with_excel_report']) retrieved from /opt/airflow/dags/db_to_xls.py
[2025-01-16T19:20:06.515+0000] {logging_mixin.py:151} INFO - [2025-01-16T19:20:06.512+0000] {dag.py:2907} INFO - Sync 1 DAGs
[2025-01-16T19:20:08.231+0000] {logging_mixin.py:151} INFO - [2025-01-16T19:20:08.230+0000] {dag.py:3677} INFO - Setting next_dagrun for etl_process_with_excel_report to 2025-01-15T00:00:00+00:00, run_after=2025-01-16T00:00:00+00:00
[2025-01-16T19:20:08.368+0000] {processor.py:179} INFO - Processing /opt/airflow/dags/db_to_xls.py took 6.144 seconds
[2025-01-16T19:20:39.596+0000] {processor.py:157} INFO - Started process (PID=183) to work on /opt/airflow/dags/db_to_xls.py
[2025-01-16T19:20:39.600+0000] {processor.py:829} INFO - Processing file /opt/airflow/dags/db_to_xls.py for tasks to queue
[2025-01-16T19:20:39.654+0000] {logging_mixin.py:151} INFO - [2025-01-16T19:20:39.652+0000] {dagbag.py:539} INFO - Filling up the DagBag from /opt/airflow/dags/db_to_xls.py
[2025-01-16T19:20:40.763+0000] {processor.py:839} INFO - DAG(s) dict_keys(['etl_process_with_excel_report']) retrieved from /opt/airflow/dags/db_to_xls.py
[2025-01-16T19:20:40.915+0000] {logging_mixin.py:151} INFO - [2025-01-16T19:20:40.914+0000] {dag.py:2907} INFO - Sync 1 DAGs
[2025-01-16T19:20:42.002+0000] {logging_mixin.py:151} INFO - [2025-01-16T19:20:42.001+0000] {dag.py:3677} INFO - Setting next_dagrun for etl_process_with_excel_report to 2025-01-15T00:00:00+00:00, run_after=2025-01-16T00:00:00+00:00
[2025-01-16T19:20:42.081+0000] {processor.py:179} INFO - Processing /opt/airflow/dags/db_to_xls.py took 2.505 seconds
[2025-01-16T19:21:13.641+0000] {processor.py:157} INFO - Started process (PID=192) to work on /opt/airflow/dags/db_to_xls.py
[2025-01-16T19:21:13.645+0000] {processor.py:829} INFO - Processing file /opt/airflow/dags/db_to_xls.py for tasks to queue
[2025-01-16T19:21:13.648+0000] {logging_mixin.py:151} INFO - [2025-01-16T19:21:13.647+0000] {dagbag.py:539} INFO - Filling up the DagBag from /opt/airflow/dags/db_to_xls.py
[2025-01-16T19:21:14.556+0000] {processor.py:839} INFO - DAG(s) dict_keys(['etl_process_with_excel_report']) retrieved from /opt/airflow/dags/db_to_xls.py
[2025-01-16T19:21:15.070+0000] {logging_mixin.py:151} INFO - [2025-01-16T19:21:15.070+0000] {dag.py:2907} INFO - Sync 1 DAGs
[2025-01-16T19:21:15.139+0000] {logging_mixin.py:151} INFO - [2025-01-16T19:21:15.139+0000] {dag.py:3677} INFO - Setting next_dagrun for etl_process_with_excel_report to 2025-01-16T00:00:00+00:00, run_after=2025-01-17T00:00:00+00:00
[2025-01-16T19:21:15.159+0000] {processor.py:179} INFO - Processing /opt/airflow/dags/db_to_xls.py took 1.566 seconds
[2025-01-16T19:21:45.375+0000] {processor.py:157} INFO - Started process (PID=198) to work on /opt/airflow/dags/db_to_xls.py
[2025-01-16T19:21:45.379+0000] {processor.py:829} INFO - Processing file /opt/airflow/dags/db_to_xls.py for tasks to queue
[2025-01-16T19:21:45.412+0000] {logging_mixin.py:151} INFO - [2025-01-16T19:21:45.389+0000] {dagbag.py:539} INFO - Filling up the DagBag from /opt/airflow/dags/db_to_xls.py
[2025-01-16T19:21:46.838+0000] {processor.py:839} INFO - DAG(s) dict_keys(['etl_process_with_excel_report']) retrieved from /opt/airflow/dags/db_to_xls.py
[2025-01-16T19:21:46.939+0000] {logging_mixin.py:151} INFO - [2025-01-16T19:21:46.939+0000] {dag.py:2907} INFO - Sync 1 DAGs
[2025-01-16T19:21:47.009+0000] {logging_mixin.py:151} INFO - [2025-01-16T19:21:47.009+0000] {dag.py:3677} INFO - Setting next_dagrun for etl_process_with_excel_report to 2025-01-16T00:00:00+00:00, run_after=2025-01-17T00:00:00+00:00
[2025-01-16T19:21:47.031+0000] {processor.py:179} INFO - Processing /opt/airflow/dags/db_to_xls.py took 1.670 seconds
[2025-01-16T19:22:18.390+0000] {processor.py:157} INFO - Started process (PID=205) to work on /opt/airflow/dags/db_to_xls.py
[2025-01-16T19:22:18.395+0000] {processor.py:829} INFO - Processing file /opt/airflow/dags/db_to_xls.py for tasks to queue
[2025-01-16T19:22:18.401+0000] {logging_mixin.py:151} INFO - [2025-01-16T19:22:18.399+0000] {dagbag.py:539} INFO - Filling up the DagBag from /opt/airflow/dags/db_to_xls.py
[2025-01-16T19:22:19.432+0000] {processor.py:839} INFO - DAG(s) dict_keys(['etl_process_with_excel_report']) retrieved from /opt/airflow/dags/db_to_xls.py
[2025-01-16T19:22:19.477+0000] {logging_mixin.py:151} INFO - [2025-01-16T19:22:19.476+0000] {dag.py:2907} INFO - Sync 1 DAGs
[2025-01-16T19:22:20.322+0000] {logging_mixin.py:151} INFO - [2025-01-16T19:22:20.322+0000] {dag.py:3677} INFO - Setting next_dagrun for etl_process_with_excel_report to 2025-01-16T00:00:00+00:00, run_after=2025-01-17T00:00:00+00:00
[2025-01-16T19:22:20.410+0000] {processor.py:179} INFO - Processing /opt/airflow/dags/db_to_xls.py took 2.103 seconds
[2025-01-16T19:22:51.095+0000] {processor.py:157} INFO - Started process (PID=213) to work on /opt/airflow/dags/db_to_xls.py
[2025-01-16T19:22:51.097+0000] {processor.py:829} INFO - Processing file /opt/airflow/dags/db_to_xls.py for tasks to queue
[2025-01-16T19:22:51.100+0000] {logging_mixin.py:151} INFO - [2025-01-16T19:22:51.099+0000] {dagbag.py:539} INFO - Filling up the DagBag from /opt/airflow/dags/db_to_xls.py
[2025-01-16T19:22:52.106+0000] {processor.py:839} INFO - DAG(s) dict_keys(['etl_process_with_excel_report']) retrieved from /opt/airflow/dags/db_to_xls.py
[2025-01-16T19:22:52.296+0000] {logging_mixin.py:151} INFO - [2025-01-16T19:22:52.295+0000] {dag.py:2907} INFO - Sync 1 DAGs
[2025-01-16T19:22:53.026+0000] {logging_mixin.py:151} INFO - [2025-01-16T19:22:53.025+0000] {dag.py:3677} INFO - Setting next_dagrun for etl_process_with_excel_report to 2025-01-16T00:00:00+00:00, run_after=2025-01-17T00:00:00+00:00
[2025-01-16T19:22:53.118+0000] {processor.py:179} INFO - Processing /opt/airflow/dags/db_to_xls.py took 2.029 seconds
[2025-01-16T19:23:23.970+0000] {processor.py:157} INFO - Started process (PID=219) to work on /opt/airflow/dags/db_to_xls.py
[2025-01-16T19:23:24.015+0000] {processor.py:829} INFO - Processing file /opt/airflow/dags/db_to_xls.py for tasks to queue
[2025-01-16T19:23:24.019+0000] {logging_mixin.py:151} INFO - [2025-01-16T19:23:24.018+0000] {dagbag.py:539} INFO - Filling up the DagBag from /opt/airflow/dags/db_to_xls.py
[2025-01-16T19:23:25.588+0000] {processor.py:839} INFO - DAG(s) dict_keys(['etl_process_with_excel_report']) retrieved from /opt/airflow/dags/db_to_xls.py
[2025-01-16T19:23:26.396+0000] {logging_mixin.py:151} INFO - [2025-01-16T19:23:26.395+0000] {dag.py:2907} INFO - Sync 1 DAGs
[2025-01-16T19:23:26.418+0000] {logging_mixin.py:151} INFO - [2025-01-16T19:23:26.417+0000] {dag.py:3677} INFO - Setting next_dagrun for etl_process_with_excel_report to 2025-01-16T00:00:00+00:00, run_after=2025-01-17T00:00:00+00:00
[2025-01-16T19:23:26.430+0000] {processor.py:179} INFO - Processing /opt/airflow/dags/db_to_xls.py took 2.473 seconds
[2025-01-16T19:23:52.921+0000] {processor.py:157} INFO - Started process (PID=225) to work on /opt/airflow/dags/db_to_xls.py
[2025-01-16T19:23:52.976+0000] {processor.py:829} INFO - Processing file /opt/airflow/dags/db_to_xls.py for tasks to queue
[2025-01-16T19:23:52.983+0000] {logging_mixin.py:151} INFO - [2025-01-16T19:23:52.981+0000] {dagbag.py:539} INFO - Filling up the DagBag from /opt/airflow/dags/db_to_xls.py
[2025-01-16T19:23:55.700+0000] {processor.py:839} INFO - DAG(s) dict_keys(['etl_process_with_excel_report']) retrieved from /opt/airflow/dags/db_to_xls.py
[2025-01-16T19:23:56.081+0000] {logging_mixin.py:151} INFO - [2025-01-16T19:23:56.080+0000] {dag.py:2907} INFO - Sync 1 DAGs
[2025-01-16T19:23:56.190+0000] {logging_mixin.py:151} INFO - [2025-01-16T19:23:56.189+0000] {dag.py:3677} INFO - Setting next_dagrun for etl_process_with_excel_report to 2025-01-16T00:00:00+00:00, run_after=2025-01-17T00:00:00+00:00
[2025-01-16T19:23:56.322+0000] {processor.py:179} INFO - Processing /opt/airflow/dags/db_to_xls.py took 3.428 seconds
[2025-01-16T19:24:08.141+0000] {processor.py:157} INFO - Started process (PID=231) to work on /opt/airflow/dags/db_to_xls.py
[2025-01-16T19:24:08.148+0000] {processor.py:829} INFO - Processing file /opt/airflow/dags/db_to_xls.py for tasks to queue
[2025-01-16T19:24:08.166+0000] {logging_mixin.py:151} INFO - [2025-01-16T19:24:08.153+0000] {dagbag.py:539} INFO - Filling up the DagBag from /opt/airflow/dags/db_to_xls.py
[2025-01-16T19:24:10.543+0000] {processor.py:839} INFO - DAG(s) dict_keys(['etl_process_with_excel_report']) retrieved from /opt/airflow/dags/db_to_xls.py
[2025-01-16T19:24:10.652+0000] {logging_mixin.py:151} INFO - [2025-01-16T19:24:10.648+0000] {dag.py:2907} INFO - Sync 1 DAGs
[2025-01-16T19:24:10.722+0000] {logging_mixin.py:151} INFO - [2025-01-16T19:24:10.722+0000] {dag.py:3677} INFO - Setting next_dagrun for etl_process_with_excel_report to 2025-01-16T00:00:00+00:00, run_after=2025-01-17T00:00:00+00:00
[2025-01-16T19:24:10.794+0000] {processor.py:179} INFO - Processing /opt/airflow/dags/db_to_xls.py took 2.688 seconds
[2025-01-16T19:24:41.252+0000] {processor.py:157} INFO - Started process (PID=237) to work on /opt/airflow/dags/db_to_xls.py
[2025-01-16T19:24:41.304+0000] {processor.py:829} INFO - Processing file /opt/airflow/dags/db_to_xls.py for tasks to queue
[2025-01-16T19:24:41.309+0000] {logging_mixin.py:151} INFO - [2025-01-16T19:24:41.308+0000] {dagbag.py:539} INFO - Filling up the DagBag from /opt/airflow/dags/db_to_xls.py
[2025-01-16T19:24:42.734+0000] {processor.py:839} INFO - DAG(s) dict_keys(['etl_process_with_excel_report']) retrieved from /opt/airflow/dags/db_to_xls.py
[2025-01-16T19:24:43.067+0000] {logging_mixin.py:151} INFO - [2025-01-16T19:24:43.065+0000] {dag.py:2907} INFO - Sync 1 DAGs
[2025-01-16T19:24:43.636+0000] {logging_mixin.py:151} INFO - [2025-01-16T19:24:43.635+0000] {dag.py:3677} INFO - Setting next_dagrun for etl_process_with_excel_report to 2025-01-16T00:00:00+00:00, run_after=2025-01-17T00:00:00+00:00
[2025-01-16T19:24:43.662+0000] {processor.py:179} INFO - Processing /opt/airflow/dags/db_to_xls.py took 2.423 seconds
[2025-01-16T19:25:14.802+0000] {processor.py:157} INFO - Started process (PID=243) to work on /opt/airflow/dags/db_to_xls.py
[2025-01-16T19:25:14.817+0000] {processor.py:829} INFO - Processing file /opt/airflow/dags/db_to_xls.py for tasks to queue
[2025-01-16T19:25:14.836+0000] {logging_mixin.py:151} INFO - [2025-01-16T19:25:14.834+0000] {dagbag.py:539} INFO - Filling up the DagBag from /opt/airflow/dags/db_to_xls.py
[2025-01-16T19:25:16.588+0000] {processor.py:839} INFO - DAG(s) dict_keys(['etl_process_with_excel_report']) retrieved from /opt/airflow/dags/db_to_xls.py
[2025-01-16T19:25:17.483+0000] {logging_mixin.py:151} INFO - [2025-01-16T19:25:17.456+0000] {dag.py:2907} INFO - Sync 1 DAGs
[2025-01-16T19:25:17.568+0000] {logging_mixin.py:151} INFO - [2025-01-16T19:25:17.568+0000] {dag.py:3677} INFO - Setting next_dagrun for etl_process_with_excel_report to 2025-01-16T00:00:00+00:00, run_after=2025-01-17T00:00:00+00:00
[2025-01-16T19:25:17.606+0000] {processor.py:179} INFO - Processing /opt/airflow/dags/db_to_xls.py took 2.825 seconds
[2025-01-16T19:25:48.313+0000] {processor.py:157} INFO - Started process (PID=252) to work on /opt/airflow/dags/db_to_xls.py
[2025-01-16T19:25:48.318+0000] {processor.py:829} INFO - Processing file /opt/airflow/dags/db_to_xls.py for tasks to queue
[2025-01-16T19:25:48.325+0000] {logging_mixin.py:151} INFO - [2025-01-16T19:25:48.323+0000] {dagbag.py:539} INFO - Filling up the DagBag from /opt/airflow/dags/db_to_xls.py
[2025-01-16T19:25:50.038+0000] {processor.py:839} INFO - DAG(s) dict_keys(['etl_process_with_excel_report']) retrieved from /opt/airflow/dags/db_to_xls.py
[2025-01-16T19:25:50.154+0000] {logging_mixin.py:151} INFO - [2025-01-16T19:25:50.153+0000] {dag.py:2907} INFO - Sync 1 DAGs
[2025-01-16T19:25:50.238+0000] {logging_mixin.py:151} INFO - [2025-01-16T19:25:50.238+0000] {dag.py:3677} INFO - Setting next_dagrun for etl_process_with_excel_report to 2025-01-16T00:00:00+00:00, run_after=2025-01-17T00:00:00+00:00
[2025-01-16T19:25:50.318+0000] {processor.py:179} INFO - Processing /opt/airflow/dags/db_to_xls.py took 2.021 seconds
[2025-01-16T19:26:21.422+0000] {processor.py:157} INFO - Started process (PID=258) to work on /opt/airflow/dags/db_to_xls.py
[2025-01-16T19:26:21.426+0000] {processor.py:829} INFO - Processing file /opt/airflow/dags/db_to_xls.py for tasks to queue
[2025-01-16T19:26:21.428+0000] {logging_mixin.py:151} INFO - [2025-01-16T19:26:21.427+0000] {dagbag.py:539} INFO - Filling up the DagBag from /opt/airflow/dags/db_to_xls.py
[2025-01-16T19:26:23.871+0000] {processor.py:839} INFO - DAG(s) dict_keys(['etl_process_with_excel_report']) retrieved from /opt/airflow/dags/db_to_xls.py
[2025-01-16T19:26:24.043+0000] {logging_mixin.py:151} INFO - [2025-01-16T19:26:24.020+0000] {dag.py:2907} INFO - Sync 1 DAGs
[2025-01-16T19:26:24.109+0000] {logging_mixin.py:151} INFO - [2025-01-16T19:26:24.108+0000] {dag.py:3677} INFO - Setting next_dagrun for etl_process_with_excel_report to 2025-01-16T00:00:00+00:00, run_after=2025-01-17T00:00:00+00:00
[2025-01-16T19:26:24.185+0000] {processor.py:179} INFO - Processing /opt/airflow/dags/db_to_xls.py took 2.768 seconds
[2025-01-16T19:26:55.314+0000] {processor.py:157} INFO - Started process (PID=264) to work on /opt/airflow/dags/db_to_xls.py
[2025-01-16T19:26:55.318+0000] {processor.py:829} INFO - Processing file /opt/airflow/dags/db_to_xls.py for tasks to queue
[2025-01-16T19:26:55.332+0000] {logging_mixin.py:151} INFO - [2025-01-16T19:26:55.330+0000] {dagbag.py:539} INFO - Filling up the DagBag from /opt/airflow/dags/db_to_xls.py
[2025-01-16T19:26:56.317+0000] {processor.py:839} INFO - DAG(s) dict_keys(['etl_process_with_excel_report']) retrieved from /opt/airflow/dags/db_to_xls.py
[2025-01-16T19:26:56.433+0000] {logging_mixin.py:151} INFO - [2025-01-16T19:26:56.433+0000] {dag.py:2907} INFO - Sync 1 DAGs
[2025-01-16T19:26:57.120+0000] {logging_mixin.py:151} INFO - [2025-01-16T19:26:57.119+0000] {dag.py:3677} INFO - Setting next_dagrun for etl_process_with_excel_report to 2025-01-16T00:00:00+00:00, run_after=2025-01-17T00:00:00+00:00
[2025-01-16T19:26:57.195+0000] {processor.py:179} INFO - Processing /opt/airflow/dags/db_to_xls.py took 1.947 seconds
[2025-01-16T19:27:28.389+0000] {processor.py:157} INFO - Started process (PID=270) to work on /opt/airflow/dags/db_to_xls.py
[2025-01-16T19:27:28.396+0000] {processor.py:829} INFO - Processing file /opt/airflow/dags/db_to_xls.py for tasks to queue
[2025-01-16T19:27:28.452+0000] {logging_mixin.py:151} INFO - [2025-01-16T19:27:28.448+0000] {dagbag.py:539} INFO - Filling up the DagBag from /opt/airflow/dags/db_to_xls.py
[2025-01-16T19:27:30.592+0000] {processor.py:839} INFO - DAG(s) dict_keys(['etl_process_with_excel_report']) retrieved from /opt/airflow/dags/db_to_xls.py
[2025-01-16T19:27:32.045+0000] {logging_mixin.py:151} INFO - [2025-01-16T19:27:32.033+0000] {dag.py:2907} INFO - Sync 1 DAGs
[2025-01-16T19:27:32.683+0000] {logging_mixin.py:151} INFO - [2025-01-16T19:27:32.680+0000] {dag.py:3677} INFO - Setting next_dagrun for etl_process_with_excel_report to 2025-01-16T00:00:00+00:00, run_after=2025-01-17T00:00:00+00:00
[2025-01-16T19:27:33.058+0000] {processor.py:179} INFO - Processing /opt/airflow/dags/db_to_xls.py took 4.685 seconds
[2025-01-16T19:28:04.631+0000] {processor.py:157} INFO - Started process (PID=276) to work on /opt/airflow/dags/db_to_xls.py
[2025-01-16T19:28:04.637+0000] {processor.py:829} INFO - Processing file /opt/airflow/dags/db_to_xls.py for tasks to queue
[2025-01-16T19:28:04.641+0000] {logging_mixin.py:151} INFO - [2025-01-16T19:28:04.639+0000] {dagbag.py:539} INFO - Filling up the DagBag from /opt/airflow/dags/db_to_xls.py
[2025-01-16T19:28:06.433+0000] {processor.py:839} INFO - DAG(s) dict_keys(['etl_process_with_excel_report']) retrieved from /opt/airflow/dags/db_to_xls.py
[2025-01-16T19:28:06.551+0000] {logging_mixin.py:151} INFO - [2025-01-16T19:28:06.550+0000] {dag.py:2907} INFO - Sync 1 DAGs
[2025-01-16T19:28:06.649+0000] {logging_mixin.py:151} INFO - [2025-01-16T19:28:06.649+0000] {dag.py:3677} INFO - Setting next_dagrun for etl_process_with_excel_report to 2025-01-16T00:00:00+00:00, run_after=2025-01-17T00:00:00+00:00
[2025-01-16T19:28:06.826+0000] {processor.py:179} INFO - Processing /opt/airflow/dags/db_to_xls.py took 2.206 seconds
[2025-01-16T19:28:37.408+0000] {processor.py:157} INFO - Started process (PID=282) to work on /opt/airflow/dags/db_to_xls.py
[2025-01-16T19:28:37.417+0000] {processor.py:829} INFO - Processing file /opt/airflow/dags/db_to_xls.py for tasks to queue
[2025-01-16T19:28:37.423+0000] {logging_mixin.py:151} INFO - [2025-01-16T19:28:37.422+0000] {dagbag.py:539} INFO - Filling up the DagBag from /opt/airflow/dags/db_to_xls.py
[2025-01-16T19:28:40.142+0000] {processor.py:839} INFO - DAG(s) dict_keys(['etl_process_with_excel_report']) retrieved from /opt/airflow/dags/db_to_xls.py
[2025-01-16T19:28:40.383+0000] {logging_mixin.py:151} INFO - [2025-01-16T19:28:40.382+0000] {dag.py:2907} INFO - Sync 1 DAGs
[2025-01-16T19:28:40.405+0000] {logging_mixin.py:151} INFO - [2025-01-16T19:28:40.405+0000] {dag.py:3677} INFO - Setting next_dagrun for etl_process_with_excel_report to 2025-01-16T00:00:00+00:00, run_after=2025-01-17T00:00:00+00:00
[2025-01-16T19:28:40.419+0000] {processor.py:179} INFO - Processing /opt/airflow/dags/db_to_xls.py took 3.062 seconds
[2025-01-16T19:29:11.403+0000] {processor.py:157} INFO - Started process (PID=288) to work on /opt/airflow/dags/db_to_xls.py
[2025-01-16T19:29:11.446+0000] {processor.py:829} INFO - Processing file /opt/airflow/dags/db_to_xls.py for tasks to queue
[2025-01-16T19:29:11.449+0000] {logging_mixin.py:151} INFO - [2025-01-16T19:29:11.447+0000] {dagbag.py:539} INFO - Filling up the DagBag from /opt/airflow/dags/db_to_xls.py
[2025-01-16T19:29:13.141+0000] {processor.py:839} INFO - DAG(s) dict_keys(['etl_process_with_excel_report']) retrieved from /opt/airflow/dags/db_to_xls.py
[2025-01-16T19:29:13.381+0000] {logging_mixin.py:151} INFO - [2025-01-16T19:29:13.380+0000] {dag.py:2907} INFO - Sync 1 DAGs
[2025-01-16T19:29:14.359+0000] {logging_mixin.py:151} INFO - [2025-01-16T19:29:14.359+0000] {dag.py:3677} INFO - Setting next_dagrun for etl_process_with_excel_report to 2025-01-16T00:00:00+00:00, run_after=2025-01-17T00:00:00+00:00
[2025-01-16T19:29:14.418+0000] {processor.py:179} INFO - Processing /opt/airflow/dags/db_to_xls.py took 3.022 seconds
[2025-01-16T19:32:17.107+0000] {processor.py:157} INFO - Started process (PID=159) to work on /opt/airflow/dags/db_to_xls.py
[2025-01-16T19:32:17.119+0000] {processor.py:829} INFO - Processing file /opt/airflow/dags/db_to_xls.py for tasks to queue
[2025-01-16T19:32:17.123+0000] {logging_mixin.py:151} INFO - [2025-01-16T19:32:17.122+0000] {dagbag.py:539} INFO - Filling up the DagBag from /opt/airflow/dags/db_to_xls.py
[2025-01-16T19:32:21.730+0000] {processor.py:839} INFO - DAG(s) dict_keys(['etl_process_with_excel_report']) retrieved from /opt/airflow/dags/db_to_xls.py
[2025-01-16T19:32:22.867+0000] {logging_mixin.py:151} INFO - [2025-01-16T19:32:22.865+0000] {dag.py:2907} INFO - Sync 1 DAGs
[2025-01-16T19:32:22.972+0000] {logging_mixin.py:151} INFO - [2025-01-16T19:32:22.972+0000] {dag.py:3677} INFO - Setting next_dagrun for etl_process_with_excel_report to 2025-01-16T00:00:00+00:00, run_after=2025-01-17T00:00:00+00:00
[2025-01-16T19:32:23.052+0000] {processor.py:179} INFO - Processing /opt/airflow/dags/db_to_xls.py took 5.952 seconds
[2025-01-16T19:32:53.855+0000] {processor.py:157} INFO - Started process (PID=165) to work on /opt/airflow/dags/db_to_xls.py
[2025-01-16T19:32:53.909+0000] {processor.py:829} INFO - Processing file /opt/airflow/dags/db_to_xls.py for tasks to queue
[2025-01-16T19:32:53.915+0000] {logging_mixin.py:151} INFO - [2025-01-16T19:32:53.912+0000] {dagbag.py:539} INFO - Filling up the DagBag from /opt/airflow/dags/db_to_xls.py
[2025-01-16T19:32:56.460+0000] {processor.py:839} INFO - DAG(s) dict_keys(['etl_process_with_excel_report']) retrieved from /opt/airflow/dags/db_to_xls.py
[2025-01-16T19:32:58.733+0000] {logging_mixin.py:151} INFO - [2025-01-16T19:32:58.732+0000] {dag.py:2907} INFO - Sync 1 DAGs
[2025-01-16T19:32:58.766+0000] {logging_mixin.py:151} INFO - [2025-01-16T19:32:58.765+0000] {dag.py:3677} INFO - Setting next_dagrun for etl_process_with_excel_report to 2025-01-16T00:00:00+00:00, run_after=2025-01-17T00:00:00+00:00
[2025-01-16T19:32:58.947+0000] {processor.py:179} INFO - Processing /opt/airflow/dags/db_to_xls.py took 5.112 seconds
[2025-01-16T19:33:30.219+0000] {processor.py:157} INFO - Started process (PID=171) to work on /opt/airflow/dags/db_to_xls.py
[2025-01-16T19:33:30.230+0000] {processor.py:829} INFO - Processing file /opt/airflow/dags/db_to_xls.py for tasks to queue
[2025-01-16T19:33:30.279+0000] {logging_mixin.py:151} INFO - [2025-01-16T19:33:30.277+0000] {dagbag.py:539} INFO - Filling up the DagBag from /opt/airflow/dags/db_to_xls.py
[2025-01-16T19:33:32.558+0000] {processor.py:839} INFO - DAG(s) dict_keys(['etl_process_with_excel_report']) retrieved from /opt/airflow/dags/db_to_xls.py
[2025-01-16T19:33:32.868+0000] {logging_mixin.py:151} INFO - [2025-01-16T19:33:32.866+0000] {dag.py:2907} INFO - Sync 1 DAGs
[2025-01-16T19:33:32.982+0000] {logging_mixin.py:151} INFO - [2025-01-16T19:33:32.981+0000] {dag.py:3677} INFO - Setting next_dagrun for etl_process_with_excel_report to 2025-01-16T00:00:00+00:00, run_after=2025-01-17T00:00:00+00:00
[2025-01-16T19:33:33.084+0000] {processor.py:179} INFO - Processing /opt/airflow/dags/db_to_xls.py took 2.889 seconds
[2025-01-16T19:34:04.608+0000] {processor.py:157} INFO - Started process (PID=177) to work on /opt/airflow/dags/db_to_xls.py
[2025-01-16T19:34:04.613+0000] {processor.py:829} INFO - Processing file /opt/airflow/dags/db_to_xls.py for tasks to queue
[2025-01-16T19:34:04.617+0000] {logging_mixin.py:151} INFO - [2025-01-16T19:34:04.616+0000] {dagbag.py:539} INFO - Filling up the DagBag from /opt/airflow/dags/db_to_xls.py
[2025-01-16T19:34:06.304+0000] {processor.py:839} INFO - DAG(s) dict_keys(['etl_process_with_excel_report']) retrieved from /opt/airflow/dags/db_to_xls.py
[2025-01-16T19:34:06.357+0000] {logging_mixin.py:151} INFO - [2025-01-16T19:34:06.355+0000] {dag.py:2907} INFO - Sync 1 DAGs
[2025-01-16T19:34:07.613+0000] {logging_mixin.py:151} INFO - [2025-01-16T19:34:07.612+0000] {dag.py:3677} INFO - Setting next_dagrun for etl_process_with_excel_report to 2025-01-16T00:00:00+00:00, run_after=2025-01-17T00:00:00+00:00
[2025-01-16T19:34:07.828+0000] {processor.py:179} INFO - Processing /opt/airflow/dags/db_to_xls.py took 3.231 seconds
[2025-01-16T19:34:38.591+0000] {processor.py:157} INFO - Started process (PID=186) to work on /opt/airflow/dags/db_to_xls.py
[2025-01-16T19:34:38.596+0000] {processor.py:829} INFO - Processing file /opt/airflow/dags/db_to_xls.py for tasks to queue
[2025-01-16T19:34:38.601+0000] {logging_mixin.py:151} INFO - [2025-01-16T19:34:38.599+0000] {dagbag.py:539} INFO - Filling up the DagBag from /opt/airflow/dags/db_to_xls.py
[2025-01-16T19:34:39.758+0000] {processor.py:839} INFO - DAG(s) dict_keys(['etl_process_with_excel_report']) retrieved from /opt/airflow/dags/db_to_xls.py
[2025-01-16T19:34:40.665+0000] {logging_mixin.py:151} INFO - [2025-01-16T19:34:40.665+0000] {dag.py:2907} INFO - Sync 1 DAGs
[2025-01-16T19:34:40.755+0000] {logging_mixin.py:151} INFO - [2025-01-16T19:34:40.755+0000] {dag.py:3677} INFO - Setting next_dagrun for etl_process_with_excel_report to 2025-01-16T00:00:00+00:00, run_after=2025-01-17T00:00:00+00:00
[2025-01-16T19:34:40.843+0000] {processor.py:179} INFO - Processing /opt/airflow/dags/db_to_xls.py took 2.299 seconds
[2025-01-16T19:35:11.412+0000] {processor.py:157} INFO - Started process (PID=192) to work on /opt/airflow/dags/db_to_xls.py
[2025-01-16T19:35:11.440+0000] {processor.py:829} INFO - Processing file /opt/airflow/dags/db_to_xls.py for tasks to queue
[2025-01-16T19:35:11.444+0000] {logging_mixin.py:151} INFO - [2025-01-16T19:35:11.443+0000] {dagbag.py:539} INFO - Filling up the DagBag from /opt/airflow/dags/db_to_xls.py
[2025-01-16T19:35:12.586+0000] {processor.py:839} INFO - DAG(s) dict_keys(['etl_process_with_excel_report']) retrieved from /opt/airflow/dags/db_to_xls.py
[2025-01-16T19:35:12.755+0000] {logging_mixin.py:151} INFO - [2025-01-16T19:35:12.754+0000] {dag.py:2907} INFO - Sync 1 DAGs
[2025-01-16T19:35:12.841+0000] {logging_mixin.py:151} INFO - [2025-01-16T19:35:12.841+0000] {dag.py:3677} INFO - Setting next_dagrun for etl_process_with_excel_report to 2025-01-16T00:00:00+00:00, run_after=2025-01-17T00:00:00+00:00
[2025-01-16T19:35:12.961+0000] {processor.py:179} INFO - Processing /opt/airflow/dags/db_to_xls.py took 1.585 seconds
[2025-01-16T19:35:43.414+0000] {processor.py:157} INFO - Started process (PID=198) to work on /opt/airflow/dags/db_to_xls.py
[2025-01-16T19:35:43.435+0000] {processor.py:829} INFO - Processing file /opt/airflow/dags/db_to_xls.py for tasks to queue
[2025-01-16T19:35:43.442+0000] {logging_mixin.py:151} INFO - [2025-01-16T19:35:43.441+0000] {dagbag.py:539} INFO - Filling up the DagBag from /opt/airflow/dags/db_to_xls.py
[2025-01-16T19:35:44.773+0000] {processor.py:839} INFO - DAG(s) dict_keys(['etl_process_with_excel_report']) retrieved from /opt/airflow/dags/db_to_xls.py
[2025-01-16T19:35:44.932+0000] {logging_mixin.py:151} INFO - [2025-01-16T19:35:44.926+0000] {dag.py:2907} INFO - Sync 1 DAGs
[2025-01-16T19:35:45.161+0000] {logging_mixin.py:151} INFO - [2025-01-16T19:35:45.161+0000] {dag.py:3677} INFO - Setting next_dagrun for etl_process_with_excel_report to 2025-01-16T00:00:00+00:00, run_after=2025-01-17T00:00:00+00:00
[2025-01-16T19:35:45.325+0000] {processor.py:179} INFO - Processing /opt/airflow/dags/db_to_xls.py took 1.973 seconds
[2025-01-16T19:36:16.306+0000] {processor.py:157} INFO - Started process (PID=204) to work on /opt/airflow/dags/db_to_xls.py
[2025-01-16T19:36:16.319+0000] {processor.py:829} INFO - Processing file /opt/airflow/dags/db_to_xls.py for tasks to queue
[2025-01-16T19:36:16.325+0000] {logging_mixin.py:151} INFO - [2025-01-16T19:36:16.322+0000] {dagbag.py:539} INFO - Filling up the DagBag from /opt/airflow/dags/db_to_xls.py
[2025-01-16T19:36:18.121+0000] {processor.py:839} INFO - DAG(s) dict_keys(['etl_process_with_excel_report']) retrieved from /opt/airflow/dags/db_to_xls.py
[2025-01-16T19:36:18.284+0000] {logging_mixin.py:151} INFO - [2025-01-16T19:36:18.283+0000] {dag.py:2907} INFO - Sync 1 DAGs
[2025-01-16T19:36:18.920+0000] {logging_mixin.py:151} INFO - [2025-01-16T19:36:18.920+0000] {dag.py:3677} INFO - Setting next_dagrun for etl_process_with_excel_report to 2025-01-16T00:00:00+00:00, run_after=2025-01-17T00:00:00+00:00
[2025-01-16T19:36:18.951+0000] {processor.py:179} INFO - Processing /opt/airflow/dags/db_to_xls.py took 2.702 seconds
[2025-01-16T19:38:41.578+0000] {processor.py:157} INFO - Started process (PID=159) to work on /opt/airflow/dags/db_to_xls.py
[2025-01-16T19:38:41.585+0000] {processor.py:829} INFO - Processing file /opt/airflow/dags/db_to_xls.py for tasks to queue
[2025-01-16T19:38:41.593+0000] {logging_mixin.py:151} INFO - [2025-01-16T19:38:41.592+0000] {dagbag.py:539} INFO - Filling up the DagBag from /opt/airflow/dags/db_to_xls.py
[2025-01-16T19:38:47.055+0000] {processor.py:839} INFO - DAG(s) dict_keys(['etl_process_with_excel_report']) retrieved from /opt/airflow/dags/db_to_xls.py
[2025-01-16T19:38:48.959+0000] {logging_mixin.py:151} INFO - [2025-01-16T19:38:48.958+0000] {dag.py:2907} INFO - Sync 1 DAGs
[2025-01-16T19:38:49.152+0000] {logging_mixin.py:151} INFO - [2025-01-16T19:38:49.152+0000] {dag.py:3677} INFO - Setting next_dagrun for etl_process_with_excel_report to 2025-01-16T00:00:00+00:00, run_after=2025-01-17T00:00:00+00:00
[2025-01-16T19:38:49.300+0000] {processor.py:179} INFO - Processing /opt/airflow/dags/db_to_xls.py took 7.763 seconds
[2025-01-16T19:39:20.664+0000] {processor.py:157} INFO - Started process (PID=165) to work on /opt/airflow/dags/db_to_xls.py
[2025-01-16T19:39:20.670+0000] {processor.py:829} INFO - Processing file /opt/airflow/dags/db_to_xls.py for tasks to queue
[2025-01-16T19:39:20.729+0000] {logging_mixin.py:151} INFO - [2025-01-16T19:39:20.727+0000] {dagbag.py:539} INFO - Filling up the DagBag from /opt/airflow/dags/db_to_xls.py
[2025-01-16T19:39:23.254+0000] {processor.py:839} INFO - DAG(s) dict_keys(['etl_process_with_excel_report']) retrieved from /opt/airflow/dags/db_to_xls.py
[2025-01-16T19:39:24.816+0000] {logging_mixin.py:151} INFO - [2025-01-16T19:39:24.815+0000] {dag.py:2907} INFO - Sync 1 DAGs
[2025-01-16T19:39:24.855+0000] {logging_mixin.py:151} INFO - [2025-01-16T19:39:24.855+0000] {dag.py:3677} INFO - Setting next_dagrun for etl_process_with_excel_report to 2025-01-16T00:00:00+00:00, run_after=2025-01-17T00:00:00+00:00
[2025-01-16T19:39:24.937+0000] {processor.py:179} INFO - Processing /opt/airflow/dags/db_to_xls.py took 4.305 seconds
[2025-01-16T19:39:55.835+0000] {processor.py:157} INFO - Started process (PID=171) to work on /opt/airflow/dags/db_to_xls.py
[2025-01-16T19:39:55.839+0000] {processor.py:829} INFO - Processing file /opt/airflow/dags/db_to_xls.py for tasks to queue
[2025-01-16T19:39:55.844+0000] {logging_mixin.py:151} INFO - [2025-01-16T19:39:55.842+0000] {dagbag.py:539} INFO - Filling up the DagBag from /opt/airflow/dags/db_to_xls.py
[2025-01-16T19:39:57.480+0000] {processor.py:839} INFO - DAG(s) dict_keys(['etl_process_with_excel_report']) retrieved from /opt/airflow/dags/db_to_xls.py
[2025-01-16T19:39:57.765+0000] {logging_mixin.py:151} INFO - [2025-01-16T19:39:57.764+0000] {dag.py:2907} INFO - Sync 1 DAGs
[2025-01-16T19:39:57.801+0000] {logging_mixin.py:151} INFO - [2025-01-16T19:39:57.801+0000] {dag.py:3677} INFO - Setting next_dagrun for etl_process_with_excel_report to 2025-01-16T00:00:00+00:00, run_after=2025-01-17T00:00:00+00:00
[2025-01-16T19:39:57.957+0000] {processor.py:179} INFO - Processing /opt/airflow/dags/db_to_xls.py took 2.166 seconds
[2025-01-16T19:40:28.857+0000] {processor.py:157} INFO - Started process (PID=180) to work on /opt/airflow/dags/db_to_xls.py
[2025-01-16T19:40:28.862+0000] {processor.py:829} INFO - Processing file /opt/airflow/dags/db_to_xls.py for tasks to queue
[2025-01-16T19:40:28.866+0000] {logging_mixin.py:151} INFO - [2025-01-16T19:40:28.864+0000] {dagbag.py:539} INFO - Filling up the DagBag from /opt/airflow/dags/db_to_xls.py
[2025-01-16T19:40:29.954+0000] {processor.py:839} INFO - DAG(s) dict_keys(['etl_process_with_excel_report']) retrieved from /opt/airflow/dags/db_to_xls.py
[2025-01-16T19:40:29.996+0000] {logging_mixin.py:151} INFO - [2025-01-16T19:40:29.996+0000] {dag.py:2907} INFO - Sync 1 DAGs
[2025-01-16T19:40:30.445+0000] {logging_mixin.py:151} INFO - [2025-01-16T19:40:30.444+0000] {dag.py:3677} INFO - Setting next_dagrun for etl_process_with_excel_report to 2025-01-16T00:00:00+00:00, run_after=2025-01-17T00:00:00+00:00
[2025-01-16T19:40:30.505+0000] {processor.py:179} INFO - Processing /opt/airflow/dags/db_to_xls.py took 1.701 seconds
[2025-01-16T19:41:01.324+0000] {processor.py:157} INFO - Started process (PID=186) to work on /opt/airflow/dags/db_to_xls.py
[2025-01-16T19:41:01.329+0000] {processor.py:829} INFO - Processing file /opt/airflow/dags/db_to_xls.py for tasks to queue
[2025-01-16T19:41:01.333+0000] {logging_mixin.py:151} INFO - [2025-01-16T19:41:01.331+0000] {dagbag.py:539} INFO - Filling up the DagBag from /opt/airflow/dags/db_to_xls.py
[2025-01-16T19:41:03.123+0000] {processor.py:839} INFO - DAG(s) dict_keys(['etl_process_with_excel_report']) retrieved from /opt/airflow/dags/db_to_xls.py
[2025-01-16T19:41:03.592+0000] {logging_mixin.py:151} INFO - [2025-01-16T19:41:03.591+0000] {dag.py:2907} INFO - Sync 1 DAGs
[2025-01-16T19:41:04.603+0000] {logging_mixin.py:151} INFO - [2025-01-16T19:41:04.603+0000] {dag.py:3677} INFO - Setting next_dagrun for etl_process_with_excel_report to 2025-01-16T00:00:00+00:00, run_after=2025-01-17T00:00:00+00:00
[2025-01-16T19:41:04.897+0000] {processor.py:179} INFO - Processing /opt/airflow/dags/db_to_xls.py took 3.586 seconds
[2025-01-16T19:41:36.942+0000] {processor.py:157} INFO - Started process (PID=192) to work on /opt/airflow/dags/db_to_xls.py
[2025-01-16T19:41:36.993+0000] {processor.py:829} INFO - Processing file /opt/airflow/dags/db_to_xls.py for tasks to queue
[2025-01-16T19:41:37.046+0000] {logging_mixin.py:151} INFO - [2025-01-16T19:41:37.016+0000] {dagbag.py:539} INFO - Filling up the DagBag from /opt/airflow/dags/db_to_xls.py
[2025-01-16T19:41:41.397+0000] {processor.py:839} INFO - DAG(s) dict_keys(['etl_process_with_excel_report']) retrieved from /opt/airflow/dags/db_to_xls.py
[2025-01-16T19:41:42.009+0000] {logging_mixin.py:151} INFO - [2025-01-16T19:41:42.006+0000] {dag.py:2907} INFO - Sync 1 DAGs
[2025-01-16T19:41:42.110+0000] {logging_mixin.py:151} INFO - [2025-01-16T19:41:42.109+0000] {dag.py:3677} INFO - Setting next_dagrun for etl_process_with_excel_report to 2025-01-16T00:00:00+00:00, run_after=2025-01-17T00:00:00+00:00
[2025-01-16T19:41:42.173+0000] {processor.py:179} INFO - Processing /opt/airflow/dags/db_to_xls.py took 5.339 seconds
[2025-01-16T19:42:13.579+0000] {processor.py:157} INFO - Started process (PID=198) to work on /opt/airflow/dags/db_to_xls.py
[2025-01-16T19:42:13.587+0000] {processor.py:829} INFO - Processing file /opt/airflow/dags/db_to_xls.py for tasks to queue
[2025-01-16T19:42:13.611+0000] {logging_mixin.py:151} INFO - [2025-01-16T19:42:13.598+0000] {dagbag.py:539} INFO - Filling up the DagBag from /opt/airflow/dags/db_to_xls.py
[2025-01-16T19:42:14.717+0000] {processor.py:839} INFO - DAG(s) dict_keys(['etl_process_with_excel_report']) retrieved from /opt/airflow/dags/db_to_xls.py
[2025-01-16T19:42:14.892+0000] {logging_mixin.py:151} INFO - [2025-01-16T19:42:14.891+0000] {dag.py:2907} INFO - Sync 1 DAGs
[2025-01-16T19:42:14.918+0000] {logging_mixin.py:151} INFO - [2025-01-16T19:42:14.918+0000] {dag.py:3677} INFO - Setting next_dagrun for etl_process_with_excel_report to 2025-01-16T00:00:00+00:00, run_after=2025-01-17T00:00:00+00:00
[2025-01-16T19:42:14.936+0000] {processor.py:179} INFO - Processing /opt/airflow/dags/db_to_xls.py took 1.371 seconds
[2025-01-16T19:42:45.339+0000] {processor.py:157} INFO - Started process (PID=204) to work on /opt/airflow/dags/db_to_xls.py
[2025-01-16T19:42:45.355+0000] {processor.py:829} INFO - Processing file /opt/airflow/dags/db_to_xls.py for tasks to queue
[2025-01-16T19:42:45.357+0000] {logging_mixin.py:151} INFO - [2025-01-16T19:42:45.356+0000] {dagbag.py:539} INFO - Filling up the DagBag from /opt/airflow/dags/db_to_xls.py
[2025-01-16T19:42:46.924+0000] {processor.py:839} INFO - DAG(s) dict_keys(['etl_process_with_excel_report']) retrieved from /opt/airflow/dags/db_to_xls.py
[2025-01-16T19:42:47.153+0000] {logging_mixin.py:151} INFO - [2025-01-16T19:42:47.152+0000] {dag.py:2907} INFO - Sync 1 DAGs
[2025-01-16T19:42:47.929+0000] {logging_mixin.py:151} INFO - [2025-01-16T19:42:47.929+0000] {dag.py:3677} INFO - Setting next_dagrun for etl_process_with_excel_report to 2025-01-16T00:00:00+00:00, run_after=2025-01-17T00:00:00+00:00
[2025-01-16T19:42:48.003+0000] {processor.py:179} INFO - Processing /opt/airflow/dags/db_to_xls.py took 2.704 seconds
[2025-01-16T19:43:19.554+0000] {processor.py:157} INFO - Started process (PID=210) to work on /opt/airflow/dags/db_to_xls.py
[2025-01-16T19:43:19.560+0000] {processor.py:829} INFO - Processing file /opt/airflow/dags/db_to_xls.py for tasks to queue
[2025-01-16T19:43:19.565+0000] {logging_mixin.py:151} INFO - [2025-01-16T19:43:19.563+0000] {dagbag.py:539} INFO - Filling up the DagBag from /opt/airflow/dags/db_to_xls.py
[2025-01-16T19:43:21.035+0000] {processor.py:839} INFO - DAG(s) dict_keys(['etl_process_with_excel_report']) retrieved from /opt/airflow/dags/db_to_xls.py
[2025-01-16T19:43:21.155+0000] {logging_mixin.py:151} INFO - [2025-01-16T19:43:21.155+0000] {dag.py:2907} INFO - Sync 1 DAGs
[2025-01-16T19:43:21.594+0000] {logging_mixin.py:151} INFO - [2025-01-16T19:43:21.594+0000] {dag.py:3677} INFO - Setting next_dagrun for etl_process_with_excel_report to 2025-01-16T00:00:00+00:00, run_after=2025-01-17T00:00:00+00:00
[2025-01-16T19:43:21.660+0000] {processor.py:179} INFO - Processing /opt/airflow/dags/db_to_xls.py took 2.164 seconds
[2025-01-16T19:45:29.507+0000] {processor.py:157} INFO - Started process (PID=159) to work on /opt/airflow/dags/db_to_xls.py
[2025-01-16T19:45:29.513+0000] {processor.py:829} INFO - Processing file /opt/airflow/dags/db_to_xls.py for tasks to queue
[2025-01-16T19:45:29.517+0000] {logging_mixin.py:151} INFO - [2025-01-16T19:45:29.516+0000] {dagbag.py:539} INFO - Filling up the DagBag from /opt/airflow/dags/db_to_xls.py
[2025-01-16T19:45:35.032+0000] {processor.py:839} INFO - DAG(s) dict_keys(['etl_process_with_excel_report']) retrieved from /opt/airflow/dags/db_to_xls.py
[2025-01-16T19:45:36.024+0000] {logging_mixin.py:151} INFO - [2025-01-16T19:45:36.023+0000] {dag.py:2907} INFO - Sync 1 DAGs
[2025-01-16T19:45:36.104+0000] {logging_mixin.py:151} INFO - [2025-01-16T19:45:36.104+0000] {dag.py:3677} INFO - Setting next_dagrun for etl_process_with_excel_report to 2025-01-16T00:00:00+00:00, run_after=2025-01-17T00:00:00+00:00
[2025-01-16T19:45:36.176+0000] {processor.py:179} INFO - Processing /opt/airflow/dags/db_to_xls.py took 6.676 seconds
[2025-01-16T19:46:06.996+0000] {processor.py:157} INFO - Started process (PID=165) to work on /opt/airflow/dags/db_to_xls.py
[2025-01-16T19:46:07.006+0000] {processor.py:829} INFO - Processing file /opt/airflow/dags/db_to_xls.py for tasks to queue
[2025-01-16T19:46:07.012+0000] {logging_mixin.py:151} INFO - [2025-01-16T19:46:07.010+0000] {dagbag.py:539} INFO - Filling up the DagBag from /opt/airflow/dags/db_to_xls.py
[2025-01-16T19:46:09.019+0000] {processor.py:839} INFO - DAG(s) dict_keys(['etl_process_with_excel_report']) retrieved from /opt/airflow/dags/db_to_xls.py
[2025-01-16T19:46:10.166+0000] {logging_mixin.py:151} INFO - [2025-01-16T19:46:10.161+0000] {dag.py:2907} INFO - Sync 1 DAGs
[2025-01-16T19:46:10.394+0000] {logging_mixin.py:151} INFO - [2025-01-16T19:46:10.394+0000] {dag.py:3677} INFO - Setting next_dagrun for etl_process_with_excel_report to 2025-01-16T00:00:00+00:00, run_after=2025-01-17T00:00:00+00:00
[2025-01-16T19:46:10.495+0000] {processor.py:179} INFO - Processing /opt/airflow/dags/db_to_xls.py took 3.612 seconds
[2025-01-16T19:46:41.437+0000] {processor.py:157} INFO - Started process (PID=171) to work on /opt/airflow/dags/db_to_xls.py
[2025-01-16T19:46:41.485+0000] {processor.py:829} INFO - Processing file /opt/airflow/dags/db_to_xls.py for tasks to queue
[2025-01-16T19:46:41.488+0000] {logging_mixin.py:151} INFO - [2025-01-16T19:46:41.486+0000] {dagbag.py:539} INFO - Filling up the DagBag from /opt/airflow/dags/db_to_xls.py
[2025-01-16T19:46:42.838+0000] {processor.py:839} INFO - DAG(s) dict_keys(['etl_process_with_excel_report']) retrieved from /opt/airflow/dags/db_to_xls.py
[2025-01-16T19:46:42.993+0000] {logging_mixin.py:151} INFO - [2025-01-16T19:46:42.992+0000] {dag.py:2907} INFO - Sync 1 DAGs
[2025-01-16T19:46:43.032+0000] {logging_mixin.py:151} INFO - [2025-01-16T19:46:43.031+0000] {dag.py:3677} INFO - Setting next_dagrun for etl_process_with_excel_report to 2025-01-16T00:00:00+00:00, run_after=2025-01-17T00:00:00+00:00
[2025-01-16T19:46:43.109+0000] {processor.py:179} INFO - Processing /opt/airflow/dags/db_to_xls.py took 1.686 seconds
[2025-01-16T19:47:14.187+0000] {processor.py:157} INFO - Started process (PID=180) to work on /opt/airflow/dags/db_to_xls.py
[2025-01-16T19:47:14.190+0000] {processor.py:829} INFO - Processing file /opt/airflow/dags/db_to_xls.py for tasks to queue
[2025-01-16T19:47:14.193+0000] {logging_mixin.py:151} INFO - [2025-01-16T19:47:14.192+0000] {dagbag.py:539} INFO - Filling up the DagBag from /opt/airflow/dags/db_to_xls.py
[2025-01-16T19:47:15.940+0000] {processor.py:839} INFO - DAG(s) dict_keys(['etl_process_with_excel_report']) retrieved from /opt/airflow/dags/db_to_xls.py
[2025-01-16T19:47:16.083+0000] {logging_mixin.py:151} INFO - [2025-01-16T19:47:16.073+0000] {dag.py:2907} INFO - Sync 1 DAGs
[2025-01-16T19:47:16.842+0000] {logging_mixin.py:151} INFO - [2025-01-16T19:47:16.842+0000] {dag.py:3677} INFO - Setting next_dagrun for etl_process_with_excel_report to 2025-01-16T00:00:00+00:00, run_after=2025-01-17T00:00:00+00:00
[2025-01-16T19:47:16.857+0000] {processor.py:179} INFO - Processing /opt/airflow/dags/db_to_xls.py took 2.688 seconds
[2025-01-16T19:47:34.214+0000] {processor.py:157} INFO - Started process (PID=186) to work on /opt/airflow/dags/db_to_xls.py
[2025-01-16T19:47:34.219+0000] {processor.py:829} INFO - Processing file /opt/airflow/dags/db_to_xls.py for tasks to queue
[2025-01-16T19:47:34.310+0000] {logging_mixin.py:151} INFO - [2025-01-16T19:47:34.300+0000] {dagbag.py:539} INFO - Filling up the DagBag from /opt/airflow/dags/db_to_xls.py
[2025-01-16T19:47:38.052+0000] {processor.py:839} INFO - DAG(s) dict_keys(['etl_process_with_excel_report']) retrieved from /opt/airflow/dags/db_to_xls.py
[2025-01-16T19:47:38.338+0000] {logging_mixin.py:151} INFO - [2025-01-16T19:47:38.337+0000] {dag.py:2907} INFO - Sync 1 DAGs
[2025-01-16T19:47:39.333+0000] {logging_mixin.py:151} INFO - [2025-01-16T19:47:39.333+0000] {dag.py:3677} INFO - Setting next_dagrun for etl_process_with_excel_report to 2025-01-16T00:00:00+00:00, run_after=2025-01-17T00:00:00+00:00
[2025-01-16T19:47:39.427+0000] {processor.py:179} INFO - Processing /opt/airflow/dags/db_to_xls.py took 5.303 seconds
[2025-01-16T19:47:44.609+0000] {processor.py:157} INFO - Started process (PID=192) to work on /opt/airflow/dags/db_to_xls.py
[2025-01-16T19:47:44.614+0000] {processor.py:829} INFO - Processing file /opt/airflow/dags/db_to_xls.py for tasks to queue
[2025-01-16T19:47:44.675+0000] {logging_mixin.py:151} INFO - [2025-01-16T19:47:44.616+0000] {dagbag.py:539} INFO - Filling up the DagBag from /opt/airflow/dags/db_to_xls.py
[2025-01-16T19:47:47.699+0000] {processor.py:839} INFO - DAG(s) dict_keys(['etl_process_with_excel_report']) retrieved from /opt/airflow/dags/db_to_xls.py
[2025-01-16T19:47:49.489+0000] {logging_mixin.py:151} INFO - [2025-01-16T19:47:49.488+0000] {dag.py:2907} INFO - Sync 1 DAGs
[2025-01-16T19:47:49.610+0000] {logging_mixin.py:151} INFO - [2025-01-16T19:47:49.610+0000] {dag.py:3677} INFO - Setting next_dagrun for etl_process_with_excel_report to 2025-01-16T00:00:00+00:00, run_after=2025-01-17T00:00:00+00:00
[2025-01-16T19:47:49.708+0000] {processor.py:179} INFO - Processing /opt/airflow/dags/db_to_xls.py took 5.122 seconds
[2025-01-16T19:48:20.853+0000] {processor.py:157} INFO - Started process (PID=201) to work on /opt/airflow/dags/db_to_xls.py
[2025-01-16T19:48:20.858+0000] {processor.py:829} INFO - Processing file /opt/airflow/dags/db_to_xls.py for tasks to queue
[2025-01-16T19:48:20.863+0000] {logging_mixin.py:151} INFO - [2025-01-16T19:48:20.862+0000] {dagbag.py:539} INFO - Filling up the DagBag from /opt/airflow/dags/db_to_xls.py
[2025-01-16T19:48:22.459+0000] {processor.py:839} INFO - DAG(s) dict_keys(['etl_process_with_excel_report']) retrieved from /opt/airflow/dags/db_to_xls.py
[2025-01-16T19:48:22.575+0000] {logging_mixin.py:151} INFO - [2025-01-16T19:48:22.574+0000] {dag.py:2907} INFO - Sync 1 DAGs
[2025-01-16T19:48:22.631+0000] {logging_mixin.py:151} INFO - [2025-01-16T19:48:22.630+0000] {dag.py:3677} INFO - Setting next_dagrun for etl_process_with_excel_report to 2025-01-16T00:00:00+00:00, run_after=2025-01-17T00:00:00+00:00
[2025-01-16T19:48:22.754+0000] {processor.py:179} INFO - Processing /opt/airflow/dags/db_to_xls.py took 1.918 seconds
[2025-01-16T19:48:53.894+0000] {processor.py:157} INFO - Started process (PID=210) to work on /opt/airflow/dags/db_to_xls.py
[2025-01-16T19:48:53.897+0000] {processor.py:829} INFO - Processing file /opt/airflow/dags/db_to_xls.py for tasks to queue
[2025-01-16T19:48:53.900+0000] {logging_mixin.py:151} INFO - [2025-01-16T19:48:53.899+0000] {dagbag.py:539} INFO - Filling up the DagBag from /opt/airflow/dags/db_to_xls.py
[2025-01-16T19:48:55.694+0000] {processor.py:839} INFO - DAG(s) dict_keys(['etl_process_with_excel_report']) retrieved from /opt/airflow/dags/db_to_xls.py
[2025-01-16T19:48:55.903+0000] {logging_mixin.py:151} INFO - [2025-01-16T19:48:55.902+0000] {dag.py:2907} INFO - Sync 1 DAGs
[2025-01-16T19:48:56.596+0000] {logging_mixin.py:151} INFO - [2025-01-16T19:48:56.596+0000] {dag.py:3677} INFO - Setting next_dagrun for etl_process_with_excel_report to 2025-01-16T00:00:00+00:00, run_after=2025-01-17T00:00:00+00:00
[2025-01-16T19:48:56.618+0000] {processor.py:179} INFO - Processing /opt/airflow/dags/db_to_xls.py took 2.775 seconds
[2025-01-16T19:49:27.299+0000] {processor.py:157} INFO - Started process (PID=216) to work on /opt/airflow/dags/db_to_xls.py
[2025-01-16T19:49:27.305+0000] {processor.py:829} INFO - Processing file /opt/airflow/dags/db_to_xls.py for tasks to queue
[2025-01-16T19:49:27.309+0000] {logging_mixin.py:151} INFO - [2025-01-16T19:49:27.307+0000] {dagbag.py:539} INFO - Filling up the DagBag from /opt/airflow/dags/db_to_xls.py
[2025-01-16T19:49:28.372+0000] {processor.py:839} INFO - DAG(s) dict_keys(['etl_process_with_excel_report']) retrieved from /opt/airflow/dags/db_to_xls.py
[2025-01-16T19:49:28.417+0000] {logging_mixin.py:151} INFO - [2025-01-16T19:49:28.417+0000] {dag.py:2907} INFO - Sync 1 DAGs
[2025-01-16T19:49:29.097+0000] {logging_mixin.py:151} INFO - [2025-01-16T19:49:29.096+0000] {dag.py:3677} INFO - Setting next_dagrun for etl_process_with_excel_report to 2025-01-16T00:00:00+00:00, run_after=2025-01-17T00:00:00+00:00
[2025-01-16T19:49:29.128+0000] {processor.py:179} INFO - Processing /opt/airflow/dags/db_to_xls.py took 1.845 seconds
[2025-01-16T19:50:00.100+0000] {processor.py:157} INFO - Started process (PID=222) to work on /opt/airflow/dags/db_to_xls.py
[2025-01-16T19:50:00.103+0000] {processor.py:829} INFO - Processing file /opt/airflow/dags/db_to_xls.py for tasks to queue
[2025-01-16T19:50:00.105+0000] {logging_mixin.py:151} INFO - [2025-01-16T19:50:00.104+0000] {dagbag.py:539} INFO - Filling up the DagBag from /opt/airflow/dags/db_to_xls.py
[2025-01-16T19:50:01.021+0000] {processor.py:839} INFO - DAG(s) dict_keys(['etl_process_with_excel_report']) retrieved from /opt/airflow/dags/db_to_xls.py
[2025-01-16T19:50:01.516+0000] {logging_mixin.py:151} INFO - [2025-01-16T19:50:01.514+0000] {dag.py:2907} INFO - Sync 1 DAGs
[2025-01-16T19:50:01.587+0000] {logging_mixin.py:151} INFO - [2025-01-16T19:50:01.587+0000] {dag.py:3677} INFO - Setting next_dagrun for etl_process_with_excel_report to 2025-01-16T00:00:00+00:00, run_after=2025-01-17T00:00:00+00:00
[2025-01-16T19:50:01.660+0000] {processor.py:179} INFO - Processing /opt/airflow/dags/db_to_xls.py took 1.567 seconds
[2025-01-16T19:50:32.624+0000] {processor.py:157} INFO - Started process (PID=228) to work on /opt/airflow/dags/db_to_xls.py
[2025-01-16T19:50:32.627+0000] {processor.py:829} INFO - Processing file /opt/airflow/dags/db_to_xls.py for tasks to queue
[2025-01-16T19:50:32.654+0000] {logging_mixin.py:151} INFO - [2025-01-16T19:50:32.632+0000] {dagbag.py:539} INFO - Filling up the DagBag from /opt/airflow/dags/db_to_xls.py
[2025-01-16T19:50:33.763+0000] {processor.py:839} INFO - DAG(s) dict_keys(['etl_process_with_excel_report']) retrieved from /opt/airflow/dags/db_to_xls.py
[2025-01-16T19:50:33.912+0000] {logging_mixin.py:151} INFO - [2025-01-16T19:50:33.911+0000] {dag.py:2907} INFO - Sync 1 DAGs
[2025-01-16T19:50:34.005+0000] {logging_mixin.py:151} INFO - [2025-01-16T19:50:34.004+0000] {dag.py:3677} INFO - Setting next_dagrun for etl_process_with_excel_report to 2025-01-16T00:00:00+00:00, run_after=2025-01-17T00:00:00+00:00
[2025-01-16T19:50:34.073+0000] {processor.py:179} INFO - Processing /opt/airflow/dags/db_to_xls.py took 1.456 seconds
[2025-01-16T19:51:04.351+0000] {processor.py:157} INFO - Started process (PID=237) to work on /opt/airflow/dags/db_to_xls.py
[2025-01-16T19:51:04.355+0000] {processor.py:829} INFO - Processing file /opt/airflow/dags/db_to_xls.py for tasks to queue
[2025-01-16T19:51:04.359+0000] {logging_mixin.py:151} INFO - [2025-01-16T19:51:04.358+0000] {dagbag.py:539} INFO - Filling up the DagBag from /opt/airflow/dags/db_to_xls.py
[2025-01-16T19:51:05.466+0000] {processor.py:839} INFO - DAG(s) dict_keys(['etl_process_with_excel_report']) retrieved from /opt/airflow/dags/db_to_xls.py
[2025-01-16T19:51:05.608+0000] {logging_mixin.py:151} INFO - [2025-01-16T19:51:05.607+0000] {dag.py:2907} INFO - Sync 1 DAGs
[2025-01-16T19:51:06.191+0000] {logging_mixin.py:151} INFO - [2025-01-16T19:51:06.179+0000] {dag.py:3677} INFO - Setting next_dagrun for etl_process_with_excel_report to 2025-01-16T00:00:00+00:00, run_after=2025-01-17T00:00:00+00:00
[2025-01-16T19:51:06.228+0000] {processor.py:179} INFO - Processing /opt/airflow/dags/db_to_xls.py took 1.898 seconds
[2025-01-16T19:51:37.296+0000] {processor.py:157} INFO - Started process (PID=243) to work on /opt/airflow/dags/db_to_xls.py
[2025-01-16T19:51:37.299+0000] {processor.py:829} INFO - Processing file /opt/airflow/dags/db_to_xls.py for tasks to queue
[2025-01-16T19:51:37.302+0000] {logging_mixin.py:151} INFO - [2025-01-16T19:51:37.301+0000] {dagbag.py:539} INFO - Filling up the DagBag from /opt/airflow/dags/db_to_xls.py
[2025-01-16T19:51:38.578+0000] {processor.py:839} INFO - DAG(s) dict_keys(['etl_process_with_excel_report']) retrieved from /opt/airflow/dags/db_to_xls.py
[2025-01-16T19:51:38.792+0000] {logging_mixin.py:151} INFO - [2025-01-16T19:51:38.791+0000] {dag.py:2907} INFO - Sync 1 DAGs
[2025-01-16T19:51:39.391+0000] {logging_mixin.py:151} INFO - [2025-01-16T19:51:39.391+0000] {dag.py:3677} INFO - Setting next_dagrun for etl_process_with_excel_report to 2025-01-16T00:00:00+00:00, run_after=2025-01-17T00:00:00+00:00
[2025-01-16T19:51:39.456+0000] {processor.py:179} INFO - Processing /opt/airflow/dags/db_to_xls.py took 2.210 seconds
[2025-01-16T19:52:10.392+0000] {processor.py:157} INFO - Started process (PID=249) to work on /opt/airflow/dags/db_to_xls.py
[2025-01-16T19:52:10.406+0000] {processor.py:829} INFO - Processing file /opt/airflow/dags/db_to_xls.py for tasks to queue
[2025-01-16T19:52:10.411+0000] {logging_mixin.py:151} INFO - [2025-01-16T19:52:10.409+0000] {dagbag.py:539} INFO - Filling up the DagBag from /opt/airflow/dags/db_to_xls.py
[2025-01-16T19:52:12.446+0000] {processor.py:839} INFO - DAG(s) dict_keys(['etl_process_with_excel_report']) retrieved from /opt/airflow/dags/db_to_xls.py
[2025-01-16T19:52:12.663+0000] {logging_mixin.py:151} INFO - [2025-01-16T19:52:12.661+0000] {dag.py:2907} INFO - Sync 1 DAGs
[2025-01-16T19:52:12.748+0000] {logging_mixin.py:151} INFO - [2025-01-16T19:52:12.748+0000] {dag.py:3677} INFO - Setting next_dagrun for etl_process_with_excel_report to 2025-01-16T00:00:00+00:00, run_after=2025-01-17T00:00:00+00:00
[2025-01-16T19:52:12.827+0000] {processor.py:179} INFO - Processing /opt/airflow/dags/db_to_xls.py took 2.493 seconds
[2025-01-16T19:52:43.525+0000] {processor.py:157} INFO - Started process (PID=258) to work on /opt/airflow/dags/db_to_xls.py
[2025-01-16T19:52:43.531+0000] {processor.py:829} INFO - Processing file /opt/airflow/dags/db_to_xls.py for tasks to queue
[2025-01-16T19:52:43.536+0000] {logging_mixin.py:151} INFO - [2025-01-16T19:52:43.534+0000] {dagbag.py:539} INFO - Filling up the DagBag from /opt/airflow/dags/db_to_xls.py
[2025-01-16T19:52:44.693+0000] {processor.py:839} INFO - DAG(s) dict_keys(['etl_process_with_excel_report']) retrieved from /opt/airflow/dags/db_to_xls.py
[2025-01-16T19:52:44.845+0000] {logging_mixin.py:151} INFO - [2025-01-16T19:52:44.844+0000] {dag.py:2907} INFO - Sync 1 DAGs
[2025-01-16T19:52:44.970+0000] {logging_mixin.py:151} INFO - [2025-01-16T19:52:44.931+0000] {dag.py:3677} INFO - Setting next_dagrun for etl_process_with_excel_report to 2025-01-16T00:00:00+00:00, run_after=2025-01-17T00:00:00+00:00
[2025-01-16T19:52:45.017+0000] {processor.py:179} INFO - Processing /opt/airflow/dags/db_to_xls.py took 1.565 seconds
[2025-01-16T19:53:16.178+0000] {processor.py:157} INFO - Started process (PID=264) to work on /opt/airflow/dags/db_to_xls.py
[2025-01-16T19:53:16.181+0000] {processor.py:829} INFO - Processing file /opt/airflow/dags/db_to_xls.py for tasks to queue
[2025-01-16T19:53:16.183+0000] {logging_mixin.py:151} INFO - [2025-01-16T19:53:16.182+0000] {dagbag.py:539} INFO - Filling up the DagBag from /opt/airflow/dags/db_to_xls.py
[2025-01-16T19:53:17.352+0000] {processor.py:839} INFO - DAG(s) dict_keys(['etl_process_with_excel_report']) retrieved from /opt/airflow/dags/db_to_xls.py
[2025-01-16T19:53:17.456+0000] {logging_mixin.py:151} INFO - [2025-01-16T19:53:17.455+0000] {dag.py:2907} INFO - Sync 1 DAGs
[2025-01-16T19:53:18.285+0000] {logging_mixin.py:151} INFO - [2025-01-16T19:53:18.285+0000] {dag.py:3677} INFO - Setting next_dagrun for etl_process_with_excel_report to 2025-01-16T00:00:00+00:00, run_after=2025-01-17T00:00:00+00:00
[2025-01-16T19:53:18.359+0000] {processor.py:179} INFO - Processing /opt/airflow/dags/db_to_xls.py took 2.188 seconds
[2025-01-16T19:53:49.169+0000] {processor.py:157} INFO - Started process (PID=273) to work on /opt/airflow/dags/db_to_xls.py
[2025-01-16T19:53:49.211+0000] {processor.py:829} INFO - Processing file /opt/airflow/dags/db_to_xls.py for tasks to queue
[2025-01-16T19:53:49.214+0000] {logging_mixin.py:151} INFO - [2025-01-16T19:53:49.213+0000] {dagbag.py:539} INFO - Filling up the DagBag from /opt/airflow/dags/db_to_xls.py
[2025-01-16T19:53:50.785+0000] {processor.py:839} INFO - DAG(s) dict_keys(['etl_process_with_excel_report']) retrieved from /opt/airflow/dags/db_to_xls.py
[2025-01-16T19:53:51.091+0000] {logging_mixin.py:151} INFO - [2025-01-16T19:53:51.090+0000] {dag.py:2907} INFO - Sync 1 DAGs
[2025-01-16T19:53:51.817+0000] {logging_mixin.py:151} INFO - [2025-01-16T19:53:51.817+0000] {dag.py:3677} INFO - Setting next_dagrun for etl_process_with_excel_report to 2025-01-16T00:00:00+00:00, run_after=2025-01-17T00:00:00+00:00
[2025-01-16T19:53:51.843+0000] {processor.py:179} INFO - Processing /opt/airflow/dags/db_to_xls.py took 2.689 seconds
[2025-01-16T19:54:22.210+0000] {processor.py:157} INFO - Started process (PID=281) to work on /opt/airflow/dags/db_to_xls.py
[2025-01-16T19:54:22.216+0000] {processor.py:829} INFO - Processing file /opt/airflow/dags/db_to_xls.py for tasks to queue
[2025-01-16T19:54:22.220+0000] {logging_mixin.py:151} INFO - [2025-01-16T19:54:22.218+0000] {dagbag.py:539} INFO - Filling up the DagBag from /opt/airflow/dags/db_to_xls.py
[2025-01-16T19:54:23.687+0000] {processor.py:839} INFO - DAG(s) dict_keys(['etl_process_with_excel_report']) retrieved from /opt/airflow/dags/db_to_xls.py
[2025-01-16T19:54:24.527+0000] {logging_mixin.py:151} INFO - [2025-01-16T19:54:24.526+0000] {dag.py:2907} INFO - Sync 1 DAGs
[2025-01-16T19:54:24.625+0000] {logging_mixin.py:151} INFO - [2025-01-16T19:54:24.624+0000] {dag.py:3677} INFO - Setting next_dagrun for etl_process_with_excel_report to 2025-01-16T00:00:00+00:00, run_after=2025-01-17T00:00:00+00:00
[2025-01-16T19:54:24.716+0000] {processor.py:179} INFO - Processing /opt/airflow/dags/db_to_xls.py took 2.519 seconds
[2025-01-16T19:54:56.047+0000] {processor.py:157} INFO - Started process (PID=288) to work on /opt/airflow/dags/db_to_xls.py
[2025-01-16T19:54:56.054+0000] {processor.py:829} INFO - Processing file /opt/airflow/dags/db_to_xls.py for tasks to queue
[2025-01-16T19:54:56.059+0000] {logging_mixin.py:151} INFO - [2025-01-16T19:54:56.057+0000] {dagbag.py:539} INFO - Filling up the DagBag from /opt/airflow/dags/db_to_xls.py
[2025-01-16T19:54:57.560+0000] {processor.py:839} INFO - DAG(s) dict_keys(['etl_process_with_excel_report']) retrieved from /opt/airflow/dags/db_to_xls.py
[2025-01-16T19:54:57.782+0000] {logging_mixin.py:151} INFO - [2025-01-16T19:54:57.781+0000] {dag.py:2907} INFO - Sync 1 DAGs
[2025-01-16T19:54:57.968+0000] {logging_mixin.py:151} INFO - [2025-01-16T19:54:57.967+0000] {dag.py:3677} INFO - Setting next_dagrun for etl_process_with_excel_report to 2025-01-16T00:00:00+00:00, run_after=2025-01-17T00:00:00+00:00
[2025-01-16T19:54:58.084+0000] {processor.py:179} INFO - Processing /opt/airflow/dags/db_to_xls.py took 2.119 seconds
[2025-01-16T19:55:28.943+0000] {processor.py:157} INFO - Started process (PID=294) to work on /opt/airflow/dags/db_to_xls.py
[2025-01-16T19:55:28.948+0000] {processor.py:829} INFO - Processing file /opt/airflow/dags/db_to_xls.py for tasks to queue
[2025-01-16T19:55:28.952+0000] {logging_mixin.py:151} INFO - [2025-01-16T19:55:28.951+0000] {dagbag.py:539} INFO - Filling up the DagBag from /opt/airflow/dags/db_to_xls.py
[2025-01-16T19:55:30.277+0000] {processor.py:839} INFO - DAG(s) dict_keys(['etl_process_with_excel_report']) retrieved from /opt/airflow/dags/db_to_xls.py
[2025-01-16T19:55:30.517+0000] {logging_mixin.py:151} INFO - [2025-01-16T19:55:30.516+0000] {dag.py:2907} INFO - Sync 1 DAGs
[2025-01-16T19:55:31.282+0000] {logging_mixin.py:151} INFO - [2025-01-16T19:55:31.281+0000] {dag.py:3677} INFO - Setting next_dagrun for etl_process_with_excel_report to 2025-01-16T00:00:00+00:00, run_after=2025-01-17T00:00:00+00:00
[2025-01-16T19:55:31.327+0000] {processor.py:179} INFO - Processing /opt/airflow/dags/db_to_xls.py took 2.395 seconds
[2025-01-16T19:56:01.918+0000] {processor.py:157} INFO - Started process (PID=305) to work on /opt/airflow/dags/db_to_xls.py
[2025-01-16T19:56:01.923+0000] {processor.py:829} INFO - Processing file /opt/airflow/dags/db_to_xls.py for tasks to queue
[2025-01-16T19:56:01.934+0000] {logging_mixin.py:151} INFO - [2025-01-16T19:56:01.931+0000] {dagbag.py:539} INFO - Filling up the DagBag from /opt/airflow/dags/db_to_xls.py
[2025-01-16T19:56:02.964+0000] {processor.py:839} INFO - DAG(s) dict_keys(['etl_process_with_excel_report']) retrieved from /opt/airflow/dags/db_to_xls.py
[2025-01-16T19:56:03.092+0000] {logging_mixin.py:151} INFO - [2025-01-16T19:56:03.091+0000] {dag.py:2907} INFO - Sync 1 DAGs
[2025-01-16T19:56:03.532+0000] {logging_mixin.py:151} INFO - [2025-01-16T19:56:03.532+0000] {dag.py:3677} INFO - Setting next_dagrun for etl_process_with_excel_report to 2025-01-16T00:00:00+00:00, run_after=2025-01-17T00:00:00+00:00
[2025-01-16T19:56:03.619+0000] {processor.py:179} INFO - Processing /opt/airflow/dags/db_to_xls.py took 1.760 seconds
[2025-01-16T19:56:34.141+0000] {processor.py:157} INFO - Started process (PID=312) to work on /opt/airflow/dags/db_to_xls.py
[2025-01-16T19:56:34.200+0000] {processor.py:829} INFO - Processing file /opt/airflow/dags/db_to_xls.py for tasks to queue
[2025-01-16T19:56:34.216+0000] {logging_mixin.py:151} INFO - [2025-01-16T19:56:34.213+0000] {dagbag.py:539} INFO - Filling up the DagBag from /opt/airflow/dags/db_to_xls.py
[2025-01-16T19:56:35.245+0000] {processor.py:839} INFO - DAG(s) dict_keys(['etl_process_with_excel_report']) retrieved from /opt/airflow/dags/db_to_xls.py
[2025-01-16T19:56:35.983+0000] {logging_mixin.py:151} INFO - [2025-01-16T19:56:35.981+0000] {dag.py:2907} INFO - Sync 1 DAGs
[2025-01-16T19:56:36.077+0000] {logging_mixin.py:151} INFO - [2025-01-16T19:56:36.076+0000] {dag.py:3677} INFO - Setting next_dagrun for etl_process_with_excel_report to 2025-01-16T00:00:00+00:00, run_after=2025-01-17T00:00:00+00:00
[2025-01-16T19:56:36.104+0000] {processor.py:179} INFO - Processing /opt/airflow/dags/db_to_xls.py took 2.067 seconds
[2025-01-16T19:57:07.120+0000] {processor.py:157} INFO - Started process (PID=318) to work on /opt/airflow/dags/db_to_xls.py
[2025-01-16T19:57:07.126+0000] {processor.py:829} INFO - Processing file /opt/airflow/dags/db_to_xls.py for tasks to queue
[2025-01-16T19:57:07.157+0000] {logging_mixin.py:151} INFO - [2025-01-16T19:57:07.132+0000] {dagbag.py:539} INFO - Filling up the DagBag from /opt/airflow/dags/db_to_xls.py
[2025-01-16T19:57:08.432+0000] {processor.py:839} INFO - DAG(s) dict_keys(['etl_process_with_excel_report']) retrieved from /opt/airflow/dags/db_to_xls.py
[2025-01-16T19:57:08.525+0000] {logging_mixin.py:151} INFO - [2025-01-16T19:57:08.524+0000] {dag.py:2907} INFO - Sync 1 DAGs
[2025-01-16T19:57:08.599+0000] {logging_mixin.py:151} INFO - [2025-01-16T19:57:08.598+0000] {dag.py:3677} INFO - Setting next_dagrun for etl_process_with_excel_report to 2025-01-16T00:00:00+00:00, run_after=2025-01-17T00:00:00+00:00
[2025-01-16T19:57:08.623+0000] {processor.py:179} INFO - Processing /opt/airflow/dags/db_to_xls.py took 1.514 seconds
[2025-01-16T19:57:33.354+0000] {processor.py:157} INFO - Started process (PID=327) to work on /opt/airflow/dags/db_to_xls.py
[2025-01-16T19:57:33.426+0000] {processor.py:829} INFO - Processing file /opt/airflow/dags/db_to_xls.py for tasks to queue
[2025-01-16T19:57:33.446+0000] {logging_mixin.py:151} INFO - [2025-01-16T19:57:33.442+0000] {dagbag.py:539} INFO - Filling up the DagBag from /opt/airflow/dags/db_to_xls.py
[2025-01-16T19:57:36.174+0000] {processor.py:839} INFO - DAG(s) dict_keys(['etl_process_with_excel_report']) retrieved from /opt/airflow/dags/db_to_xls.py
[2025-01-16T19:57:36.342+0000] {logging_mixin.py:151} INFO - [2025-01-16T19:57:36.341+0000] {dag.py:2907} INFO - Sync 1 DAGs
[2025-01-16T19:57:37.344+0000] {logging_mixin.py:151} INFO - [2025-01-16T19:57:37.344+0000] {dag.py:3677} INFO - Setting next_dagrun for etl_process_with_excel_report to 2025-01-16T00:00:00+00:00, run_after=2025-01-17T00:00:00+00:00
[2025-01-16T19:57:37.371+0000] {processor.py:179} INFO - Processing /opt/airflow/dags/db_to_xls.py took 4.226 seconds
[2025-01-16T19:58:08.404+0000] {processor.py:157} INFO - Started process (PID=336) to work on /opt/airflow/dags/db_to_xls.py
[2025-01-16T19:58:08.454+0000] {processor.py:829} INFO - Processing file /opt/airflow/dags/db_to_xls.py for tasks to queue
[2025-01-16T19:58:08.467+0000] {logging_mixin.py:151} INFO - [2025-01-16T19:58:08.466+0000] {dagbag.py:539} INFO - Filling up the DagBag from /opt/airflow/dags/db_to_xls.py
[2025-01-16T19:58:09.458+0000] {processor.py:839} INFO - DAG(s) dict_keys(['etl_process_with_excel_report']) retrieved from /opt/airflow/dags/db_to_xls.py
[2025-01-16T19:58:09.870+0000] {logging_mixin.py:151} INFO - [2025-01-16T19:58:09.870+0000] {dag.py:2907} INFO - Sync 1 DAGs
[2025-01-16T19:58:09.943+0000] {logging_mixin.py:151} INFO - [2025-01-16T19:58:09.943+0000] {dag.py:3677} INFO - Setting next_dagrun for etl_process_with_excel_report to 2025-01-16T00:00:00+00:00, run_after=2025-01-17T00:00:00+00:00
[2025-01-16T19:58:10.005+0000] {processor.py:179} INFO - Processing /opt/airflow/dags/db_to_xls.py took 1.657 seconds
[2025-01-16T19:58:41.233+0000] {processor.py:157} INFO - Started process (PID=342) to work on /opt/airflow/dags/db_to_xls.py
[2025-01-16T19:58:41.279+0000] {processor.py:829} INFO - Processing file /opt/airflow/dags/db_to_xls.py for tasks to queue
[2025-01-16T19:58:41.281+0000] {logging_mixin.py:151} INFO - [2025-01-16T19:58:41.280+0000] {dagbag.py:539} INFO - Filling up the DagBag from /opt/airflow/dags/db_to_xls.py
[2025-01-16T19:58:42.987+0000] {processor.py:839} INFO - DAG(s) dict_keys(['etl_process_with_excel_report']) retrieved from /opt/airflow/dags/db_to_xls.py
[2025-01-16T19:58:43.124+0000] {logging_mixin.py:151} INFO - [2025-01-16T19:58:43.123+0000] {dag.py:2907} INFO - Sync 1 DAGs
[2025-01-16T19:58:43.201+0000] {logging_mixin.py:151} INFO - [2025-01-16T19:58:43.198+0000] {dag.py:3677} INFO - Setting next_dagrun for etl_process_with_excel_report to 2025-01-16T00:00:00+00:00, run_after=2025-01-17T00:00:00+00:00
[2025-01-16T19:58:43.279+0000] {processor.py:179} INFO - Processing /opt/airflow/dags/db_to_xls.py took 2.059 seconds
[2025-01-16T19:59:07.160+0000] {processor.py:157} INFO - Started process (PID=348) to work on /opt/airflow/dags/db_to_xls.py
[2025-01-16T19:59:07.205+0000] {processor.py:829} INFO - Processing file /opt/airflow/dags/db_to_xls.py for tasks to queue
[2025-01-16T19:59:07.208+0000] {logging_mixin.py:151} INFO - [2025-01-16T19:59:07.207+0000] {dagbag.py:539} INFO - Filling up the DagBag from /opt/airflow/dags/db_to_xls.py
[2025-01-16T19:59:08.551+0000] {processor.py:839} INFO - DAG(s) dict_keys(['etl_process_with_excel_report']) retrieved from /opt/airflow/dags/db_to_xls.py
[2025-01-16T19:59:08.718+0000] {logging_mixin.py:151} INFO - [2025-01-16T19:59:08.717+0000] {dag.py:2907} INFO - Sync 1 DAGs
[2025-01-16T19:59:08.795+0000] {logging_mixin.py:151} INFO - [2025-01-16T19:59:08.795+0000] {dag.py:3677} INFO - Setting next_dagrun for etl_process_with_excel_report to 2025-01-16T00:00:00+00:00, run_after=2025-01-17T00:00:00+00:00
[2025-01-16T19:59:09.377+0000] {processor.py:179} INFO - Processing /opt/airflow/dags/db_to_xls.py took 2.228 seconds
