[2025-01-17T17:21:45.813+0000] {taskinstance.py:1159} INFO - Dependencies all met for dep_context=non-requeueable deps ti=<TaskInstance: etl_process_with_excel_report.load_data manual__2025-01-17T17:21:16.037120+00:00 [queued]>
[2025-01-17T17:21:45.835+0000] {taskinstance.py:1159} INFO - Dependencies all met for dep_context=requeueable deps ti=<TaskInstance: etl_process_with_excel_report.load_data manual__2025-01-17T17:21:16.037120+00:00 [queued]>
[2025-01-17T17:21:45.837+0000] {taskinstance.py:1361} INFO - Starting attempt 1 of 1
[2025-01-17T17:21:45.934+0000] {taskinstance.py:1382} INFO - Executing <Task(PythonOperator): load_data> on 2025-01-17 17:21:16.037120+00:00
[2025-01-17T17:21:46.034+0000] {standard_task_runner.py:57} INFO - Started process 218 to run task
[2025-01-17T17:21:46.054+0000] {standard_task_runner.py:84} INFO - Running: ['***', 'tasks', 'run', 'etl_process_with_excel_report', 'load_data', 'manual__2025-01-17T17:21:16.037120+00:00', '--job-id', '63', '--raw', '--subdir', 'DAGS_FOLDER/db_to_xls.py', '--cfg-path', '/tmp/tmpgvnluyni']
[2025-01-17T17:21:46.067+0000] {standard_task_runner.py:85} INFO - Job 63: Subtask load_data
[2025-01-17T17:21:46.503+0000] {task_command.py:415} INFO - Running <TaskInstance: etl_process_with_excel_report.load_data manual__2025-01-17T17:21:16.037120+00:00 [running]> on host e075edadbc7d
[2025-01-17T17:21:47.436+0000] {taskinstance.py:1660} INFO - Exporting env vars: AIRFLOW_CTX_DAG_OWNER='***' AIRFLOW_CTX_DAG_ID='etl_process_with_excel_report' AIRFLOW_CTX_TASK_ID='load_data' AIRFLOW_CTX_EXECUTION_DATE='2025-01-17T17:21:16.037120+00:00' AIRFLOW_CTX_TRY_NUMBER='1' AIRFLOW_CTX_DAG_RUN_ID='manual__2025-01-17T17:21:16.037120+00:00'
[2025-01-17T17:21:47.900+0000] {base.py:73} INFO - Using connection ID 'local_***' for task execution.
[2025-01-17T17:21:48.024+0000] {sql.py:418} INFO - Running statement: 
                CREATE TABLE IF NOT EXISTS sprout.user_profiling (
                    user_id INT,
                    name TEXT,
                    timestamp TIMESTAMP,
                    membership_type TEXT,
                    membership_purchase_status TEXT,
                    mdr_percentage FLOAT,
                    first_transaction TIMESTAMP,
                    invoice_total_count INT,
                    invoice_total_amount FLOAT
                );
            , parameters: None
[2025-01-17T17:21:48.169+0000] {base.py:73} INFO - Using connection ID 'local_***' for task execution.
[2025-01-17T17:21:48.264+0000] {sql.py:418} INFO - Running statement: TRUNCATE TABLE sprout.user_profiling;, parameters: None
[2025-01-17T17:21:48.292+0000] {db_to_xls.py:198} INFO - Table sprout.user_profiling truncated.
[2025-01-17T17:21:48.393+0000] {base.py:73} INFO - Using connection ID 'local_***' for task execution.
[2025-01-17T17:21:48.426+0000] {sql.py:418} INFO - Running statement: 
                CREATE TABLE IF NOT EXISTS sprout.transaction_totals_per_type (
                    timestamp TIMESTAMP,
                    membership_type TEXT,
                    invoice_total_count INT,
                    invoice_total_amount FLOAT
                );
            , parameters: None
[2025-01-17T17:21:48.571+0000] {base.py:73} INFO - Using connection ID 'local_***' for task execution.
[2025-01-17T17:21:48.633+0000] {sql.py:418} INFO - Running statement: TRUNCATE TABLE sprout.transaction_totals_per_type;, parameters: None
[2025-01-17T17:21:48.662+0000] {db_to_xls.py:198} INFO - Table sprout.transaction_totals_per_type truncated.
[2025-01-17T17:21:48.811+0000] {base.py:73} INFO - Using connection ID 'local_***' for task execution.
[2025-01-17T17:21:48.903+0000] {sql.py:418} INFO - Running statement: 
                CREATE TABLE IF NOT EXISTS sprout.daily_activity_report (
                    timestamp TIMESTAMP,
                    invoice_total_count INT,
                    invoice_total_amount FLOAT
                );
            , parameters: None
[2025-01-17T17:21:49.010+0000] {base.py:73} INFO - Using connection ID 'local_***' for task execution.
[2025-01-17T17:21:49.033+0000] {sql.py:418} INFO - Running statement: TRUNCATE TABLE sprout.daily_activity_report;, parameters: None
[2025-01-17T17:21:49.098+0000] {db_to_xls.py:198} INFO - Table sprout.daily_activity_report truncated.
[2025-01-17T17:21:49.137+0000] {base.py:73} INFO - Using connection ID 'local_***' for task execution.
[2025-01-17T17:21:49.212+0000] {sql.py:418} INFO - Running statement: 
                CREATE TABLE IF NOT EXISTS sprout.transactions_with_mdr (
                    transaction_id INT,
                    user_id INT,
                    transaction_amount FLOAT,
                    timestamp TIMESTAMP,
                    name TEXT,
                    email TEXT,
                    phone TEXT,
                    membership_id FLOAT,
                    membership_type TEXT,
                    purchase_date DATE,
                    expiry_date DATE,
                    mdr_id FLOAT,
                    mdr_percentage FLOAT,
                    membership_purchase_status TEXT,
                    effective_amount FLOAT
                );
            , parameters: None
[2025-01-17T17:21:49.255+0000] {base.py:73} INFO - Using connection ID 'local_***' for task execution.
[2025-01-17T17:21:49.281+0000] {sql.py:418} INFO - Running statement: TRUNCATE TABLE sprout.transactions_with_mdr;, parameters: None
[2025-01-17T17:21:49.290+0000] {db_to_xls.py:198} INFO - Table sprout.transactions_with_mdr truncated.
[2025-01-17T17:21:49.771+0000] {base.py:73} INFO - Using connection ID 'local_***' for task execution.
[2025-01-17T17:21:49.933+0000] {sql.py:515} INFO - Done loading. Loaded a total of 28 rows into sprout.user_profiling
[2025-01-17T17:21:49.979+0000] {base.py:73} INFO - Using connection ID 'local_***' for task execution.
[2025-01-17T17:21:50.081+0000] {sql.py:515} INFO - Done loading. Loaded a total of 10 rows into sprout.transaction_totals_per_type
[2025-01-17T17:21:50.112+0000] {base.py:73} INFO - Using connection ID 'local_***' for task execution.
[2025-01-17T17:21:50.275+0000] {sql.py:515} INFO - Done loading. Loaded a total of 6 rows into sprout.daily_activity_report
[2025-01-17T17:21:50.322+0000] {base.py:73} INFO - Using connection ID 'local_***' for task execution.
[2025-01-17T17:21:50.360+0000] {db_to_xls.py:235} ERROR - Error during data loading: can't adapt type 'NAType'
[2025-01-17T17:21:50.363+0000] {taskinstance.py:1943} ERROR - Task failed with exception
Traceback (most recent call last):
  File "/home/airflow/.local/lib/python3.9/site-packages/airflow/operators/python.py", line 192, in execute
    return_value = self.execute_callable()
  File "/home/airflow/.local/lib/python3.9/site-packages/airflow/operators/python.py", line 209, in execute_callable
    return self.python_callable(*self.op_args, **self.op_kwargs)
  File "/opt/airflow/dags/db_to_xls.py", line 227, in load_data
    postgres_hook.insert_rows(
  File "/home/airflow/.local/lib/python3.9/site-packages/airflow/providers/common/sql/hooks/sql.py", line 509, in insert_rows
    cur.execute(sql, values)
psycopg2.ProgrammingError: can't adapt type 'NAType'
[2025-01-17T17:21:50.395+0000] {taskinstance.py:1400} INFO - Marking task as FAILED. dag_id=etl_process_with_excel_report, task_id=load_data, execution_date=20250117T172116, start_date=20250117T172145, end_date=20250117T172150
[2025-01-17T17:21:50.419+0000] {standard_task_runner.py:104} ERROR - Failed to execute job 63 for task load_data (can't adapt type 'NAType'; 218)
[2025-01-17T17:21:50.477+0000] {local_task_job_runner.py:228} INFO - Task exited with return code 1
[2025-01-17T17:21:50.530+0000] {taskinstance.py:2784} INFO - 0 downstream tasks scheduled from follow-on schedule check
