[2025-01-29T10:09:18.837+0000] {manager.py:488} INFO - Processing files using up to 2 processes at a time 
[2025-01-29T10:09:18.845+0000] {manager.py:489} INFO - Process each file at most once every 30 seconds
[2025-01-29T10:09:18.855+0000] {manager.py:490} INFO - Checking for new files in /opt/airflow/dags every 300 seconds
[2025-01-29T10:09:18.866+0000] {manager.py:760} INFO - Searching for files in /opt/airflow/dags
[2025-01-29T10:09:19.078+0000] {manager.py:763} INFO - There are 1 files in /opt/airflow/dags
[2025-01-29T10:09:21.240+0000] {manager.py:888} INFO - 
================================================================================
DAG File Processing Stats

File Path                       PID  Runtime      # DAGs    # Errors  Last Runtime    Last Run
----------------------------  -----  ---------  --------  ----------  --------------  ----------
/opt/airflow/dags/etl_dag.py    159  0.31s             0           0
================================================================================
[2025-01-29T10:09:51.416+0000] {manager.py:888} INFO - 
================================================================================
DAG File Processing Stats

File Path                     PID    Runtime      # DAGs    # Errors  Last Runtime    Last Run
----------------------------  -----  ---------  --------  ----------  --------------  -------------------
/opt/airflow/dags/etl_dag.py                           2           0  16.59s          2025-01-29T10:09:37
================================================================================
[2025-01-29T10:10:21.518+0000] {manager.py:888} INFO - 
================================================================================
DAG File Processing Stats

File Path                     PID    Runtime      # DAGs    # Errors  Last Runtime    Last Run
----------------------------  -----  ---------  --------  ----------  --------------  -------------------
/opt/airflow/dags/etl_dag.py                           2           0  4.78s           2025-01-29T10:10:12
================================================================================
[2025-01-29T10:10:51.936+0000] {manager.py:888} INFO - 
================================================================================
DAG File Processing Stats

File Path                     PID    Runtime      # DAGs    # Errors  Last Runtime    Last Run
----------------------------  -----  ---------  --------  ----------  --------------  -------------------
/opt/airflow/dags/etl_dag.py                           2           0  4.17s           2025-01-29T10:10:47
================================================================================
[2025-01-29T10:11:23.087+0000] {manager.py:888} INFO - 
================================================================================
DAG File Processing Stats

File Path                     PID    Runtime      # DAGs    # Errors  Last Runtime    Last Run
----------------------------  -----  ---------  --------  ----------  --------------  -------------------
/opt/airflow/dags/etl_dag.py                           2           0  3.01s           2025-01-29T10:11:21
================================================================================
[2025-01-29T10:11:53.612+0000] {manager.py:888} INFO - 
================================================================================
DAG File Processing Stats

File Path                       PID  Runtime      # DAGs    # Errors  Last Runtime    Last Run
----------------------------  -----  ---------  --------  ----------  --------------  -------------------
/opt/airflow/dags/etl_dag.py    183  2.39s             2           0  3.01s           2025-01-29T10:11:21
================================================================================
[2025-01-29T10:12:24.642+0000] {manager.py:888} INFO - 
================================================================================
DAG File Processing Stats

File Path                     PID    Runtime      # DAGs    # Errors  Last Runtime    Last Run
----------------------------  -----  ---------  --------  ----------  --------------  -------------------
/opt/airflow/dags/etl_dag.py                           2           0  4.11s           2025-01-29T10:11:55
================================================================================
[2025-01-29T10:12:55.748+0000] {manager.py:888} INFO - 
================================================================================
DAG File Processing Stats

File Path                     PID    Runtime      # DAGs    # Errors  Last Runtime    Last Run
----------------------------  -----  ---------  --------  ----------  --------------  -------------------
/opt/airflow/dags/etl_dag.py                           2           0  3.11s           2025-01-29T10:12:28
================================================================================
[2025-01-29T10:13:26.671+0000] {manager.py:888} INFO - 
================================================================================
DAG File Processing Stats

File Path                     PID    Runtime      # DAGs    # Errors  Last Runtime    Last Run
----------------------------  -----  ---------  --------  ----------  --------------  -------------------
/opt/airflow/dags/etl_dag.py                           2           0  11.87s          2025-01-29T10:13:11
================================================================================
[2025-01-29T10:13:57.125+0000] {manager.py:888} INFO - 
================================================================================
DAG File Processing Stats

File Path                     PID    Runtime      # DAGs    # Errors  Last Runtime    Last Run
----------------------------  -----  ---------  --------  ----------  --------------  -------------------
/opt/airflow/dags/etl_dag.py                           2           0  13.72s          2025-01-29T10:13:55
================================================================================
[2025-01-29T10:14:19.634+0000] {manager.py:760} INFO - Searching for files in /opt/airflow/dags
[2025-01-29T10:14:19.964+0000] {manager.py:763} INFO - There are 1 files in /opt/airflow/dags
[2025-01-29T10:14:28.538+0000] {manager.py:888} INFO - 
================================================================================
DAG File Processing Stats

File Path                       PID  Runtime      # DAGs    # Errors  Last Runtime    Last Run
----------------------------  -----  ---------  --------  ----------  --------------  -------------------
/opt/airflow/dags/etl_dag.py    207  0.80s             2           0  13.72s          2025-01-29T10:13:55
================================================================================
[2025-01-29T10:14:59.213+0000] {manager.py:888} INFO - 
================================================================================
DAG File Processing Stats

File Path                     PID    Runtime      # DAGs    # Errors  Last Runtime    Last Run
----------------------------  -----  ---------  --------  ----------  --------------  -------------------
/opt/airflow/dags/etl_dag.py                           2           0  8.09s           2025-01-29T10:14:35
================================================================================
[2025-01-29T10:15:30.169+0000] {manager.py:888} INFO - 
================================================================================
DAG File Processing Stats

File Path                     PID    Runtime      # DAGs    # Errors  Last Runtime    Last Run
----------------------------  -----  ---------  --------  ----------  --------------  -------------------
/opt/airflow/dags/etl_dag.py                           2           0  7.59s           2025-01-29T10:15:14
================================================================================
[2025-01-29T10:16:01.382+0000] {manager.py:888} INFO - 
================================================================================
DAG File Processing Stats

File Path                     PID    Runtime      # DAGs    # Errors  Last Runtime    Last Run
----------------------------  -----  ---------  --------  ----------  --------------  -------------------
/opt/airflow/dags/etl_dag.py                           2           0  4.90s           2025-01-29T10:15:50
================================================================================
[2025-01-29T10:16:32.442+0000] {manager.py:888} INFO - 
================================================================================
DAG File Processing Stats

File Path                     PID    Runtime      # DAGs    # Errors  Last Runtime    Last Run
----------------------------  -----  ---------  --------  ----------  --------------  -------------------
/opt/airflow/dags/etl_dag.py                           2           0  5.72s           2025-01-29T10:16:27
================================================================================
[2025-01-29T10:17:03.113+0000] {manager.py:888} INFO - 
================================================================================
DAG File Processing Stats

File Path                       PID  Runtime      # DAGs    # Errors  Last Runtime    Last Run
----------------------------  -----  ---------  --------  ----------  --------------  -------------------
/opt/airflow/dags/etl_dag.py    231  4.39s             2           0  5.72s           2025-01-29T10:16:27
================================================================================
[2025-01-29T10:17:33.563+0000] {manager.py:888} INFO - 
================================================================================
DAG File Processing Stats

File Path                     PID    Runtime      # DAGs    # Errors  Last Runtime    Last Run
----------------------------  -----  ---------  --------  ----------  --------------  -------------------
/opt/airflow/dags/etl_dag.py                           2           0  6.98s           2025-01-29T10:17:05
================================================================================
[2025-01-29T10:18:05.058+0000] {manager.py:888} INFO - 
================================================================================
DAG File Processing Stats

File Path                     PID    Runtime      # DAGs    # Errors  Last Runtime    Last Run
----------------------------  -----  ---------  --------  ----------  --------------  -------------------
/opt/airflow/dags/etl_dag.py                           2           0  8.88s           2025-01-29T10:17:44
================================================================================
[2025-01-29T10:18:36.072+0000] {manager.py:888} INFO - 
================================================================================
DAG File Processing Stats

File Path                       PID  Runtime      # DAGs    # Errors  Last Runtime    Last Run
----------------------------  -----  ---------  --------  ----------  --------------  -------------------
/opt/airflow/dags/etl_dag.py    243  20.00s            2           0  8.88s           2025-01-29T10:17:44
================================================================================
[2025-01-29T10:19:07.162+0000] {manager.py:888} INFO - 
================================================================================
DAG File Processing Stats

File Path                     PID    Runtime      # DAGs    # Errors  Last Runtime    Last Run
----------------------------  -----  ---------  --------  ----------  --------------  -------------------
/opt/airflow/dags/etl_dag.py                           2           0  27.98s          2025-01-29T10:18:43
================================================================================
[2025-01-29T10:19:19.859+0000] {manager.py:760} INFO - Searching for files in /opt/airflow/dags
[2025-01-29T10:19:20.408+0000] {manager.py:763} INFO - There are 1 files in /opt/airflow/dags
[2025-01-29T10:19:38.453+0000] {manager.py:888} INFO - 
================================================================================
DAG File Processing Stats

File Path                     PID    Runtime      # DAGs    # Errors  Last Runtime    Last Run
----------------------------  -----  ---------  --------  ----------  --------------  -------------------
/opt/airflow/dags/etl_dag.py                           2           0  11.71s          2025-01-29T10:19:26
================================================================================
[2025-01-29T10:20:09.627+0000] {manager.py:888} INFO - 
================================================================================
DAG File Processing Stats

File Path                       PID  Runtime      # DAGs    # Errors  Last Runtime    Last Run
----------------------------  -----  ---------  --------  ----------  --------------  -------------------
/opt/airflow/dags/etl_dag.py    255  11.99s            2           0  11.71s          2025-01-29T10:19:26
================================================================================
[2025-01-29T10:20:40.446+0000] {manager.py:888} INFO - 
================================================================================
DAG File Processing Stats

File Path                       PID  Runtime      # DAGs    # Errors  Last Runtime    Last Run
----------------------------  -----  ---------  --------  ----------  --------------  -------------------
/opt/airflow/dags/etl_dag.py    261  0.14s             2           0  12.22s          2025-01-29T10:20:09
================================================================================
[2025-01-29T10:21:10.949+0000] {manager.py:888} INFO - 
================================================================================
DAG File Processing Stats

File Path                     PID    Runtime      # DAGs    # Errors  Last Runtime    Last Run
----------------------------  -----  ---------  --------  ----------  --------------  -------------------
/opt/airflow/dags/etl_dag.py                           2           0  6.90s           2025-01-29T10:20:47
================================================================================
[2025-01-29T10:21:41.540+0000] {manager.py:888} INFO - 
================================================================================
DAG File Processing Stats

File Path                     PID    Runtime      # DAGs    # Errors  Last Runtime    Last Run
----------------------------  -----  ---------  --------  ----------  --------------  -------------------
/opt/airflow/dags/etl_dag.py                           2           0  4.31s           2025-01-29T10:21:22
================================================================================
[2025-01-29T10:22:12.678+0000] {manager.py:888} INFO - 
================================================================================
DAG File Processing Stats

File Path                     PID    Runtime      # DAGs    # Errors  Last Runtime    Last Run
----------------------------  -----  ---------  --------  ----------  --------------  -------------------
/opt/airflow/dags/etl_dag.py                           2           0  10.80s          2025-01-29T10:22:03
================================================================================
[2025-01-29T10:22:44.651+0000] {manager.py:888} INFO - 
================================================================================
DAG File Processing Stats

File Path                       PID  Runtime      # DAGs    # Errors  Last Runtime    Last Run
----------------------------  -----  ---------  --------  ----------  --------------  -------------------
/opt/airflow/dags/etl_dag.py    282  10.43s            2           0  10.80s          2025-01-29T10:22:03
================================================================================
[2025-01-29T10:23:15.480+0000] {manager.py:888} INFO - 
================================================================================
DAG File Processing Stats

File Path                     PID    Runtime      # DAGs    # Errors  Last Runtime    Last Run
----------------------------  -----  ---------  --------  ----------  --------------  -------------------
/opt/airflow/dags/etl_dag.py                           2           0  27.52s          2025-01-29T10:23:01
================================================================================
[2025-01-29T10:23:46.343+0000] {manager.py:888} INFO - 
================================================================================
DAG File Processing Stats

File Path                     PID    Runtime      # DAGs    # Errors  Last Runtime    Last Run
----------------------------  -----  ---------  --------  ----------  --------------  -------------------
/opt/airflow/dags/etl_dag.py                           2           0  11.52s          2025-01-29T10:23:43
================================================================================
[2025-01-29T10:24:09.080+0000] {manager.py:470} INFO - Exiting gracefully upon receiving signal 15
[2025-01-29T10:28:08.881+0000] {manager.py:488} INFO - Processing files using up to 2 processes at a time 
[2025-01-29T10:28:08.917+0000] {manager.py:489} INFO - Process each file at most once every 30 seconds
[2025-01-29T10:28:08.926+0000] {manager.py:490} INFO - Checking for new files in /opt/airflow/dags every 300 seconds
[2025-01-29T10:28:08.930+0000] {manager.py:760} INFO - Searching for files in /opt/airflow/dags
[2025-01-29T10:28:09.123+0000] {manager.py:763} INFO - There are 1 files in /opt/airflow/dags
[2025-01-29T10:28:10.160+0000] {manager.py:888} INFO - 
================================================================================
DAG File Processing Stats

File Path                       PID  Runtime      # DAGs    # Errors  Last Runtime    Last Run
----------------------------  -----  ---------  --------  ----------  --------------  ----------
/opt/airflow/dags/etl_dag.py    159  0.28s             0           0
================================================================================
[2025-01-29T10:28:41.025+0000] {manager.py:888} INFO - 
================================================================================
DAG File Processing Stats

File Path                     PID    Runtime      # DAGs    # Errors  Last Runtime    Last Run
----------------------------  -----  ---------  --------  ----------  --------------  -------------------
/opt/airflow/dags/etl_dag.py                           2           0  15.63s          2025-01-29T10:28:25
================================================================================
[2025-01-29T10:29:11.126+0000] {manager.py:888} INFO - 
================================================================================
DAG File Processing Stats

File Path                     PID    Runtime      # DAGs    # Errors  Last Runtime    Last Run
----------------------------  -----  ---------  --------  ----------  --------------  -------------------
/opt/airflow/dags/etl_dag.py                           2           0  6.05s           2025-01-29T10:29:02
================================================================================
[2025-01-29T10:29:41.546+0000] {manager.py:888} INFO - 
================================================================================
DAG File Processing Stats

File Path                       PID  Runtime      # DAGs    # Errors  Last Runtime    Last Run
----------------------------  -----  ---------  --------  ----------  --------------  -------------------
/opt/airflow/dags/etl_dag.py    171  9.01s             2           0  6.05s           2025-01-29T10:29:02
================================================================================
[2025-01-29T10:30:11.987+0000] {manager.py:888} INFO - 
================================================================================
DAG File Processing Stats

File Path                     PID    Runtime      # DAGs    # Errors  Last Runtime    Last Run
----------------------------  -----  ---------  --------  ----------  --------------  -------------------
/opt/airflow/dags/etl_dag.py                           2           0  13.21s          2025-01-29T10:29:45
================================================================================
[2025-01-29T10:30:42.022+0000] {manager.py:888} INFO - 
================================================================================
DAG File Processing Stats

File Path                     PID    Runtime      # DAGs    # Errors  Last Runtime    Last Run
----------------------------  -----  ---------  --------  ----------  --------------  -------------------
/opt/airflow/dags/etl_dag.py                           2           0  4.95s           2025-01-29T10:30:21
================================================================================
[2025-01-29T10:31:13.017+0000] {manager.py:888} INFO - 
================================================================================
DAG File Processing Stats

File Path                     PID    Runtime      # DAGs    # Errors  Last Runtime    Last Run
----------------------------  -----  ---------  --------  ----------  --------------  -------------------
/opt/airflow/dags/etl_dag.py                           2           0  3.98s           2025-01-29T10:30:55
================================================================================
[2025-01-29T10:31:43.469+0000] {manager.py:888} INFO - 
================================================================================
DAG File Processing Stats

File Path                     PID    Runtime      # DAGs    # Errors  Last Runtime    Last Run
----------------------------  -----  ---------  --------  ----------  --------------  -------------------
/opt/airflow/dags/etl_dag.py                           2           0  4.99s           2025-01-29T10:31:30
================================================================================
[2025-01-29T10:32:13.822+0000] {manager.py:888} INFO - 
================================================================================
DAG File Processing Stats

File Path                     PID    Runtime      # DAGs    # Errors  Last Runtime    Last Run
----------------------------  -----  ---------  --------  ----------  --------------  -------------------
/opt/airflow/dags/etl_dag.py                           2           0  5.51s           2025-01-29T10:32:06
================================================================================
[2025-01-29T10:32:44.379+0000] {manager.py:888} INFO - 
================================================================================
DAG File Processing Stats

File Path                     PID    Runtime      # DAGs    # Errors  Last Runtime    Last Run
----------------------------  -----  ---------  --------  ----------  --------------  -------------------
/opt/airflow/dags/etl_dag.py                           2           0  3.71s           2025-01-29T10:32:41
================================================================================
[2025-01-29T10:33:09.360+0000] {manager.py:760} INFO - Searching for files in /opt/airflow/dags
[2025-01-29T10:33:09.511+0000] {manager.py:763} INFO - There are 1 files in /opt/airflow/dags
[2025-01-29T10:33:14.727+0000] {manager.py:888} INFO - 
================================================================================
DAG File Processing Stats

File Path                     PID    Runtime      # DAGs    # Errors  Last Runtime    Last Run
----------------------------  -----  ---------  --------  ----------  --------------  -------------------
/opt/airflow/dags/etl_dag.py                           2           0  3.08s           2025-01-29T10:33:14
================================================================================
[2025-01-29T10:33:45.526+0000] {manager.py:888} INFO - 
================================================================================
DAG File Processing Stats

File Path                       PID  Runtime      # DAGs    # Errors  Last Runtime    Last Run
----------------------------  -----  ---------  --------  ----------  --------------  -------------------
/opt/airflow/dags/etl_dag.py    213  0.14s             2           0  3.08s           2025-01-29T10:33:14
================================================================================
[2025-01-29T10:34:16.090+0000] {manager.py:888} INFO - 
================================================================================
DAG File Processing Stats

File Path                     PID    Runtime      # DAGs    # Errors  Last Runtime    Last Run
----------------------------  -----  ---------  --------  ----------  --------------  -------------------
/opt/airflow/dags/etl_dag.py                           2           0  7.13s           2025-01-29T10:33:52
================================================================================
[2025-01-29T10:34:46.110+0000] {manager.py:888} INFO - 
================================================================================
DAG File Processing Stats

File Path                     PID    Runtime      # DAGs    # Errors  Last Runtime    Last Run
----------------------------  -----  ---------  --------  ----------  --------------  -------------------
/opt/airflow/dags/etl_dag.py                           2           0  3.77s           2025-01-29T10:34:26
================================================================================
[2025-01-29T10:35:17.076+0000] {manager.py:888} INFO - 
================================================================================
DAG File Processing Stats

File Path                     PID    Runtime      # DAGs    # Errors  Last Runtime    Last Run
----------------------------  -----  ---------  --------  ----------  --------------  -------------------
/opt/airflow/dags/etl_dag.py                           2           0  5.25s           2025-01-29T10:35:02
================================================================================
[2025-01-29T10:35:47.927+0000] {manager.py:888} INFO - 
================================================================================
DAG File Processing Stats

File Path                     PID    Runtime      # DAGs    # Errors  Last Runtime    Last Run
----------------------------  -----  ---------  --------  ----------  --------------  -------------------
/opt/airflow/dags/etl_dag.py                           2           0  7.65s           2025-01-29T10:35:39
================================================================================
[2025-01-29T10:36:18.157+0000] {manager.py:888} INFO - 
================================================================================
DAG File Processing Stats

File Path                     PID    Runtime      # DAGs    # Errors  Last Runtime    Last Run
----------------------------  -----  ---------  --------  ----------  --------------  -------------------
/opt/airflow/dags/etl_dag.py                           2           0  3.85s           2025-01-29T10:36:14
================================================================================
[2025-01-29T10:36:48.314+0000] {manager.py:888} INFO - 
================================================================================
DAG File Processing Stats

File Path                     PID    Runtime      # DAGs    # Errors  Last Runtime    Last Run
----------------------------  -----  ---------  --------  ----------  --------------  -------------------
/opt/airflow/dags/etl_dag.py                           2           0  6.07s           2025-01-29T10:36:42
================================================================================
[2025-01-29T10:37:18.938+0000] {manager.py:888} INFO - 
================================================================================
DAG File Processing Stats

File Path                       PID  Runtime      # DAGs    # Errors  Last Runtime    Last Run
----------------------------  -----  ---------  --------  ----------  --------------  -------------------
/opt/airflow/dags/etl_dag.py    258  5.92s             2           0  6.07s           2025-01-29T10:36:42
================================================================================
[2025-01-29T10:37:49.582+0000] {manager.py:888} INFO - 
================================================================================
DAG File Processing Stats

File Path                     PID    Runtime      # DAGs    # Errors  Last Runtime    Last Run
----------------------------  -----  ---------  --------  ----------  --------------  -------------------
/opt/airflow/dags/etl_dag.py                           2           0  10.16s          2025-01-29T10:37:23
================================================================================
[2025-01-29T10:38:09.712+0000] {manager.py:760} INFO - Searching for files in /opt/airflow/dags
[2025-01-29T10:38:09.917+0000] {manager.py:763} INFO - There are 1 files in /opt/airflow/dags
[2025-01-29T10:38:20.127+0000] {manager.py:888} INFO - 
================================================================================
DAG File Processing Stats

File Path                     PID    Runtime      # DAGs    # Errors  Last Runtime    Last Run
----------------------------  -----  ---------  --------  ----------  --------------  -------------------
/opt/airflow/dags/etl_dag.py                           2           0  5.72s           2025-01-29T10:37:58
================================================================================
[2025-01-29T10:38:51.401+0000] {manager.py:888} INFO - 
================================================================================
DAG File Processing Stats

File Path                       PID  Runtime      # DAGs    # Errors  Last Runtime    Last Run
----------------------------  -----  ---------  --------  ----------  --------------  -------------------
/opt/airflow/dags/etl_dag.py    270  22.24s            2           0  5.72s           2025-01-29T10:37:58
================================================================================
[2025-01-29T10:39:21.820+0000] {manager.py:888} INFO - 
================================================================================
DAG File Processing Stats

File Path                     PID    Runtime      # DAGs    # Errors  Last Runtime    Last Run
----------------------------  -----  ---------  --------  ----------  --------------  -------------------
/opt/airflow/dags/etl_dag.py                           2           0  28.15s          2025-01-29T10:38:57
================================================================================
[2025-01-29T10:39:52.318+0000] {manager.py:888} INFO - 
================================================================================
DAG File Processing Stats

File Path                     PID    Runtime      # DAGs    # Errors  Last Runtime    Last Run
----------------------------  -----  ---------  --------  ----------  --------------  -------------------
/opt/airflow/dags/etl_dag.py                           2           0  17.40s          2025-01-29T10:39:45
================================================================================
[2025-01-29T10:40:23.628+0000] {manager.py:888} INFO - 
================================================================================
DAG File Processing Stats

File Path                       PID  Runtime      # DAGs    # Errors  Last Runtime    Last Run
----------------------------  -----  ---------  --------  ----------  --------------  -------------------
/opt/airflow/dags/etl_dag.py    282  7.28s             2           0  17.40s          2025-01-29T10:39:45
================================================================================
[2025-01-29T10:40:53.851+0000] {manager.py:888} INFO - 
================================================================================
DAG File Processing Stats

File Path                     PID    Runtime      # DAGs    # Errors  Last Runtime    Last Run
----------------------------  -----  ---------  --------  ----------  --------------  -------------------
/opt/airflow/dags/etl_dag.py                           2           0  19.13s          2025-01-29T10:40:35
================================================================================
[2025-01-29T10:41:24.591+0000] {manager.py:888} INFO - 
================================================================================
DAG File Processing Stats

File Path                       PID  Runtime      # DAGs    # Errors  Last Runtime    Last Run
----------------------------  -----  ---------  --------  ----------  --------------  -------------------
/opt/airflow/dags/etl_dag.py    288  18.74s            2           0  19.13s          2025-01-29T10:40:35
================================================================================
[2025-01-29T10:41:55.131+0000] {manager.py:888} INFO - 
================================================================================
DAG File Processing Stats

File Path                     PID    Runtime      # DAGs    # Errors  Last Runtime    Last Run
----------------------------  -----  ---------  --------  ----------  --------------  -------------------
/opt/airflow/dags/etl_dag.py                           2           0  27.38s          2025-01-29T10:41:33
================================================================================
[2025-01-29T10:42:25.594+0000] {manager.py:888} INFO - 
================================================================================
DAG File Processing Stats

File Path                     PID    Runtime      # DAGs    # Errors  Last Runtime    Last Run
----------------------------  -----  ---------  --------  ----------  --------------  -------------------
/opt/airflow/dags/etl_dag.py                           2           0  15.69s          2025-01-29T10:42:19
================================================================================
[2025-01-29T10:42:56.268+0000] {manager.py:888} INFO - 
================================================================================
DAG File Processing Stats

File Path                       PID  Runtime      # DAGs    # Errors  Last Runtime    Last Run
----------------------------  -----  ---------  --------  ----------  --------------  -------------------
/opt/airflow/dags/etl_dag.py    300  4.96s             2           0  15.69s          2025-01-29T10:42:19
================================================================================
[2025-01-29T10:43:09.806+0000] {manager.py:760} INFO - Searching for files in /opt/airflow/dags
[2025-01-29T10:43:10.243+0000] {manager.py:763} INFO - There are 1 files in /opt/airflow/dags
[2025-01-29T10:43:26.627+0000] {manager.py:888} INFO - 
================================================================================
DAG File Processing Stats

File Path                     PID    Runtime      # DAGs    # Errors  Last Runtime    Last Run
----------------------------  -----  ---------  --------  ----------  --------------  -------------------
/opt/airflow/dags/etl_dag.py                           2           0  12.80s          2025-01-29T10:43:04
================================================================================
[2025-01-29T10:43:56.995+0000] {manager.py:888} INFO - 
================================================================================
DAG File Processing Stats

File Path                     PID    Runtime      # DAGs    # Errors  Last Runtime    Last Run
----------------------------  -----  ---------  --------  ----------  --------------  -------------------
/opt/airflow/dags/etl_dag.py                           2           0  9.75s           2025-01-29T10:43:43
================================================================================
[2025-01-29T10:44:27.091+0000] {manager.py:888} INFO - 
================================================================================
DAG File Processing Stats

File Path                     PID    Runtime      # DAGs    # Errors  Last Runtime    Last Run
----------------------------  -----  ---------  --------  ----------  --------------  -------------------
/opt/airflow/dags/etl_dag.py                           2           0  11.74s          2025-01-29T10:44:25
================================================================================
[2025-01-29T10:44:57.352+0000] {manager.py:888} INFO - 
================================================================================
DAG File Processing Stats

File Path                       PID  Runtime      # DAGs    # Errors  Last Runtime    Last Run
----------------------------  -----  ---------  --------  ----------  --------------  -------------------
/opt/airflow/dags/etl_dag.py    321  0.59s             2           0  11.74s          2025-01-29T10:44:25
================================================================================
[2025-01-29T10:45:28.672+0000] {manager.py:888} INFO - 
================================================================================
DAG File Processing Stats

File Path                     PID    Runtime      # DAGs    # Errors  Last Runtime    Last Run
----------------------------  -----  ---------  --------  ----------  --------------  -------------------
/opt/airflow/dags/etl_dag.py                           2           0  11.57s          2025-01-29T10:45:08
================================================================================
[2025-01-29T10:45:59.013+0000] {manager.py:888} INFO - 
================================================================================
DAG File Processing Stats

File Path                     PID    Runtime      # DAGs    # Errors  Last Runtime    Last Run
----------------------------  -----  ---------  --------  ----------  --------------  -------------------
/opt/airflow/dags/etl_dag.py                           2           0  5.10s           2025-01-29T10:45:44
================================================================================
[2025-01-29T10:46:29.265+0000] {manager.py:888} INFO - 
================================================================================
DAG File Processing Stats

File Path                       PID  Runtime      # DAGs    # Errors  Last Runtime    Last Run
----------------------------  -----  ---------  --------  ----------  --------------  -------------------
/opt/airflow/dags/etl_dag.py    333  13.30s            2           0  5.10s           2025-01-29T10:45:44
================================================================================
[2025-01-29T10:47:00.761+0000] {manager.py:888} INFO - 
================================================================================
DAG File Processing Stats

File Path                     PID    Runtime      # DAGs    # Errors  Last Runtime    Last Run
----------------------------  -----  ---------  --------  ----------  --------------  -------------------
/opt/airflow/dags/etl_dag.py                           2           0  25.39s          2025-01-29T10:46:41
================================================================================
[2025-01-29T10:47:30.988+0000] {manager.py:888} INFO - 
================================================================================
DAG File Processing Stats

File Path                     PID    Runtime      # DAGs    # Errors  Last Runtime    Last Run
----------------------------  -----  ---------  --------  ----------  --------------  -------------------
/opt/airflow/dags/etl_dag.py                           2           0  6.88s           2025-01-29T10:47:18
================================================================================
[2025-01-29T10:48:01.401+0000] {manager.py:888} INFO - 
================================================================================
DAG File Processing Stats

File Path                     PID    Runtime      # DAGs    # Errors  Last Runtime    Last Run
----------------------------  -----  ---------  --------  ----------  --------------  -------------------
/opt/airflow/dags/etl_dag.py                           2           0  12.21s          2025-01-29T10:48:00
================================================================================
[2025-01-29T10:48:10.464+0000] {manager.py:760} INFO - Searching for files in /opt/airflow/dags
[2025-01-29T10:48:10.783+0000] {manager.py:763} INFO - There are 1 files in /opt/airflow/dags
[2025-01-29T10:48:32.046+0000] {manager.py:888} INFO - 
================================================================================
DAG File Processing Stats

File Path                       PID  Runtime      # DAGs    # Errors  Last Runtime    Last Run
----------------------------  -----  ---------  --------  ----------  --------------  -------------------
/opt/airflow/dags/etl_dag.py    357  0.09s             2           0  12.21s          2025-01-29T10:48:00
================================================================================
[2025-01-29T10:49:02.216+0000] {manager.py:888} INFO - 
================================================================================
DAG File Processing Stats

File Path                     PID    Runtime      # DAGs    # Errors  Last Runtime    Last Run
----------------------------  -----  ---------  --------  ----------  --------------  -------------------
/opt/airflow/dags/etl_dag.py                           2           0  5.40s           2025-01-29T10:48:37
================================================================================
[2025-01-29T10:49:33.439+0000] {manager.py:888} INFO - 
================================================================================
DAG File Processing Stats

File Path                     PID    Runtime      # DAGs    # Errors  Last Runtime    Last Run
----------------------------  -----  ---------  --------  ----------  --------------  -------------------
/opt/airflow/dags/etl_dag.py                           2           0  12.41s          2025-01-29T10:49:20
================================================================================
[2025-01-29T10:50:03.850+0000] {manager.py:888} INFO - 
================================================================================
DAG File Processing Stats

File Path                       PID  Runtime      # DAGs    # Errors  Last Runtime    Last Run
----------------------------  -----  ---------  --------  ----------  --------------  -------------------
/opt/airflow/dags/etl_dag.py    369  12.55s            2           0  12.41s          2025-01-29T10:49:20
================================================================================
[2025-01-29T10:50:34.706+0000] {manager.py:888} INFO - 
================================================================================
DAG File Processing Stats

File Path                     PID    Runtime      # DAGs    # Errors  Last Runtime    Last Run
----------------------------  -----  ---------  --------  ----------  --------------  -------------------
/opt/airflow/dags/etl_dag.py                           2           0  13.69s          2025-01-29T10:50:04
================================================================================
[2025-01-29T10:51:04.979+0000] {manager.py:888} INFO - 
================================================================================
DAG File Processing Stats

File Path                     PID    Runtime      # DAGs    # Errors  Last Runtime    Last Run
----------------------------  -----  ---------  --------  ----------  --------------  -------------------
/opt/airflow/dags/etl_dag.py                           2           0  12.21s          2025-01-29T10:50:48
================================================================================
[2025-01-29T10:51:35.739+0000] {manager.py:888} INFO - 
================================================================================
DAG File Processing Stats

File Path                     PID    Runtime      # DAGs    # Errors  Last Runtime    Last Run
----------------------------  -----  ---------  --------  ----------  --------------  -------------------
/opt/airflow/dags/etl_dag.py                           2           0  5.49s           2025-01-29T10:51:23
================================================================================
[2025-01-29T10:52:06.085+0000] {manager.py:888} INFO - 
================================================================================
DAG File Processing Stats

File Path                     PID    Runtime      # DAGs    # Errors  Last Runtime    Last Run
----------------------------  -----  ---------  --------  ----------  --------------  -------------------
/opt/airflow/dags/etl_dag.py                           2           0  3.31s           2025-01-29T10:51:57
================================================================================
[2025-01-29T10:52:36.325+0000] {manager.py:888} INFO - 
================================================================================
DAG File Processing Stats

File Path                     PID    Runtime      # DAGs    # Errors  Last Runtime    Last Run
----------------------------  -----  ---------  --------  ----------  --------------  -------------------
/opt/airflow/dags/etl_dag.py                           2           0  5.48s           2025-01-29T10:52:34
================================================================================
[2025-01-29T10:53:06.644+0000] {manager.py:888} INFO - 
================================================================================
DAG File Processing Stats

File Path                       PID  Runtime      # DAGs    # Errors  Last Runtime    Last Run
----------------------------  -----  ---------  --------  ----------  --------------  -------------------
/opt/airflow/dags/etl_dag.py    399  2.44s             2           0  5.48s           2025-01-29T10:52:34
================================================================================
[2025-01-29T10:53:11.004+0000] {manager.py:760} INFO - Searching for files in /opt/airflow/dags
[2025-01-29T10:53:11.186+0000] {manager.py:763} INFO - There are 1 files in /opt/airflow/dags
[2025-01-29T10:53:36.836+0000] {manager.py:888} INFO - 
================================================================================
DAG File Processing Stats

File Path                     PID    Runtime      # DAGs    # Errors  Last Runtime    Last Run
----------------------------  -----  ---------  --------  ----------  --------------  -------------------
/opt/airflow/dags/etl_dag.py                           2           0  6.11s           2025-01-29T10:53:10
================================================================================
[2025-01-29T10:54:07.299+0000] {manager.py:888} INFO - 
================================================================================
DAG File Processing Stats

File Path                     PID    Runtime      # DAGs    # Errors  Last Runtime    Last Run
----------------------------  -----  ---------  --------  ----------  --------------  -------------------
/opt/airflow/dags/etl_dag.py                           2           0  5.94s           2025-01-29T10:53:47
================================================================================
[2025-01-29T10:54:37.626+0000] {manager.py:888} INFO - 
================================================================================
DAG File Processing Stats

File Path                     PID    Runtime      # DAGs    # Errors  Last Runtime    Last Run
----------------------------  -----  ---------  --------  ----------  --------------  -------------------
/opt/airflow/dags/etl_dag.py                           2           0  3.65s           2025-01-29T10:54:21
================================================================================
[2025-01-29T10:55:07.649+0000] {manager.py:888} INFO - 
================================================================================
DAG File Processing Stats

File Path                     PID    Runtime      # DAGs    # Errors  Last Runtime    Last Run
----------------------------  -----  ---------  --------  ----------  --------------  -------------------
/opt/airflow/dags/etl_dag.py                           2           0  11.28s          2025-01-29T10:55:03
================================================================================
[2025-01-29T10:55:37.875+0000] {manager.py:888} INFO - 
================================================================================
DAG File Processing Stats

File Path                     PID    Runtime      # DAGs    # Errors  Last Runtime    Last Run
----------------------------  -----  ---------  --------  ----------  --------------  -------------------
/opt/airflow/dags/etl_dag.py                           2           0  3.25s           2025-01-29T10:55:36
================================================================================
[2025-01-29T10:56:08.646+0000] {manager.py:888} INFO - 
================================================================================
DAG File Processing Stats

File Path                       PID  Runtime      # DAGs    # Errors  Last Runtime    Last Run
----------------------------  -----  ---------  --------  ----------  --------------  -------------------
/opt/airflow/dags/etl_dag.py    432  1.19s             2           0  3.25s           2025-01-29T10:55:36
================================================================================
[2025-01-29T10:56:39.515+0000] {manager.py:888} INFO - 
================================================================================
DAG File Processing Stats

File Path                     PID    Runtime      # DAGs    # Errors  Last Runtime    Last Run
----------------------------  -----  ---------  --------  ----------  --------------  -------------------
/opt/airflow/dags/etl_dag.py                           2           0  4.17s           2025-01-29T10:56:11
================================================================================
[2025-01-29T10:57:10.184+0000] {manager.py:888} INFO - 
================================================================================
DAG File Processing Stats

File Path                     PID    Runtime      # DAGs    # Errors  Last Runtime    Last Run
----------------------------  -----  ---------  --------  ----------  --------------  -------------------
/opt/airflow/dags/etl_dag.py                           2           0  4.84s           2025-01-29T10:56:46
================================================================================
[2025-01-29T10:57:41.192+0000] {manager.py:888} INFO - 
================================================================================
DAG File Processing Stats

File Path                     PID    Runtime      # DAGs    # Errors  Last Runtime    Last Run
----------------------------  -----  ---------  --------  ----------  --------------  -------------------
/opt/airflow/dags/etl_dag.py                           2           0  15.35s          2025-01-29T10:57:32
================================================================================
[2025-01-29T10:58:12.106+0000] {manager.py:760} INFO - Searching for files in /opt/airflow/dags
[2025-01-29T10:58:12.466+0000] {manager.py:763} INFO - There are 1 files in /opt/airflow/dags
[2025-01-29T10:58:12.870+0000] {manager.py:888} INFO - 
================================================================================
DAG File Processing Stats

File Path                       PID  Runtime      # DAGs    # Errors  Last Runtime    Last Run
----------------------------  -----  ---------  --------  ----------  --------------  -------------------
/opt/airflow/dags/etl_dag.py    450  9.24s             2           0  15.35s          2025-01-29T10:57:32
================================================================================
[2025-01-29T10:58:43.036+0000] {manager.py:888} INFO - 
================================================================================
DAG File Processing Stats

File Path                     PID    Runtime      # DAGs    # Errors  Last Runtime    Last Run
----------------------------  -----  ---------  --------  ----------  --------------  -------------------
/opt/airflow/dags/etl_dag.py                           2           0  11.30s          2025-01-29T10:58:14
================================================================================
[2025-01-29T10:59:13.441+0000] {manager.py:888} INFO - 
================================================================================
DAG File Processing Stats

File Path                     PID    Runtime      # DAGs    # Errors  Last Runtime    Last Run
----------------------------  -----  ---------  --------  ----------  --------------  -------------------
/opt/airflow/dags/etl_dag.py                           2           0  8.93s           2025-01-29T10:58:54
================================================================================
[2025-01-29T10:59:44.331+0000] {manager.py:888} INFO - 
================================================================================
DAG File Processing Stats

File Path                     PID    Runtime      # DAGs    # Errors  Last Runtime    Last Run
----------------------------  -----  ---------  --------  ----------  --------------  -------------------
/opt/airflow/dags/etl_dag.py                           2           0  4.18s           2025-01-29T10:59:29
================================================================================
[2025-01-29T11:00:14.487+0000] {manager.py:888} INFO - 
================================================================================
DAG File Processing Stats

File Path                     PID    Runtime      # DAGs    # Errors  Last Runtime    Last Run
----------------------------  -----  ---------  --------  ----------  --------------  -------------------
/opt/airflow/dags/etl_dag.py                           2           0  4.91s           2025-01-29T11:00:04
================================================================================
[2025-01-29T11:00:44.883+0000] {manager.py:888} INFO - 
================================================================================
DAG File Processing Stats

File Path                     PID    Runtime      # DAGs    # Errors  Last Runtime    Last Run
----------------------------  -----  ---------  --------  ----------  --------------  -------------------
/opt/airflow/dags/etl_dag.py                           2           0  8.63s           2025-01-29T11:00:43
================================================================================
[2025-01-29T11:01:15.067+0000] {manager.py:888} INFO - 
================================================================================
DAG File Processing Stats

File Path                       PID  Runtime      # DAGs    # Errors  Last Runtime    Last Run
----------------------------  -----  ---------  --------  ----------  --------------  -------------------
/opt/airflow/dags/etl_dag.py    480  1.30s             2           0  8.63s           2025-01-29T11:00:43
================================================================================
[2025-01-29T11:01:45.220+0000] {manager.py:888} INFO - 
================================================================================
DAG File Processing Stats

File Path                     PID    Runtime      # DAGs    # Errors  Last Runtime    Last Run
----------------------------  -----  ---------  --------  ----------  --------------  -------------------
/opt/airflow/dags/etl_dag.py                           2           0  4.52s           2025-01-29T11:01:18
================================================================================
[2025-01-29T11:02:15.827+0000] {manager.py:888} INFO - 
================================================================================
DAG File Processing Stats

File Path                     PID    Runtime      # DAGs    # Errors  Last Runtime    Last Run
----------------------------  -----  ---------  --------  ----------  --------------  -------------------
/opt/airflow/dags/etl_dag.py                           2           0  6.13s           2025-01-29T11:01:54
================================================================================
[2025-01-29T11:02:46.389+0000] {manager.py:888} INFO - 
================================================================================
DAG File Processing Stats

File Path                     PID    Runtime      # DAGs    # Errors  Last Runtime    Last Run
----------------------------  -----  ---------  --------  ----------  --------------  -------------------
/opt/airflow/dags/etl_dag.py                           2           0  6.17s           2025-01-29T11:02:31
================================================================================
[2025-01-29T11:03:12.785+0000] {manager.py:760} INFO - Searching for files in /opt/airflow/dags
[2025-01-29T11:03:13.006+0000] {manager.py:763} INFO - There are 1 files in /opt/airflow/dags
[2025-01-29T11:03:17.275+0000] {manager.py:888} INFO - 
================================================================================
DAG File Processing Stats

File Path                     PID    Runtime      # DAGs    # Errors  Last Runtime    Last Run
----------------------------  -----  ---------  --------  ----------  --------------  -------------------
/opt/airflow/dags/etl_dag.py                           2           0  7.14s           2025-01-29T11:03:09
================================================================================
[2025-01-29T11:03:47.860+0000] {manager.py:888} INFO - 
================================================================================
DAG File Processing Stats

File Path                     PID    Runtime      # DAGs    # Errors  Last Runtime    Last Run
----------------------------  -----  ---------  --------  ----------  --------------  -------------------
/opt/airflow/dags/etl_dag.py                           2           0  6.42s           2025-01-29T11:03:46
================================================================================
[2025-01-29T11:04:18.212+0000] {manager.py:888} INFO - 
================================================================================
DAG File Processing Stats

File Path                       PID  Runtime      # DAGs    # Errors  Last Runtime    Last Run
----------------------------  -----  ---------  --------  ----------  --------------  -------------------
/opt/airflow/dags/etl_dag.py    510  1.36s             2           0  6.42s           2025-01-29T11:03:46
================================================================================
[2025-01-29T11:04:48.326+0000] {manager.py:888} INFO - 
================================================================================
DAG File Processing Stats

File Path                     PID    Runtime      # DAGs    # Errors  Last Runtime    Last Run
----------------------------  -----  ---------  --------  ----------  --------------  -------------------
/opt/airflow/dags/etl_dag.py                           2           0  9.21s           2025-01-29T11:04:26
================================================================================
[2025-01-29T11:05:19.079+0000] {manager.py:888} INFO - 
================================================================================
DAG File Processing Stats

File Path                     PID    Runtime      # DAGs    # Errors  Last Runtime    Last Run
----------------------------  -----  ---------  --------  ----------  --------------  -------------------
/opt/airflow/dags/etl_dag.py                           2           0  4.04s           2025-01-29T11:05:00
================================================================================
[2025-01-29T11:05:49.117+0000] {manager.py:888} INFO - 
================================================================================
DAG File Processing Stats

File Path                     PID    Runtime      # DAGs    # Errors  Last Runtime    Last Run
----------------------------  -----  ---------  --------  ----------  --------------  -------------------
/opt/airflow/dags/etl_dag.py                           2           0  2.86s           2025-01-29T11:05:33
================================================================================
[2025-01-29T11:06:19.401+0000] {manager.py:888} INFO - 
================================================================================
DAG File Processing Stats

File Path                     PID    Runtime      # DAGs    # Errors  Last Runtime    Last Run
----------------------------  -----  ---------  --------  ----------  --------------  -------------------
/opt/airflow/dags/etl_dag.py                           2           0  6.70s           2025-01-29T11:06:10
================================================================================
[2025-01-29T11:06:49.667+0000] {manager.py:888} INFO - 
================================================================================
DAG File Processing Stats

File Path                     PID    Runtime      # DAGs    # Errors  Last Runtime    Last Run
----------------------------  -----  ---------  --------  ----------  --------------  -------------------
/opt/airflow/dags/etl_dag.py                           2           0  5.54s           2025-01-29T11:06:46
================================================================================
[2025-01-29T11:07:20.054+0000] {manager.py:888} INFO - 
================================================================================
DAG File Processing Stats

File Path                       PID  Runtime      # DAGs    # Errors  Last Runtime    Last Run
----------------------------  -----  ---------  --------  ----------  --------------  -------------------
/opt/airflow/dags/etl_dag.py    540  1.29s             2           0  5.54s           2025-01-29T11:06:46
================================================================================
[2025-01-29T11:07:50.705+0000] {manager.py:888} INFO - 
================================================================================
DAG File Processing Stats

File Path                     PID    Runtime      # DAGs    # Errors  Last Runtime    Last Run
----------------------------  -----  ---------  --------  ----------  --------------  -------------------
/opt/airflow/dags/etl_dag.py                           2           0  7.69s           2025-01-29T11:07:26
================================================================================
[2025-01-29T11:08:12.931+0000] {manager.py:760} INFO - Searching for files in /opt/airflow/dags
[2025-01-29T11:08:13.129+0000] {manager.py:763} INFO - There are 1 files in /opt/airflow/dags
[2025-01-29T11:08:21.400+0000] {manager.py:888} INFO - 
================================================================================
DAG File Processing Stats

File Path                     PID    Runtime      # DAGs    # Errors  Last Runtime    Last Run
----------------------------  -----  ---------  --------  ----------  --------------  -------------------
/opt/airflow/dags/etl_dag.py                           2           0  16.18s          2025-01-29T11:08:13
================================================================================
[2025-01-29T11:08:51.688+0000] {manager.py:888} INFO - 
================================================================================
DAG File Processing Stats

File Path                     PID    Runtime      # DAGs    # Errors  Last Runtime    Last Run
----------------------------  -----  ---------  --------  ----------  --------------  -------------------
/opt/airflow/dags/etl_dag.py                           2           0  7.20s           2025-01-29T11:08:51
================================================================================
[2025-01-29T11:09:22.352+0000] {manager.py:888} INFO - 
================================================================================
DAG File Processing Stats

File Path                       PID  Runtime      # DAGs    # Errors  Last Runtime    Last Run
----------------------------  -----  ---------  --------  ----------  --------------  -------------------
/opt/airflow/dags/etl_dag.py    558  0.62s             2           0  7.20s           2025-01-29T11:08:51
================================================================================
[2025-01-29T11:09:52.676+0000] {manager.py:888} INFO - 
================================================================================
DAG File Processing Stats

File Path                     PID    Runtime      # DAGs    # Errors  Last Runtime    Last Run
----------------------------  -----  ---------  --------  ----------  --------------  -------------------
/opt/airflow/dags/etl_dag.py                           2           0  4.56s           2025-01-29T11:09:26
================================================================================
[2025-01-29T11:10:23.097+0000] {manager.py:888} INFO - 
================================================================================
DAG File Processing Stats

File Path                     PID    Runtime      # DAGs    # Errors  Last Runtime    Last Run
----------------------------  -----  ---------  --------  ----------  --------------  -------------------
/opt/airflow/dags/etl_dag.py                           2           0  13.35s          2025-01-29T11:10:10
================================================================================
[2025-01-29T11:10:54.137+0000] {manager.py:888} INFO - 
================================================================================
DAG File Processing Stats

File Path                     PID    Runtime      # DAGs    # Errors  Last Runtime    Last Run
----------------------------  -----  ---------  --------  ----------  --------------  -------------------
/opt/airflow/dags/etl_dag.py                           2           0  3.99s           2025-01-29T11:10:44
================================================================================
[2025-01-29T11:11:24.247+0000] {manager.py:888} INFO - 
================================================================================
DAG File Processing Stats

File Path                     PID    Runtime      # DAGs    # Errors  Last Runtime    Last Run
----------------------------  -----  ---------  --------  ----------  --------------  -------------------
/opt/airflow/dags/etl_dag.py                           2           0  3.65s           2025-01-29T11:11:19
================================================================================
[2025-01-29T11:11:55.051+0000] {manager.py:888} INFO - 
================================================================================
DAG File Processing Stats

File Path                     PID    Runtime      # DAGs    # Errors  Last Runtime    Last Run
----------------------------  -----  ---------  --------  ----------  --------------  -------------------
/opt/airflow/dags/etl_dag.py                           2           0  3.53s           2025-01-29T11:11:53
================================================================================
[2025-01-29T11:12:25.568+0000] {manager.py:888} INFO - 
================================================================================
DAG File Processing Stats

File Path                       PID  Runtime      # DAGs    # Errors  Last Runtime    Last Run
----------------------------  -----  ---------  --------  ----------  --------------  -------------------
/opt/airflow/dags/etl_dag.py    588  2.26s             2           0  3.53s           2025-01-29T11:11:53
================================================================================
[2025-01-29T11:12:56.425+0000] {manager.py:888} INFO - 
================================================================================
DAG File Processing Stats

File Path                     PID    Runtime      # DAGs    # Errors  Last Runtime    Last Run
----------------------------  -----  ---------  --------  ----------  --------------  -------------------
/opt/airflow/dags/etl_dag.py                           2           0  4.25s           2025-01-29T11:12:27
================================================================================
[2025-01-29T11:13:13.278+0000] {manager.py:760} INFO - Searching for files in /opt/airflow/dags
[2025-01-29T11:13:13.465+0000] {manager.py:763} INFO - There are 1 files in /opt/airflow/dags
[2025-01-29T11:13:26.875+0000] {manager.py:888} INFO - 
================================================================================
DAG File Processing Stats

File Path                     PID    Runtime      # DAGs    # Errors  Last Runtime    Last Run
----------------------------  -----  ---------  --------  ----------  --------------  -------------------
/opt/airflow/dags/etl_dag.py                           2           0  3.32s           2025-01-29T11:13:01
================================================================================
[2025-01-29T11:13:56.972+0000] {manager.py:888} INFO - 
================================================================================
DAG File Processing Stats

File Path                     PID    Runtime      # DAGs    # Errors  Last Runtime    Last Run
----------------------------  -----  ---------  --------  ----------  --------------  -------------------
/opt/airflow/dags/etl_dag.py                           2           0  2.68s           2025-01-29T11:13:34
================================================================================
[2025-01-29T11:14:27.202+0000] {manager.py:888} INFO - 
================================================================================
DAG File Processing Stats

File Path                     PID    Runtime      # DAGs    # Errors  Last Runtime    Last Run
----------------------------  -----  ---------  --------  ----------  --------------  -------------------
/opt/airflow/dags/etl_dag.py                           2           0  2.75s           2025-01-29T11:14:08
================================================================================
[2025-01-29T11:14:57.344+0000] {manager.py:888} INFO - 
================================================================================
DAG File Processing Stats

File Path                     PID    Runtime      # DAGs    # Errors  Last Runtime    Last Run
----------------------------  -----  ---------  --------  ----------  --------------  -------------------
/opt/airflow/dags/etl_dag.py                           2           0  3.60s           2025-01-29T11:14:42
================================================================================
[2025-01-29T11:15:28.158+0000] {manager.py:888} INFO - 
================================================================================
DAG File Processing Stats

File Path                     PID    Runtime      # DAGs    # Errors  Last Runtime    Last Run
----------------------------  -----  ---------  --------  ----------  --------------  -------------------
/opt/airflow/dags/etl_dag.py                           2           0  3.42s           2025-01-29T11:15:15
================================================================================
[2025-01-29T11:15:58.463+0000] {manager.py:888} INFO - 
================================================================================
DAG File Processing Stats

File Path                     PID    Runtime      # DAGs    # Errors  Last Runtime    Last Run
----------------------------  -----  ---------  --------  ----------  --------------  -------------------
/opt/airflow/dags/etl_dag.py                           2           0  2.43s           2025-01-29T11:15:49
================================================================================
[2025-01-29T11:16:28.715+0000] {manager.py:888} INFO - 
================================================================================
DAG File Processing Stats

File Path                     PID    Runtime      # DAGs    # Errors  Last Runtime    Last Run
----------------------------  -----  ---------  --------  ----------  --------------  -------------------
/opt/airflow/dags/etl_dag.py                           2           0  4.94s           2025-01-29T11:16:25
================================================================================
[2025-01-29T11:16:58.847+0000] {manager.py:888} INFO - 
================================================================================
DAG File Processing Stats

File Path                       PID  Runtime      # DAGs    # Errors  Last Runtime    Last Run
----------------------------  -----  ---------  --------  ----------  --------------  -------------------
/opt/airflow/dags/etl_dag.py    636  3.56s             2           0  4.94s           2025-01-29T11:16:25
================================================================================
[2025-01-29T11:17:29.265+0000] {manager.py:888} INFO - 
================================================================================
DAG File Processing Stats

File Path                     PID    Runtime      # DAGs    # Errors  Last Runtime    Last Run
----------------------------  -----  ---------  --------  ----------  --------------  -------------------
/opt/airflow/dags/etl_dag.py                           2           0  5.14s           2025-01-29T11:17:00
================================================================================
[2025-01-29T11:17:59.518+0000] {manager.py:888} INFO - 
================================================================================
DAG File Processing Stats

File Path                     PID    Runtime      # DAGs    # Errors  Last Runtime    Last Run
----------------------------  -----  ---------  --------  ----------  --------------  -------------------
/opt/airflow/dags/etl_dag.py                           2           0  2.41s           2025-01-29T11:17:33
================================================================================
[2025-01-29T11:18:13.752+0000] {manager.py:760} INFO - Searching for files in /opt/airflow/dags
[2025-01-29T11:18:13.851+0000] {manager.py:763} INFO - There are 1 files in /opt/airflow/dags
[2025-01-29T11:18:30.249+0000] {manager.py:888} INFO - 
================================================================================
DAG File Processing Stats

File Path                     PID    Runtime      # DAGs    # Errors  Last Runtime    Last Run
----------------------------  -----  ---------  --------  ----------  --------------  -------------------
/opt/airflow/dags/etl_dag.py                           2           0  2.86s           2025-01-29T11:18:07
================================================================================
[2025-01-29T11:19:01.171+0000] {manager.py:888} INFO - 
================================================================================
DAG File Processing Stats

File Path                     PID    Runtime      # DAGs    # Errors  Last Runtime    Last Run
----------------------------  -----  ---------  --------  ----------  --------------  -------------------
/opt/airflow/dags/etl_dag.py                           2           0  2.17s           2025-01-29T11:18:40
================================================================================
[2025-01-29T11:19:31.430+0000] {manager.py:888} INFO - 
================================================================================
DAG File Processing Stats

File Path                     PID    Runtime      # DAGs    # Errors  Last Runtime    Last Run
----------------------------  -----  ---------  --------  ----------  --------------  -------------------
/opt/airflow/dags/etl_dag.py                           2           0  2.60s           2025-01-29T11:19:14
================================================================================
[2025-01-29T11:20:02.163+0000] {manager.py:888} INFO - 
================================================================================
DAG File Processing Stats

File Path                     PID    Runtime      # DAGs    # Errors  Last Runtime    Last Run
----------------------------  -----  ---------  --------  ----------  --------------  -------------------
/opt/airflow/dags/etl_dag.py                           2           0  2.48s           2025-01-29T11:19:46
================================================================================
[2025-01-29T11:20:32.195+0000] {manager.py:888} INFO - 
================================================================================
DAG File Processing Stats

File Path                     PID    Runtime      # DAGs    # Errors  Last Runtime    Last Run
----------------------------  -----  ---------  --------  ----------  --------------  -------------------
/opt/airflow/dags/etl_dag.py                           2           0  2.70s           2025-01-29T11:20:20
================================================================================
[2025-01-29T11:21:02.451+0000] {manager.py:888} INFO - 
================================================================================
DAG File Processing Stats

File Path                     PID    Runtime      # DAGs    # Errors  Last Runtime    Last Run
----------------------------  -----  ---------  --------  ----------  --------------  -------------------
/opt/airflow/dags/etl_dag.py                           2           0  3.18s           2025-01-29T11:20:53
================================================================================
[2025-01-29T11:21:33.102+0000] {manager.py:888} INFO - 
================================================================================
DAG File Processing Stats

File Path                     PID    Runtime      # DAGs    # Errors  Last Runtime    Last Run
----------------------------  -----  ---------  --------  ----------  --------------  -------------------
/opt/airflow/dags/etl_dag.py                           2           0  7.07s           2025-01-29T11:21:31
================================================================================
[2025-01-29T11:36:45.327+0000] {manager.py:760} INFO - Searching for files in /opt/airflow/dags
[2025-01-29T11:36:45.558+0000] {manager.py:763} INFO - There are 1 files in /opt/airflow/dags
[2025-01-29T11:37:09.099+0000] {manager.py:888} INFO - 
================================================================================
DAG File Processing Stats

File Path                     PID    Runtime      # DAGs    # Errors  Last Runtime    Last Run
----------------------------  -----  ---------  --------  ----------  --------------  -------------------
/opt/airflow/dags/etl_dag.py                           2           0  7.62s           2025-01-29T11:36:53
================================================================================
[2025-01-29T11:37:39.213+0000] {manager.py:888} INFO - 
================================================================================
DAG File Processing Stats

File Path                     PID    Runtime      # DAGs    # Errors  Last Runtime    Last Run
----------------------------  -----  ---------  --------  ----------  --------------  -------------------
/opt/airflow/dags/etl_dag.py                           2           0  3.38s           2025-01-29T11:37:26
================================================================================
[2025-01-29T11:38:10.242+0000] {manager.py:888} INFO - 
================================================================================
DAG File Processing Stats

File Path                       PID  Runtime      # DAGs    # Errors  Last Runtime    Last Run
----------------------------  -----  ---------  --------  ----------  --------------  -------------------
/opt/airflow/dags/etl_dag.py    704  12.10s            2           0  3.38s           2025-01-29T11:37:26
================================================================================
[2025-01-29T11:41:39.045+0000] {manager.py:888} INFO - 
================================================================================
DAG File Processing Stats

File Path                       PID  Runtime      # DAGs    # Errors  Last Runtime    Last Run
----------------------------  -----  ---------  --------  ----------  --------------  -------------------
/opt/airflow/dags/etl_dag.py    712  0.26s             2           0  194.69s         2025-01-29T11:41:12
================================================================================
[2025-01-29T11:41:45.559+0000] {manager.py:760} INFO - Searching for files in /opt/airflow/dags
[2025-01-29T11:41:45.600+0000] {manager.py:763} INFO - There are 1 files in /opt/airflow/dags
[2025-01-29T11:42:09.891+0000] {manager.py:888} INFO - 
================================================================================
DAG File Processing Stats

File Path                     PID    Runtime      # DAGs    # Errors  Last Runtime    Last Run
----------------------------  -----  ---------  --------  ----------  --------------  -------------------
/opt/airflow/dags/etl_dag.py                           2           0  3.13s           2025-01-29T11:41:59
================================================================================
[2025-01-29T11:42:40.438+0000] {manager.py:888} INFO - 
================================================================================
DAG File Processing Stats

File Path                     PID    Runtime      # DAGs    # Errors  Last Runtime    Last Run
----------------------------  -----  ---------  --------  ----------  --------------  -------------------
/opt/airflow/dags/etl_dag.py                           2           0  6.37s           2025-01-29T11:42:36
================================================================================
[2025-01-29T11:43:11.162+0000] {manager.py:888} INFO - 
================================================================================
DAG File Processing Stats

File Path                     PID    Runtime      # DAGs    # Errors  Last Runtime    Last Run
----------------------------  -----  ---------  --------  ----------  --------------  -------------------
/opt/airflow/dags/etl_dag.py                           2           0  2.49s           2025-01-29T11:43:09
================================================================================
[2025-01-29T11:43:41.336+0000] {manager.py:888} INFO - 
================================================================================
DAG File Processing Stats

File Path                       PID  Runtime      # DAGs    # Errors  Last Runtime    Last Run
----------------------------  -----  ---------  --------  ----------  --------------  -------------------
/opt/airflow/dags/etl_dag.py    745  1.24s             2           0  2.49s           2025-01-29T11:43:09
================================================================================
[2025-01-29T11:44:11.770+0000] {manager.py:888} INFO - 
================================================================================
DAG File Processing Stats

File Path                     PID    Runtime      # DAGs    # Errors  Last Runtime    Last Run
----------------------------  -----  ---------  --------  ----------  --------------  -------------------
/opt/airflow/dags/etl_dag.py                           2           0  5.26s           2025-01-29T11:43:45
================================================================================
[2025-01-29T11:44:42.622+0000] {manager.py:888} INFO - 
================================================================================
DAG File Processing Stats

File Path                     PID    Runtime      # DAGs    # Errors  Last Runtime    Last Run
----------------------------  -----  ---------  --------  ----------  --------------  -------------------
/opt/airflow/dags/etl_dag.py                           2           0  12.69s          2025-01-29T11:44:29
================================================================================
[2025-01-29T11:45:13.390+0000] {manager.py:888} INFO - 
================================================================================
DAG File Processing Stats

File Path                     PID    Runtime      # DAGs    # Errors  Last Runtime    Last Run
----------------------------  -----  ---------  --------  ----------  --------------  -------------------
/opt/airflow/dags/etl_dag.py                           2           0  6.34s           2025-01-29T11:45:06
================================================================================
[2025-01-29T11:45:43.876+0000] {manager.py:888} INFO - 
================================================================================
DAG File Processing Stats

File Path                     PID    Runtime      # DAGs    # Errors  Last Runtime    Last Run
----------------------------  -----  ---------  --------  ----------  --------------  -------------------
/opt/airflow/dags/etl_dag.py                           2           0  3.73s           2025-01-29T11:45:40
================================================================================
[2025-01-29T11:46:14.053+0000] {manager.py:888} INFO - 
================================================================================
DAG File Processing Stats

File Path                       PID  Runtime      # DAGs    # Errors  Last Runtime    Last Run
----------------------------  -----  ---------  --------  ----------  --------------  -------------------
/opt/airflow/dags/etl_dag.py    775  3.47s             2           0  3.73s           2025-01-29T11:45:40
================================================================================
[2025-01-29T11:46:44.794+0000] {manager.py:888} INFO - 
================================================================================
DAG File Processing Stats

File Path                       PID  Runtime      # DAGs    # Errors  Last Runtime    Last Run
----------------------------  -----  ---------  --------  ----------  --------------  -------------------
/opt/airflow/dags/etl_dag.py    781  0.10s             2           0  3.85s           2025-01-29T11:46:14
================================================================================
[2025-01-29T11:46:45.955+0000] {manager.py:760} INFO - Searching for files in /opt/airflow/dags
[2025-01-29T11:46:46.494+0000] {manager.py:763} INFO - There are 1 files in /opt/airflow/dags
[2025-01-29T11:47:15.429+0000] {manager.py:888} INFO - 
================================================================================
DAG File Processing Stats

File Path                     PID    Runtime      # DAGs    # Errors  Last Runtime    Last Run
----------------------------  -----  ---------  --------  ----------  --------------  -------------------
/opt/airflow/dags/etl_dag.py                           2           0  4.27s           2025-01-29T11:46:48
================================================================================
[2025-01-29T11:47:45.701+0000] {manager.py:888} INFO - 
================================================================================
DAG File Processing Stats

File Path                     PID    Runtime      # DAGs    # Errors  Last Runtime    Last Run
----------------------------  -----  ---------  --------  ----------  --------------  -------------------
/opt/airflow/dags/etl_dag.py                           2           0  2.76s           2025-01-29T11:47:22
================================================================================
[2025-01-29T11:48:16.002+0000] {manager.py:888} INFO - 
================================================================================
DAG File Processing Stats

File Path                     PID    Runtime      # DAGs    # Errors  Last Runtime    Last Run
----------------------------  -----  ---------  --------  ----------  --------------  -------------------
/opt/airflow/dags/etl_dag.py                           2           0  4.17s           2025-01-29T11:47:57
================================================================================
[2025-01-29T11:48:46.444+0000] {manager.py:888} INFO - 
================================================================================
DAG File Processing Stats

File Path                     PID    Runtime      # DAGs    # Errors  Last Runtime    Last Run
----------------------------  -----  ---------  --------  ----------  --------------  -------------------
/opt/airflow/dags/etl_dag.py                           2           0  6.14s           2025-01-29T11:48:33
================================================================================
[2025-01-29T11:49:16.993+0000] {manager.py:888} INFO - 
================================================================================
DAG File Processing Stats

File Path                     PID    Runtime      # DAGs    # Errors  Last Runtime    Last Run
----------------------------  -----  ---------  --------  ----------  --------------  -------------------
/opt/airflow/dags/etl_dag.py                           2           0  3.34s           2025-01-29T11:49:07
================================================================================
