[2025-01-17T18:18:42.404+0000] {taskinstance.py:1159} INFO - Dependencies all met for dep_context=non-requeueable deps ti=<TaskInstance: etl_process_with_excel_report.export_report manual__2025-01-17T18:14:22.678923+00:00 [queued]>
[2025-01-17T18:18:42.419+0000] {taskinstance.py:1159} INFO - Dependencies all met for dep_context=requeueable deps ti=<TaskInstance: etl_process_with_excel_report.export_report manual__2025-01-17T18:14:22.678923+00:00 [queued]>
[2025-01-17T18:18:42.420+0000] {taskinstance.py:1361} INFO - Starting attempt 3 of 3
[2025-01-17T18:18:42.432+0000] {taskinstance.py:1382} INFO - Executing <Task(BashOperator): export_report> on 2025-01-17 18:14:22.678923+00:00
[2025-01-17T18:18:42.446+0000] {standard_task_runner.py:57} INFO - Started process 499 to run task
[2025-01-17T18:18:42.452+0000] {standard_task_runner.py:84} INFO - Running: ['***', 'tasks', 'run', 'etl_process_with_excel_report', 'export_report', 'manual__2025-01-17T18:14:22.678923+00:00', '--job-id', '87', '--raw', '--subdir', 'DAGS_FOLDER/db_to_xls.py', '--cfg-path', '/tmp/tmpdku_z3zu']
[2025-01-17T18:18:42.457+0000] {standard_task_runner.py:85} INFO - Job 87: Subtask export_report
[2025-01-17T18:18:42.694+0000] {task_command.py:415} INFO - Running <TaskInstance: etl_process_with_excel_report.export_report manual__2025-01-17T18:14:22.678923+00:00 [running]> on host b83a74940c8c
[2025-01-17T18:18:43.152+0000] {taskinstance.py:1660} INFO - Exporting env vars: AIRFLOW_CTX_DAG_OWNER='***' AIRFLOW_CTX_DAG_ID='etl_process_with_excel_report' AIRFLOW_CTX_TASK_ID='export_report' AIRFLOW_CTX_EXECUTION_DATE='2025-01-17T18:14:22.678923+00:00' AIRFLOW_CTX_TRY_NUMBER='3' AIRFLOW_CTX_DAG_RUN_ID='manual__2025-01-17T18:14:22.678923+00:00'
[2025-01-17T18:18:43.211+0000] {subprocess.py:63} INFO - Tmp dir root location: /tmp
[2025-01-17T18:18:43.215+0000] {subprocess.py:75} INFO - Running command: ['/bin/bash', '-c', 'docker cp sprout_etl_project-scheduler-1:/opt/***/data/report.xlsx ~//Users/abror/Documents/personal/test_assignment/sprout/sprout_etl_project/data/']
[2025-01-17T18:18:43.307+0000] {subprocess.py:86} INFO - Output:
[2025-01-17T18:18:43.455+0000] {subprocess.py:93} INFO - invalid output path: directory "/home/***/Users/abror/Documents/personal/test_assignment/sprout/sprout_etl_project" does not exist
[2025-01-17T18:18:43.459+0000] {subprocess.py:97} INFO - Command exited with return code 1
[2025-01-17T18:18:43.483+0000] {taskinstance.py:1943} ERROR - Task failed with exception
Traceback (most recent call last):
  File "/home/airflow/.local/lib/python3.9/site-packages/airflow/operators/bash.py", line 210, in execute
    raise AirflowException(
airflow.exceptions.AirflowException: Bash command failed. The command returned a non-zero exit code 1.
[2025-01-17T18:18:43.540+0000] {taskinstance.py:1400} INFO - Marking task as FAILED. dag_id=etl_process_with_excel_report, task_id=export_report, execution_date=20250117T181422, start_date=20250117T181842, end_date=20250117T181843
[2025-01-17T18:18:43.558+0000] {standard_task_runner.py:104} ERROR - Failed to execute job 87 for task export_report (Bash command failed. The command returned a non-zero exit code 1.; 499)
[2025-01-17T18:18:43.661+0000] {local_task_job_runner.py:228} INFO - Task exited with return code 1
[2025-01-17T18:18:43.742+0000] {taskinstance.py:2784} INFO - 0 downstream tasks scheduled from follow-on schedule check
