[2025-01-17T16:40:19.857+0000] {taskinstance.py:1159} INFO - Dependencies all met for dep_context=non-requeueable deps ti=<TaskInstance: etl_process_with_excel_report.load_data scheduled__2025-01-16T00:00:00+00:00 [queued]>
[2025-01-17T16:40:19.885+0000] {taskinstance.py:1159} INFO - Dependencies all met for dep_context=requeueable deps ti=<TaskInstance: etl_process_with_excel_report.load_data scheduled__2025-01-16T00:00:00+00:00 [queued]>
[2025-01-17T16:40:19.887+0000] {taskinstance.py:1361} INFO - Starting attempt 7 of 7
[2025-01-17T16:40:19.919+0000] {taskinstance.py:1382} INFO - Executing <Task(PythonOperator): load_data> on 2025-01-16 00:00:00+00:00
[2025-01-17T16:40:19.950+0000] {standard_task_runner.py:57} INFO - Started process 1402 to run task
[2025-01-17T16:40:19.962+0000] {standard_task_runner.py:84} INFO - Running: ['***', 'tasks', 'run', 'etl_process_with_excel_report', 'load_data', 'scheduled__2025-01-16T00:00:00+00:00', '--job-id', '46', '--raw', '--subdir', 'DAGS_FOLDER/db_to_xls.py', '--cfg-path', '/tmp/tmphj3w0z4g']
[2025-01-17T16:40:19.976+0000] {standard_task_runner.py:85} INFO - Job 46: Subtask load_data
[2025-01-17T16:40:20.479+0000] {task_command.py:415} INFO - Running <TaskInstance: etl_process_with_excel_report.load_data scheduled__2025-01-16T00:00:00+00:00 [running]> on host 4e4dfd1b49e6
[2025-01-17T16:40:20.879+0000] {taskinstance.py:1660} INFO - Exporting env vars: AIRFLOW_CTX_DAG_OWNER='***' AIRFLOW_CTX_DAG_ID='etl_process_with_excel_report' AIRFLOW_CTX_TASK_ID='load_data' AIRFLOW_CTX_EXECUTION_DATE='2025-01-16T00:00:00+00:00' AIRFLOW_CTX_TRY_NUMBER='7' AIRFLOW_CTX_DAG_RUN_ID='scheduled__2025-01-16T00:00:00+00:00'
[2025-01-17T16:40:21.235+0000] {base.py:73} INFO - Using connection ID 'local_***' for task execution.
[2025-01-17T16:40:21.357+0000] {sql.py:418} INFO - Running statement: 
        CREATE TABLE IF NOT EXISTS sprout.user_profiling (
            user_id INT,
            name TEXT,
            timestamp TIMESTAMP,
            membership_type TEXT,
            membership_purchase_status TEXT,
            mdr_percentage FLOAT,
            first_transaction TIMESTAMP,
            invoice_total_count INT,
            invoice_total_amount FLOAT
        );
        , parameters: None
[2025-01-17T16:40:21.458+0000] {base.py:73} INFO - Using connection ID 'local_***' for task execution.
[2025-01-17T16:40:21.559+0000] {sql.py:418} INFO - Running statement: 
        CREATE TABLE IF NOT EXISTS sprout.transaction_totals_per_type (
            timestamp TIMESTAMP,
            membership_type TEXT,
            invoice_total_count INT,
            invoice_total_amount FLOAT
        );
        , parameters: None
[2025-01-17T16:40:21.658+0000] {base.py:73} INFO - Using connection ID 'local_***' for task execution.
[2025-01-17T16:40:21.683+0000] {sql.py:418} INFO - Running statement: 
        CREATE TABLE IF NOT EXISTS sprout.daily_activity_report (
            timestamp TIMESTAMP,
            invoice_total_count INT,
            invoice_total_amount FLOAT
        );
        , parameters: None
[2025-01-17T16:40:21.805+0000] {base.py:73} INFO - Using connection ID 'local_***' for task execution.
[2025-01-17T16:40:21.886+0000] {sql.py:418} INFO - Running statement: 
        CREATE TABLE IF NOT EXISTS sprout.transactions_with_mdr (
            transaction_id INT,
            user_id int,
            transaction_amount float,
            timestamp TIMESTAMP,
            name TEXT,
            email TEXT,
            phone TEXT,
            membership_id FLOAT,
            membership_type TEXT,
            purchase_date DATE,
            expiry_date DATE,
            mdr_id FLOAT,
            mdr_percentage FLOAT,
            membership_purchase_status TEXT,
            effective_amount FLOAT
        );
        , parameters: None
[2025-01-17T16:40:22.130+0000] {base.py:73} INFO - Using connection ID 'local_***' for task execution.
[2025-01-17T16:40:27.278+0000] {sql.py:515} INFO - Done loading. Loaded a total of 28 rows into sprout.user_profiling
[2025-01-17T16:40:27.520+0000] {base.py:73} INFO - Using connection ID 'local_***' for task execution.
[2025-01-17T16:40:27.592+0000] {sql.py:515} INFO - Done loading. Loaded a total of 10 rows into sprout.transaction_totals_per_type
[2025-01-17T16:40:27.711+0000] {base.py:73} INFO - Using connection ID 'local_***' for task execution.
[2025-01-17T16:40:27.758+0000] {sql.py:515} INFO - Done loading. Loaded a total of 6 rows into sprout.daily_activity_report
[2025-01-17T16:40:27.852+0000] {base.py:73} INFO - Using connection ID 'local_***' for task execution.
[2025-01-17T16:40:27.896+0000] {db_to_xls.py:228} ERROR - Error during data loading: can't adapt type 'NAType'
[2025-01-17T16:40:27.900+0000] {taskinstance.py:1943} ERROR - Task failed with exception
Traceback (most recent call last):
  File "/home/airflow/.local/lib/python3.9/site-packages/airflow/operators/python.py", line 192, in execute
    return_value = self.execute_callable()
  File "/home/airflow/.local/lib/python3.9/site-packages/airflow/operators/python.py", line 209, in execute_callable
    return self.python_callable(*self.op_args, **self.op_kwargs)
  File "/opt/airflow/dags/db_to_xls.py", line 220, in load_data
    postgres_hook.insert_rows(
  File "/home/airflow/.local/lib/python3.9/site-packages/airflow/providers/common/sql/hooks/sql.py", line 509, in insert_rows
    cur.execute(sql, values)
psycopg2.ProgrammingError: can't adapt type 'NAType'
[2025-01-17T16:40:27.935+0000] {taskinstance.py:1400} INFO - Marking task as FAILED. dag_id=etl_process_with_excel_report, task_id=load_data, execution_date=20250116T000000, start_date=20250117T164019, end_date=20250117T164027
[2025-01-17T16:40:27.960+0000] {standard_task_runner.py:104} ERROR - Failed to execute job 46 for task load_data (can't adapt type 'NAType'; 1402)
[2025-01-17T16:40:28.090+0000] {local_task_job_runner.py:228} INFO - Task exited with return code 1
[2025-01-17T16:40:28.262+0000] {taskinstance.py:2784} INFO - 0 downstream tasks scheduled from follow-on schedule check
