[2025-01-17T16:26:53.770+0000] {taskinstance.py:1159} INFO - Dependencies all met for dep_context=non-requeueable deps ti=<TaskInstance: etl_process_with_excel_report.load_data scheduled__2025-01-16T00:00:00+00:00 [queued]>
[2025-01-17T16:26:53.857+0000] {taskinstance.py:1159} INFO - Dependencies all met for dep_context=requeueable deps ti=<TaskInstance: etl_process_with_excel_report.load_data scheduled__2025-01-16T00:00:00+00:00 [queued]>
[2025-01-17T16:26:53.861+0000] {taskinstance.py:1361} INFO - Starting attempt 3 of 3
[2025-01-17T16:26:53.942+0000] {taskinstance.py:1382} INFO - Executing <Task(PythonOperator): load_data> on 2025-01-16 00:00:00+00:00
[2025-01-17T16:26:54.096+0000] {standard_task_runner.py:57} INFO - Started process 1240 to run task
[2025-01-17T16:26:54.132+0000] {standard_task_runner.py:84} INFO - Running: ['***', 'tasks', 'run', 'etl_process_with_excel_report', 'load_data', 'scheduled__2025-01-16T00:00:00+00:00', '--job-id', '40', '--raw', '--subdir', 'DAGS_FOLDER/db_to_xls.py', '--cfg-path', '/tmp/tmpterddswe']
[2025-01-17T16:26:54.251+0000] {standard_task_runner.py:85} INFO - Job 40: Subtask load_data
[2025-01-17T16:26:54.655+0000] {task_command.py:415} INFO - Running <TaskInstance: etl_process_with_excel_report.load_data scheduled__2025-01-16T00:00:00+00:00 [running]> on host 4e4dfd1b49e6
[2025-01-17T16:26:55.065+0000] {taskinstance.py:1660} INFO - Exporting env vars: AIRFLOW_CTX_DAG_OWNER='***' AIRFLOW_CTX_DAG_ID='etl_process_with_excel_report' AIRFLOW_CTX_TASK_ID='load_data' AIRFLOW_CTX_EXECUTION_DATE='2025-01-16T00:00:00+00:00' AIRFLOW_CTX_TRY_NUMBER='3' AIRFLOW_CTX_DAG_RUN_ID='scheduled__2025-01-16T00:00:00+00:00'
[2025-01-17T16:26:55.583+0000] {base.py:73} INFO - Using connection ID 'local_***' for task execution.
[2025-01-17T16:26:55.722+0000] {sql.py:418} INFO - Running statement: 
        CREATE TABLE IF NOT EXISTS sprout.user_profiling (
            user_id INT,
            name TEXT,
            timestamp TIMESTAMP,
            membership_type TEXT,
            membership_purchase_status TEXT,
            mdr_percentage FLOAT,
            first_transaction TIMESTAMP,
            invoice_total_count INT,
            invoice_total_amount FLOAT
        );
        , parameters: None
[2025-01-17T16:26:55.787+0000] {base.py:73} INFO - Using connection ID 'local_***' for task execution.
[2025-01-17T16:26:55.872+0000] {sql.py:418} INFO - Running statement: 
        CREATE TABLE IF NOT EXISTS sprout.transaction_totals_per_type (
            timestamp TIMESTAMP,
            membership_type TEXT,
            invoice_total_count INT,
            invoice_total_amount FLOAT
        );
        , parameters: None
[2025-01-17T16:26:55.972+0000] {base.py:73} INFO - Using connection ID 'local_***' for task execution.
[2025-01-17T16:26:56.066+0000] {sql.py:418} INFO - Running statement: 
        CREATE TABLE IF NOT EXISTS sprout.daily_activity_report (
            timestamp TIMESTAMP,
            invoice_total_count INT,
            invoice_total_amount FLOAT
        );
        , parameters: None
[2025-01-17T16:26:56.188+0000] {base.py:73} INFO - Using connection ID 'local_***' for task execution.
[2025-01-17T16:26:56.231+0000] {sql.py:418} INFO - Running statement: 
        CREATE TABLE IF NOT EXISTS sprout.transactions_with_mdr (
            transaction_id INT,
            user_id int,
            transaction_amount float,
            timestamp TIMESTAMP,
            name TEXT,
            email TEXT,
            phone TEXT,
            membership_id FLOAT,
            membership_type TEXT,
            purchase_date DATE,
            expiry_date DATE,
            mdr_id FLOAT,
            mdr_percentage FLOAT,
            membership_purchase_status TEXT,
            effective_amount FLOAT
        );
        , parameters: None
[2025-01-17T16:26:56.644+0000] {base.py:73} INFO - Using connection ID 'local_***' for task execution.
[2025-01-17T16:26:56.833+0000] {sql.py:515} INFO - Done loading. Loaded a total of 28 rows into sprout.user_profiling
[2025-01-17T16:26:56.977+0000] {base.py:73} INFO - Using connection ID 'local_***' for task execution.
[2025-01-17T16:26:57.045+0000] {db_to_xls.py:227} ERROR - Error during data loading: column "total_invoice_count" of relation "transaction_totals_per_type" does not exist
LINE 1: ...tion_totals_per_type (timestamp, membership_type, total_invo...
                                                             ^

[2025-01-17T16:26:57.050+0000] {taskinstance.py:1943} ERROR - Task failed with exception
Traceback (most recent call last):
  File "/home/airflow/.local/lib/python3.9/site-packages/airflow/operators/python.py", line 192, in execute
    return_value = self.execute_callable()
  File "/home/airflow/.local/lib/python3.9/site-packages/airflow/operators/python.py", line 209, in execute_callable
    return self.python_callable(*self.op_args, **self.op_kwargs)
  File "/opt/airflow/dags/db_to_xls.py", line 205, in load_data
    postgres_hook.insert_rows(
  File "/home/airflow/.local/lib/python3.9/site-packages/airflow/providers/common/sql/hooks/sql.py", line 509, in insert_rows
    cur.execute(sql, values)
psycopg2.errors.UndefinedColumn: column "total_invoice_count" of relation "transaction_totals_per_type" does not exist
LINE 1: ...tion_totals_per_type (timestamp, membership_type, total_invo...
                                                             ^

[2025-01-17T16:26:57.196+0000] {taskinstance.py:1400} INFO - Marking task as FAILED. dag_id=etl_process_with_excel_report, task_id=load_data, execution_date=20250116T000000, start_date=20250117T162653, end_date=20250117T162657
[2025-01-17T16:26:57.326+0000] {standard_task_runner.py:104} ERROR - Failed to execute job 40 for task load_data (column "total_invoice_count" of relation "transaction_totals_per_type" does not exist
LINE 1: ...tion_totals_per_type (timestamp, membership_type, total_invo...
                                                             ^
; 1240)
[2025-01-17T16:26:57.646+0000] {local_task_job_runner.py:228} INFO - Task exited with return code 1
[2025-01-17T16:26:57.832+0000] {taskinstance.py:2784} INFO - 0 downstream tasks scheduled from follow-on schedule check
