[2025-01-17T17:58:25.966+0000] {taskinstance.py:1159} INFO - Dependencies all met for dep_context=non-requeueable deps ti=<TaskInstance: etl_process_with_excel_report.generate_excel_report manual__2025-01-17T17:24:34.119787+00:00 [queued]>
[2025-01-17T17:58:25.982+0000] {taskinstance.py:1159} INFO - Dependencies all met for dep_context=requeueable deps ti=<TaskInstance: etl_process_with_excel_report.generate_excel_report manual__2025-01-17T17:24:34.119787+00:00 [queued]>
[2025-01-17T17:58:25.983+0000] {taskinstance.py:1361} INFO - Starting attempt 3 of 3
[2025-01-17T17:58:25.992+0000] {taskinstance.py:1382} INFO - Executing <Task(PythonOperator): generate_excel_report> on 2025-01-17 17:24:34.119787+00:00
[2025-01-17T17:58:26.004+0000] {standard_task_runner.py:57} INFO - Started process 211 to run task
[2025-01-17T17:58:26.010+0000] {standard_task_runner.py:84} INFO - Running: ['***', 'tasks', 'run', 'etl_process_with_excel_report', 'generate_excel_report', 'manual__2025-01-17T17:24:34.119787+00:00', '--job-id', '80', '--raw', '--subdir', 'DAGS_FOLDER/db_to_xls.py', '--cfg-path', '/tmp/tmp4zlbgx17']
[2025-01-17T17:58:26.015+0000] {standard_task_runner.py:85} INFO - Job 80: Subtask generate_excel_report
[2025-01-17T17:58:26.164+0000] {task_command.py:415} INFO - Running <TaskInstance: etl_process_with_excel_report.generate_excel_report manual__2025-01-17T17:24:34.119787+00:00 [running]> on host b83a74940c8c
[2025-01-17T17:58:26.577+0000] {taskinstance.py:1660} INFO - Exporting env vars: AIRFLOW_CTX_DAG_OWNER='***' AIRFLOW_CTX_DAG_ID='etl_process_with_excel_report' AIRFLOW_CTX_TASK_ID='generate_excel_report' AIRFLOW_CTX_EXECUTION_DATE='2025-01-17T17:24:34.119787+00:00' AIRFLOW_CTX_TRY_NUMBER='3' AIRFLOW_CTX_DAG_RUN_ID='manual__2025-01-17T17:24:34.119787+00:00'
[2025-01-17T17:58:26.584+0000] {db_to_xls.py:303} INFO - Fetching data for user_profiling
[2025-01-17T17:58:26.660+0000] {base.py:73} INFO - Using connection ID 'local_***' for task execution.
[2025-01-17T17:58:26.811+0000] {logging_mixin.py:151} WARNING - /home/***/.local/lib/python3.9/site-packages/***/providers/common/sql/hooks/sql.py:219 UserWarning: pandas only supports SQLAlchemy connectable (engine/connection) or database string URI or sqlite3 DBAPI2 connection. Other DBAPI2 objects are not tested. Please consider using SQLAlchemy.
[2025-01-17T17:58:26.836+0000] {db_to_xls.py:305} INFO - Fetched 14 rows for user_profiling
[2025-01-17T17:58:26.874+0000] {db_to_xls.py:303} INFO - Fetching data for transaction_type
[2025-01-17T17:58:26.910+0000] {base.py:73} INFO - Using connection ID 'local_***' for task execution.
[2025-01-17T17:58:27.008+0000] {db_to_xls.py:305} INFO - Fetched 10 rows for transaction_type
[2025-01-17T17:58:27.010+0000] {db_to_xls.py:303} INFO - Fetching data for daily_activity_report
[2025-01-17T17:58:27.032+0000] {base.py:73} INFO - Using connection ID 'local_***' for task execution.
[2025-01-17T17:58:27.109+0000] {db_to_xls.py:305} INFO - Fetched 6 rows for daily_activity_report
[2025-01-17T17:58:27.111+0000] {db_to_xls.py:303} INFO - Fetching data for transactions_with_mdr
[2025-01-17T17:58:27.184+0000] {base.py:73} INFO - Using connection ID 'local_***' for task execution.
[2025-01-17T17:58:27.235+0000] {db_to_xls.py:305} INFO - Fetched 14 rows for transactions_with_mdr
[2025-01-17T17:58:27.433+0000] {db_to_xls.py:312} INFO - Written sheet user_profiling with 14 rows.
[2025-01-17T17:58:27.446+0000] {db_to_xls.py:312} INFO - Written sheet transaction_type with 10 rows.
[2025-01-17T17:58:27.449+0000] {db_to_xls.py:312} INFO - Written sheet daily_activity_report with 6 rows.
[2025-01-17T17:58:27.456+0000] {db_to_xls.py:312} INFO - Written sheet transactions_with_mdr with 14 rows.
[2025-01-17T17:58:27.505+0000] {db_to_xls.py:314} INFO - Excel report successfully generated at: ./data/report.xlsx
[2025-01-17T17:58:27.507+0000] {python.py:194} INFO - Done. Returned value was: None
[2025-01-17T17:58:27.585+0000] {taskinstance.py:1400} INFO - Marking task as SUCCESS. dag_id=etl_process_with_excel_report, task_id=generate_excel_report, execution_date=20250117T172434, start_date=20250117T175825, end_date=20250117T175827
[2025-01-17T17:58:27.772+0000] {local_task_job_runner.py:228} INFO - Task exited with return code 0
[2025-01-17T17:58:27.897+0000] {taskinstance.py:2784} INFO - 0 downstream tasks scheduled from follow-on schedule check
