[2025-01-29T10:36:50.471+0000] {taskinstance.py:1159} INFO - Dependencies all met for dep_context=non-requeueable deps ti=<TaskInstance: load_raw_data.load_csv_to_postgres scheduled__2025-01-28T00:00:00+00:00 [queued]>
[2025-01-29T10:36:50.509+0000] {taskinstance.py:1159} INFO - Dependencies all met for dep_context=requeueable deps ti=<TaskInstance: load_raw_data.load_csv_to_postgres scheduled__2025-01-28T00:00:00+00:00 [queued]>
[2025-01-29T10:36:50.511+0000] {taskinstance.py:1361} INFO - Starting attempt 4 of 4
[2025-01-29T10:36:50.668+0000] {taskinstance.py:1382} INFO - Executing <Task(PythonOperator): load_csv_to_postgres> on 2025-01-28 00:00:00+00:00
[2025-01-29T10:36:50.802+0000] {standard_task_runner.py:57} INFO - Started process 257 to run task
[2025-01-29T10:36:50.818+0000] {standard_task_runner.py:84} INFO - Running: ['***', 'tasks', 'run', 'load_raw_data', 'load_csv_to_postgres', 'scheduled__2025-01-28T00:00:00+00:00', '--job-id', '6', '--raw', '--subdir', 'DAGS_FOLDER/etl_dag.py', '--cfg-path', '/tmp/tmp6dvosk1x']
[2025-01-29T10:36:50.831+0000] {standard_task_runner.py:85} INFO - Job 6: Subtask load_csv_to_postgres
[2025-01-29T10:36:51.778+0000] {task_command.py:415} INFO - Running <TaskInstance: load_raw_data.load_csv_to_postgres scheduled__2025-01-28T00:00:00+00:00 [running]> on host 2a134e86b715
[2025-01-29T10:36:52.246+0000] {taskinstance.py:1660} INFO - Exporting env vars: AIRFLOW_CTX_DAG_OWNER='***' AIRFLOW_CTX_DAG_ID='load_raw_data' AIRFLOW_CTX_TASK_ID='load_csv_to_postgres' AIRFLOW_CTX_EXECUTION_DATE='2025-01-28T00:00:00+00:00' AIRFLOW_CTX_TRY_NUMBER='4' AIRFLOW_CTX_DAG_RUN_ID='scheduled__2025-01-28T00:00:00+00:00'
[2025-01-29T10:36:52.314+0000] {base.py:73} INFO - Using connection ID 'local_***' for task execution.
[2025-01-29T10:37:04.545+0000] {logging_mixin.py:151} INFO - Loaded customers successfully into schema raw_data
[2025-01-29T10:37:30.221+0000] {logging_mixin.py:151} INFO - Loaded orders successfully into schema raw_data
[2025-01-29T10:37:45.606+0000] {logging_mixin.py:151} INFO - Loaded order_items successfully into schema raw_data
[2025-01-29T10:37:59.734+0000] {logging_mixin.py:151} INFO - Loaded order_payments successfully into schema raw_data
[2025-01-29T10:38:05.517+0000] {logging_mixin.py:151} INFO - Loaded products successfully into schema raw_data
[2025-01-29T10:38:06.009+0000] {logging_mixin.py:151} INFO - Loaded sellers successfully into schema raw_data
[2025-01-29T10:43:26.153+0000] {logging_mixin.py:151} INFO - Loaded geolocation successfully into schema raw_data
[2025-01-29T10:43:27.116+0000] {logging_mixin.py:151} INFO - Loaded product_category_translation successfully into schema raw_data
[2025-01-29T10:43:27.121+0000] {python.py:194} INFO - Done. Returned value was: None
[2025-01-29T10:43:27.322+0000] {taskinstance.py:1400} INFO - Marking task as SUCCESS. dag_id=load_raw_data, task_id=load_csv_to_***, execution_date=20250128T000000, start_date=20250129T103650, end_date=20250129T104327
[2025-01-29T10:43:29.346+0000] {local_task_job_runner.py:228} INFO - Task exited with return code 0
[2025-01-29T10:43:29.683+0000] {taskinstance.py:2784} INFO - 0 downstream tasks scheduled from follow-on schedule check
